<?xml version="1.0" encoding="UTF-8"?>
<!-- Generated by org.testng.reporters.JUnitXMLReporter -->
<testsuite ignored="0" hostname="Admin-PC" failures="0" tests="3" name="AddNewCategory" time="37.853" errors="0" timestamp="2024-10-05T15:57:34 GMT+07:00">
  <testcase classname="huong.test.Test.CategoryInfomationTest" name="AddNewCategory_Success" time="12.984"/>
  <testcase classname="huong.test.Test.CategoryInfomationTest" name="EditCategory_Success" time="11.857"/>
  <testcase classname="huong.test.Test.CategoryInfomationTest" name="deleteCategory_success" time="8.401"/>
</testsuite> <!-- AddNewCategory -->
