[INFO] 24-09-2024 22:40:32 [TestNG-tests-1] Log - Search success
[INFO] 26-09-2024 21:26:16 [TestNG-tests-1] Log - Running test case AddNewBrand
[INFO] 26-09-2024 21:26:37 [TestNG-tests-1] Log - Test case AddNewBrand is passed.
[INFO] 26-09-2024 21:26:38 [TestNG-tests-1] Log - Running test case DeleteBrand
[INFO] 26-09-2024 21:26:55 [TestNG-tests-1] Log - Test case DeleteBrand is passed.
[INFO] 26-09-2024 21:26:57 [TestNG-tests-1] Log - Running test case Searchbrand_ExistingMultiple
[INFO] 26-09-2024 21:27:05 [TestNG-tests-1] Log - Search success
[INFO] 26-09-2024 21:27:05 [TestNG-tests-1] Log - Test case Searchbrand_ExistingMultiple is passed.
[INFO] 26-09-2024 21:27:06 [TestNG-tests-1] Log - Running test case Searchbrand_ExistingSingle
[INFO] 26-09-2024 21:27:22 [TestNG-tests-1] Log - Test case Searchbrand_ExistingSingle is passed.
[INFO] 26-09-2024 21:27:22 [TestNG-tests-1] Log - End testing Brand
[INFO] 27-09-2024 21:56:51 [TestNG-tests-1] Log - Running test case AddNewBrand
[INFO] 27-09-2024 21:57:09 [TestNG-tests-1] Log - Test case AddNewBrand is passed.
[INFO] 27-09-2024 21:57:11 [TestNG-tests-1] Log - Running test case DeleteBrand
[INFO] 27-09-2024 21:57:30 [TestNG-tests-1] Log - Test case DeleteBrand is passed.
[INFO] 27-09-2024 21:57:31 [TestNG-tests-1] Log - Running test case Searchbrand_ExistingMultiple
[INFO] 27-09-2024 21:57:40 [TestNG-tests-1] Log - Search success
[INFO] 27-09-2024 21:57:40 [TestNG-tests-1] Log - Test case Searchbrand_ExistingMultiple is passed.
[INFO] 27-09-2024 21:57:42 [TestNG-tests-1] Log - Running test case Searchbrand_ExistingSingle
[INFO] 27-09-2024 21:57:59 [TestNG-tests-1] Log - Test case Searchbrand_ExistingSingle is passed.
[INFO] 27-09-2024 21:57:59 [TestNG-tests-1] Log - End testing Brand
[INFO] 27-09-2024 22:13:20 [TestNG-tests-1] Log - Running test case AddNewBrand
[INFO] 27-09-2024 22:13:23 [TestNG-tests-1] Log - Click element:By.xpath: //span[normalize-space()='Products']
[INFO] 27-09-2024 22:13:23 [TestNG-tests-1] Log - Click element:By.xpath: //span[normalize-space()='Brand']
[INFO] 27-09-2024 22:13:24 [TestNG-tests-1] Log - Send text CocaCola to element By.xpath: //label[normalize-space()='Name']/following-sibling::input
[INFO] 27-09-2024 22:13:24 [TestNG-tests-1] Log - Click element:By.xpath: //div[@class='form-control file-amount']
[INFO] 27-09-2024 22:13:24 [TestNG-tests-1] Log - Send text car to element By.xpath: //input[@placeholder='Search your files']
[INFO] 27-09-2024 22:13:25 [TestNG-tests-1] Log - Sleeping within 1 seconds to waiting
[INFO] 27-09-2024 22:13:25 [TestNG-tests-1] Log - Click element:By.xpath: //div[@class='aiz-file-box-wrap'][1]
[INFO] 27-09-2024 22:13:25 [TestNG-tests-1] Log - Click element:By.xpath: //button[text()='Add Files']
[INFO] 27-09-2024 22:13:25 [TestNG-tests-1] Log - Send text Ti√™u ƒë·ªÅ t√™n h√£ng 001 to element By.xpath: //label[normalize-space()='Meta Title']/following-sibling::input
[INFO] 27-09-2024 22:13:25 [TestNG-tests-1] Log - Send text M√¥ t·∫£ ti√™u ƒë·ªÅ t√™n h√£ng 001 to element By.xpath: //textarea[@name='meta_description']
[INFO] 27-09-2024 22:13:26 [TestNG-tests-1] Log - Click element:By.xpath: //button[normalize-space()='Save']
[INFO] 27-09-2024 22:13:26 [TestNG-tests-1] Log - Send text CocaCola to element By.xpath: //input[@id='search']
[INFO] 27-09-2024 22:13:27 [TestNG-tests-1] Log - Sleeping within 1 seconds to waiting
[INFO] 27-09-2024 22:13:38 [TestNG-tests-1] Log - Test case AddNewBrand is passed.
[INFO] 27-09-2024 22:13:39 [TestNG-tests-1] Log - Running test case DeleteBrand
[INFO] 27-09-2024 22:13:42 [TestNG-tests-1] Log - Click element:By.xpath: //span[normalize-space()='Products']
[INFO] 27-09-2024 22:13:42 [TestNG-tests-1] Log - Click element:By.xpath: //span[normalize-space()='Brand']
[INFO] 27-09-2024 22:13:43 [TestNG-tests-1] Log - Send text CocaCola to element By.xpath: //input[@id='search']
[INFO] 27-09-2024 22:13:44 [TestNG-tests-1] Log - Sleeping within 1 seconds to waiting
[INFO] 27-09-2024 22:13:44 [TestNG-tests-1] Log - Click element://td[normalize-space()='CocaCola']/following-sibling::td//a[@title='Delete']
[INFO] 27-09-2024 22:13:45 [TestNG-tests-1] Log - Click element:By.xpath: //a[@id='delete-link']
[INFO] 27-09-2024 22:13:45 [TestNG-tests-1] Log - Send text CocaCola to element By.xpath: //input[@id='search']
[INFO] 27-09-2024 22:13:47 [TestNG-tests-1] Log - Sleeping within 1 seconds to waiting
[INFO] 27-09-2024 22:13:57 [TestNG-tests-1] Log - Test case DeleteBrand is passed.
[INFO] 27-09-2024 22:13:58 [TestNG-tests-1] Log - Running test case Searchbrand_ExistingMultiple
[INFO] 27-09-2024 22:14:01 [TestNG-tests-1] Log - Click element:By.xpath: //span[normalize-space()='Products']
[INFO] 27-09-2024 22:14:02 [TestNG-tests-1] Log - Click element:By.xpath: //span[normalize-space()='Brand']
[INFO] 27-09-2024 22:14:02 [TestNG-tests-1] Log - Send text Brand to element By.xpath: //input[@id='search']
[INFO] 27-09-2024 22:14:03 [TestNG-tests-1] Log - Sleeping within 1 seconds to waiting
[INFO] 27-09-2024 22:14:04 [TestNG-tests-1] Log - Click element://a[@rel='next']/parent::li
[INFO] 27-09-2024 22:14:05 [TestNG-tests-1] Log - Sleeping within 1 seconds to waiting
[INFO] 27-09-2024 22:14:06 [TestNG-tests-1] Log - Click element://a[@rel='next']/parent::li
[INFO] 27-09-2024 22:14:07 [TestNG-tests-1] Log - Sleeping within 1 seconds to waiting
[INFO] 27-09-2024 22:14:07 [TestNG-tests-1] Log - Search success
[INFO] 27-09-2024 22:14:07 [TestNG-tests-1] Log - Test case Searchbrand_ExistingMultiple is passed.
[INFO] 27-09-2024 22:14:08 [TestNG-tests-1] Log - Running test case Searchbrand_ExistingSingle
[INFO] 27-09-2024 22:14:11 [TestNG-tests-1] Log - Click element:By.xpath: //span[normalize-space()='Products']
[INFO] 27-09-2024 22:14:12 [TestNG-tests-1] Log - Click element:By.xpath: //span[normalize-space()='Brand']
[INFO] 27-09-2024 22:14:12 [TestNG-tests-1] Log - Send text Brand nh√† tui to element By.xpath: //input[@id='search']
[INFO] 27-09-2024 22:14:13 [TestNG-tests-1] Log - Sleeping within 1 seconds to waiting
[INFO] 27-09-2024 22:14:23 [TestNG-tests-1] Log - Test case Searchbrand_ExistingSingle is passed.
[INFO] 27-09-2024 22:14:24 [TestNG-tests-1] Log - End testing Brand
[INFO] 27-09-2024 22:15:27 [TestNG-tests-1] Log - #########################################
[INFO] 27-09-2024 22:15:28 [TestNG-tests-1] Log - Running test case AddNewBrand
[INFO] 27-09-2024 22:15:32 [TestNG-tests-1] Log - Click element:By.xpath: //span[normalize-space()='Products']
[INFO] 27-09-2024 22:15:33 [TestNG-tests-1] Log - Click element:By.xpath: //span[normalize-space()='Brand']
[INFO] 27-09-2024 22:15:33 [TestNG-tests-1] Log - Send text CocaCola to element By.xpath: //label[normalize-space()='Name']/following-sibling::input
[INFO] 27-09-2024 22:15:33 [TestNG-tests-1] Log - Click element:By.xpath: //div[@class='form-control file-amount']
[INFO] 27-09-2024 22:15:34 [TestNG-tests-1] Log - Send text car to element By.xpath: //input[@placeholder='Search your files']
[INFO] 27-09-2024 22:15:35 [TestNG-tests-1] Log - Sleeping within 1 seconds to waiting
[INFO] 27-09-2024 22:15:35 [TestNG-tests-1] Log - Click element:By.xpath: //div[@class='aiz-file-box-wrap'][1]
[INFO] 27-09-2024 22:15:35 [TestNG-tests-1] Log - Click element:By.xpath: //button[text()='Add Files']
[INFO] 27-09-2024 22:15:35 [TestNG-tests-1] Log - Send text Ti√™u ƒë·ªÅ t√™n h√£ng 001 to element By.xpath: //label[normalize-space()='Meta Title']/following-sibling::input
[INFO] 27-09-2024 22:15:35 [TestNG-tests-1] Log - Send text M√¥ t·∫£ ti√™u ƒë·ªÅ t√™n h√£ng 001 to element By.xpath: //textarea[@name='meta_description']
[INFO] 27-09-2024 22:15:36 [TestNG-tests-1] Log - Click element:By.xpath: //button[normalize-space()='Save']
[INFO] 27-09-2024 22:15:36 [TestNG-tests-1] Log - Send text CocaCola to element By.xpath: //input[@id='search']
[INFO] 27-09-2024 22:15:37 [TestNG-tests-1] Log - Sleeping within 1 seconds to waiting
[INFO] 27-09-2024 22:15:48 [TestNG-tests-1] Log - Test case AddNewBrand is passed.
[INFO] 27-09-2024 22:15:49 [TestNG-tests-1] Log - Running test case DeleteBrand
[INFO] 27-09-2024 22:15:52 [TestNG-tests-1] Log - Click element:By.xpath: //span[normalize-space()='Products']
[INFO] 27-09-2024 22:15:53 [TestNG-tests-1] Log - Click element:By.xpath: //span[normalize-space()='Brand']
[INFO] 27-09-2024 22:15:53 [TestNG-tests-1] Log - Send text CocaCola to element By.xpath: //input[@id='search']
[INFO] 27-09-2024 22:15:55 [TestNG-tests-1] Log - Sleeping within 1 seconds to waiting
[INFO] 27-09-2024 22:15:55 [TestNG-tests-1] Log - Click element://td[normalize-space()='CocaCola']/following-sibling::td//a[@title='Delete']
[INFO] 27-09-2024 22:15:56 [TestNG-tests-1] Log - Click element:By.xpath: //a[@id='delete-link']
[INFO] 27-09-2024 22:15:56 [TestNG-tests-1] Log - Send text CocaCola to element By.xpath: //input[@id='search']
[INFO] 27-09-2024 22:15:57 [TestNG-tests-1] Log - Sleeping within 1 seconds to waiting
[INFO] 27-09-2024 22:16:07 [TestNG-tests-1] Log - Test case DeleteBrand is passed.
[INFO] 27-09-2024 22:16:09 [TestNG-tests-1] Log - Running test case Searchbrand_ExistingMultiple
[INFO] 27-09-2024 22:16:12 [TestNG-tests-1] Log - Click element:By.xpath: //span[normalize-space()='Products']
[INFO] 27-09-2024 22:16:14 [TestNG-tests-1] Log - Click element:By.xpath: //span[normalize-space()='Brand']
[INFO] 27-09-2024 22:16:14 [TestNG-tests-1] Log - Send text Brand to element By.xpath: //input[@id='search']
[INFO] 27-09-2024 22:16:15 [TestNG-tests-1] Log - Sleeping within 1 seconds to waiting
[INFO] 27-09-2024 22:16:16 [TestNG-tests-1] Log - Click element://a[@rel='next']/parent::li
[INFO] 27-09-2024 22:16:17 [TestNG-tests-1] Log - Sleeping within 1 seconds to waiting
[INFO] 27-09-2024 22:16:18 [TestNG-tests-1] Log - Click element://a[@rel='next']/parent::li
[INFO] 27-09-2024 22:16:19 [TestNG-tests-1] Log - Sleeping within 1 seconds to waiting
[INFO] 27-09-2024 22:16:19 [TestNG-tests-1] Log - Search success
[INFO] 27-09-2024 22:16:19 [TestNG-tests-1] Log - Test case Searchbrand_ExistingMultiple is passed.
[INFO] 27-09-2024 22:16:20 [TestNG-tests-1] Log - Running test case Searchbrand_ExistingSingle
[INFO] 27-09-2024 22:16:24 [TestNG-tests-1] Log - Click element:By.xpath: //span[normalize-space()='Products']
[INFO] 27-09-2024 22:16:25 [TestNG-tests-1] Log - Click element:By.xpath: //span[normalize-space()='Brand']
[INFO] 27-09-2024 22:16:25 [TestNG-tests-1] Log - Send text Brand nh√† tui to element By.xpath: //input[@id='search']
[INFO] 27-09-2024 22:16:26 [TestNG-tests-1] Log - Sleeping within 1 seconds to waiting
[INFO] 27-09-2024 22:16:36 [TestNG-tests-1] Log - Test case Searchbrand_ExistingSingle is passed.
[INFO] 27-09-2024 22:16:36 [TestNG-tests-1] Log - End testing Brand
[INFO] 27-09-2024 22:22:00 [TestNG-tests-1] Log - #########################################
[INFO] 27-09-2024 22:22:02 [TestNG-tests-1] Log - #########################################
[INFO] 27-09-2024 22:22:02 [TestNG-tests-1] Log - Running test case AddNewBrand
[INFO] 27-09-2024 22:22:05 [TestNG-tests-1] Log - Click element:By.xpath: //span[normalize-space()='Products']
[INFO] 27-09-2024 22:22:06 [TestNG-tests-1] Log - Click element:By.xpath: //span[normalize-space()='Brand']
[INFO] 27-09-2024 22:22:06 [TestNG-tests-1] Log - Send text CocaCola to element By.xpath: //label[normalize-space()='Name']/following-sibling::input
[INFO] 27-09-2024 22:22:06 [TestNG-tests-1] Log - Click element:By.xpath: //div[@class='form-control file-amount']
[INFO] 27-09-2024 22:22:07 [TestNG-tests-1] Log - Send text car to element By.xpath: //input[@placeholder='Search your files']
[INFO] 27-09-2024 22:22:08 [TestNG-tests-1] Log - Sleeping within 1 seconds to waiting
[INFO] 27-09-2024 22:22:08 [TestNG-tests-1] Log - Click element:By.xpath: //div[@class='aiz-file-box-wrap'][1]
[INFO] 27-09-2024 22:22:08 [TestNG-tests-1] Log - Click element:By.xpath: //button[text()='Add Files']
[INFO] 27-09-2024 22:22:08 [TestNG-tests-1] Log - Send text Ti√™u ƒë·ªÅ t√™n h√£ng 001 to element By.xpath: //label[normalize-space()='Meta Title']/following-sibling::input
[INFO] 27-09-2024 22:22:08 [TestNG-tests-1] Log - Send text M√¥ t·∫£ ti√™u ƒë·ªÅ t√™n h√£ng 001 to element By.xpath: //textarea[@name='meta_description']
[INFO] 27-09-2024 22:22:09 [TestNG-tests-1] Log - Click element:By.xpath: //button[normalize-space()='Save']
[INFO] 27-09-2024 22:22:09 [TestNG-tests-1] Log - Send text CocaCola to element By.xpath: //input[@id='search']
[INFO] 27-09-2024 22:22:10 [TestNG-tests-1] Log - Sleeping within 1 seconds to waiting
[INFO] 27-09-2024 22:22:21 [TestNG-tests-1] Log - Test case AddNewBrand is passed.
[INFO] 27-09-2024 22:22:22 [TestNG-tests-1] Log - #########################################
[INFO] 27-09-2024 22:22:22 [TestNG-tests-1] Log - Running test case DeleteBrand
[INFO] 27-09-2024 22:22:25 [TestNG-tests-1] Log - Click element:By.xpath: //span[normalize-space()='Products']
[INFO] 27-09-2024 22:22:26 [TestNG-tests-1] Log - Click element:By.xpath: //span[normalize-space()='Brand']
[INFO] 27-09-2024 22:22:26 [TestNG-tests-1] Log - Send text CocaCola to element By.xpath: //input[@id='search']
[INFO] 27-09-2024 22:22:28 [TestNG-tests-1] Log - Sleeping within 1 seconds to waiting
[INFO] 27-09-2024 22:22:28 [TestNG-tests-1] Log - Click element://td[normalize-space()='CocaCola']/following-sibling::td//a[@title='Delete']
[INFO] 27-09-2024 22:22:29 [TestNG-tests-1] Log - Click element:By.xpath: //a[@id='delete-link']
[INFO] 27-09-2024 22:22:29 [TestNG-tests-1] Log - Send text CocaCola to element By.xpath: //input[@id='search']
[INFO] 27-09-2024 22:22:30 [TestNG-tests-1] Log - Sleeping within 1 seconds to waiting
[INFO] 27-09-2024 22:22:40 [TestNG-tests-1] Log - Test case DeleteBrand is passed.
[INFO] 27-09-2024 22:22:42 [TestNG-tests-1] Log - #########################################
[INFO] 27-09-2024 22:22:42 [TestNG-tests-1] Log - Running test case Searchbrand_ExistingMultiple
[INFO] 27-09-2024 22:22:44 [TestNG-tests-1] Log - Click element:By.xpath: //span[normalize-space()='Products']
[INFO] 27-09-2024 22:22:45 [TestNG-tests-1] Log - Click element:By.xpath: //span[normalize-space()='Brand']
[INFO] 27-09-2024 22:22:45 [TestNG-tests-1] Log - Send text Brand to element By.xpath: //input[@id='search']
[INFO] 27-09-2024 22:22:46 [TestNG-tests-1] Log - Sleeping within 1 seconds to waiting
[INFO] 27-09-2024 22:22:47 [TestNG-tests-1] Log - Click element://a[@rel='next']/parent::li
[INFO] 27-09-2024 22:22:48 [TestNG-tests-1] Log - Sleeping within 1 seconds to waiting
[INFO] 27-09-2024 22:22:49 [TestNG-tests-1] Log - Click element://a[@rel='next']/parent::li
[INFO] 27-09-2024 22:22:50 [TestNG-tests-1] Log - Sleeping within 1 seconds to waiting
[INFO] 27-09-2024 22:22:50 [TestNG-tests-1] Log - Search success
[INFO] 27-09-2024 22:22:50 [TestNG-tests-1] Log - Test case Searchbrand_ExistingMultiple is passed.
[INFO] 27-09-2024 22:22:51 [TestNG-tests-1] Log - #########################################
[INFO] 27-09-2024 22:22:51 [TestNG-tests-1] Log - Running test case Searchbrand_ExistingSingle
[INFO] 27-09-2024 22:22:54 [TestNG-tests-1] Log - Click element:By.xpath: //span[normalize-space()='Products']
[INFO] 27-09-2024 22:22:55 [TestNG-tests-1] Log - Click element:By.xpath: //span[normalize-space()='Brand']
[INFO] 27-09-2024 22:22:55 [TestNG-tests-1] Log - Send text Brand nh√† tui to element By.xpath: //input[@id='search']
[INFO] 27-09-2024 22:22:57 [TestNG-tests-1] Log - Sleeping within 1 seconds to waiting
[INFO] 27-09-2024 22:23:07 [TestNG-tests-1] Log - Test case Searchbrand_ExistingSingle is passed.
[INFO] 27-09-2024 22:23:07 [TestNG-tests-1] Log - End testing Brand
[INFO] 27-09-2024 22:57:51 [main] Log - #########################################
[INFO] 27-09-2024 22:57:53 [main] Log - #########################################
[INFO] 27-09-2024 22:57:53 [main] Log - Running test case AddNewProduct_Success_WithColors
[INFO] 27-09-2024 22:57:55 [main] Log - Click element:By.xpath: //span[normalize-space()='Products']
[INFO] 27-09-2024 22:57:57 [main] Log - Click element:By.xpath: //span[normalize-space()='Add New Product']
[INFO] 27-09-2024 22:57:57 [main] Log - Send text B·nh t·o ˙c nh?p kh?u to element By.xpath: //label[contains(text(),'Product Name')]/following-sibling::div/input
[INFO] 27-09-2024 22:57:57 [main] Log - Click element:By.xpath: //label[contains(text(),'Category')]/following-sibling::div//button
[INFO] 27-09-2024 22:57:57 [main] Log - Send text Gi? b·nh k?o to element By.xpath: //label[contains(text(),'Category')]/following-sibling::div//input
[INFO] 27-09-2024 22:57:57 [main] Log - Select value Gi? b·nh k?o from dropdown By.xpath: //label[contains(text(),'Category')]/following-sibling::div//button
[INFO] 27-09-2024 22:57:57 [main] Log - Click element:By.xpath: //label[contains(text(),'Brand')]/following-sibling::div//button
[INFO] 27-09-2024 22:57:57 [main] Log - Send text san pham to element By.xpath: //label[contains(text(),'Brand')]/following-sibling::div//input
[INFO] 27-09-2024 22:57:57 [main] Log - Select value san pham from dropdown By.xpath: //label[contains(text(),'Brand')]/following-sibling::div//button
[INFO] 27-09-2024 22:57:57 [main] Log - Send text H?p to element By.xpath: //label[contains(text(),'Unit')]/following-sibling::div/input
[INFO] 27-09-2024 22:57:57 [main] Log - Send text 10 to element By.xpath: //label[contains(text(),'Weight')]/following-sibling::div/input
[INFO] 27-09-2024 22:57:57 [main] Log - Send text 100 to element By.xpath: //label[contains(text(),'Minimum Purchase Qty')]/following-sibling::div/input
[INFO] 27-09-2024 22:57:59 [main] Log - Sleeping within 2 seconds to waiting
[INFO] 27-09-2024 22:57:59 [main] Log - Scroll screen to element: By.xpath: //span[@role='textbox']
[INFO] 27-09-2024 22:58:00 [main] Log - Send text B·nh t·o to element By.xpath: //span[@role='textbox']
[INFO] 27-09-2024 22:58:00 [main] Log - Send text B·nh nh?p kh?u to element By.xpath: //span[@role='textbox']
[INFO] 27-09-2024 22:58:00 [main] Log - Send text ⁄c to element By.xpath: //span[@role='textbox']
[INFO] 27-09-2024 22:58:00 [main] Log - Scroll screen to element: By.xpath: //h5[normalize-space()='Product Variation']
[INFO] 27-09-2024 22:58:00 [main] Log - Click element:By.xpath: //input[@name='colors_active']/following-sibling::span
[INFO] 27-09-2024 22:58:00 [main] Log - Click element://select[@id='colors']/following-sibling::button
[INFO] 27-09-2024 22:58:00 [main] Log - Send text Yellow to element //select[@id='colors']/following-sibling::div//input
[INFO] 27-09-2024 22:58:00 [main] Log - Click element://select[@id='colors']/following-sibling::div//span[text()='Yellow']
[INFO] 27-09-2024 22:58:00 [main] Log - Send text Blue to element //select[@id='colors']/following-sibling::div//input
[INFO] 27-09-2024 22:58:00 [main] Log - Click element://select[@id='colors']/following-sibling::div//span[text()='Blue']
[INFO] 27-09-2024 22:58:01 [main] Log - Send text Red to element //select[@id='colors']/following-sibling::div//input
[INFO] 27-09-2024 22:58:01 [main] Log - Click element://select[@id='colors']/following-sibling::div//span[text()='Red']
[INFO] 27-09-2024 22:58:01 [main] Log - Click element://select[@id='colors']/following-sibling::button
[INFO] 27-09-2024 22:58:01 [main] Log - Select value [Yellow, Blue, Red] from dropdown //select[@id='colors']
[INFO] 27-09-2024 22:58:01 [main] Log - Scroll screen to element: By.xpath: //h5[normalize-space()='Product price + stock']
[INFO] 27-09-2024 22:58:01 [main] Log - Send text 89000000 to element By.xpath: //label[contains(text(),'Unit price')]/following-sibling::div/input
[INFO] 27-09-2024 22:58:01 [main] Log - Send text 10 to element By.xpath: //h5[normalize-space()='Product price + stock']/following::input[@name='discount']
[INFO] 27-09-2024 22:58:01 [main] Log - Scroll screen to element: By.xpath: //button[normalize-space()='Save & Unpublish']
[INFO] 27-09-2024 22:58:02 [main] Log - Click element:By.xpath: //button[normalize-space()='Save & Unpublish']
[INFO] 27-09-2024 22:58:02 [main] Log - Test case AddNewProduct_Success_WithColors is passed.
[ERROR] 27-09-2024 22:58:02 [main] Log - Test case AddNewBrand is failed.
[ERROR] 27-09-2024 22:58:02 [main] Log - org.testng.TestNGException: 
Parameter 'brandsName' is required by @Test on method AddNewBrand but has not been marked @Optional or defined

[INFO] 27-09-2024 22:58:02 [main] Log - End testing Surefire test
[INFO] 27-09-2024 23:07:25 [TestNG-tests-1] Log - #########################################
[INFO] 27-09-2024 23:07:27 [TestNG-tests-1] Log - #########################################
[INFO] 27-09-2024 23:07:27 [TestNG-tests-1] Log - Running test case AddNewBrand
[INFO] 27-09-2024 23:07:32 [TestNG-tests-1] Log - Click element:By.xpath: //span[normalize-space()='Products']
[INFO] 27-09-2024 23:07:33 [TestNG-tests-1] Log - Click element:By.xpath: //span[normalize-space()='Brand']
[INFO] 27-09-2024 23:07:33 [TestNG-tests-1] Log - Send text CocaCola to element By.xpath: //label[normalize-space()='Name']/following-sibling::input
[INFO] 27-09-2024 23:07:33 [TestNG-tests-1] Log - Click element:By.xpath: //div[@class='form-control file-amount']
[INFO] 27-09-2024 23:07:34 [TestNG-tests-1] Log - Send text car to element By.xpath: //input[@placeholder='Search your files']
[INFO] 27-09-2024 23:07:35 [TestNG-tests-1] Log - Sleeping within 1 seconds to waiting
[INFO] 27-09-2024 23:07:35 [TestNG-tests-1] Log - Click element:By.xpath: //div[@class='aiz-file-box-wrap'][1]
[INFO] 27-09-2024 23:07:35 [TestNG-tests-1] Log - Click element:By.xpath: //button[text()='Add Files']
[INFO] 27-09-2024 23:07:35 [TestNG-tests-1] Log - Send text Ti√™u ƒë·ªÅ t√™n h√£ng 001 to element By.xpath: //label[normalize-space()='Meta Title']/following-sibling::input
[INFO] 27-09-2024 23:07:35 [TestNG-tests-1] Log - Send text M√¥ t·∫£ ti√™u ƒë·ªÅ t√™n h√£ng 001 to element By.xpath: //textarea[@name='meta_description']
[INFO] 27-09-2024 23:07:36 [TestNG-tests-1] Log - Click element:By.xpath: //button[normalize-space()='Save']
[INFO] 27-09-2024 23:07:36 [TestNG-tests-1] Log - Verify success that message: Brand has been inserted successfully is displayed
[INFO] 27-09-2024 23:07:36 [TestNG-tests-1] Log - Send text CocaCola to element By.xpath: //input[@id='search']
[INFO] 27-09-2024 23:07:38 [TestNG-tests-1] Log - Sleeping within 1 seconds to waiting
[INFO] 27-09-2024 23:07:48 [TestNG-tests-1] Log - Test case AddNewBrand is passed.
[INFO] 27-09-2024 23:07:49 [TestNG-tests-1] Log - #########################################
[INFO] 27-09-2024 23:07:49 [TestNG-tests-1] Log - Running test case DeleteBrand
[INFO] 27-09-2024 23:07:52 [TestNG-tests-1] Log - Click element:By.xpath: //span[normalize-space()='Products']
[INFO] 27-09-2024 23:07:53 [TestNG-tests-1] Log - Click element:By.xpath: //span[normalize-space()='Brand']
[INFO] 27-09-2024 23:07:53 [TestNG-tests-1] Log - Send text CocaCola to element By.xpath: //input[@id='search']
[INFO] 27-09-2024 23:07:55 [TestNG-tests-1] Log - Sleeping within 1 seconds to waiting
[INFO] 27-09-2024 23:07:55 [TestNG-tests-1] Log - Click element://td[normalize-space()='CocaCola']/following-sibling::td//a[@title='Delete']
[INFO] 27-09-2024 23:07:56 [TestNG-tests-1] Log - Click element:By.xpath: //a[@id='delete-link']
[INFO] 27-09-2024 23:07:56 [TestNG-tests-1] Log - Verify success that message: Brand has been deleted successfully is displayed
[INFO] 27-09-2024 23:07:56 [TestNG-tests-1] Log - Send text CocaCola to element By.xpath: //input[@id='search']
[INFO] 27-09-2024 23:07:57 [TestNG-tests-1] Log - Sleeping within 1 seconds to waiting
[INFO] 27-09-2024 23:08:08 [TestNG-tests-1] Log - Test case DeleteBrand is passed.
[INFO] 27-09-2024 23:08:09 [TestNG-tests-1] Log - #########################################
[INFO] 27-09-2024 23:08:09 [TestNG-tests-1] Log - Running test case Searchbrand_ExistingMultiple
[INFO] 27-09-2024 23:08:13 [TestNG-tests-1] Log - Click element:By.xpath: //span[normalize-space()='Products']
[INFO] 27-09-2024 23:08:14 [TestNG-tests-1] Log - Click element:By.xpath: //span[normalize-space()='Brand']
[INFO] 27-09-2024 23:08:14 [TestNG-tests-1] Log - Send text Brand to element By.xpath: //input[@id='search']
[INFO] 27-09-2024 23:08:16 [TestNG-tests-1] Log - Sleeping within 1 seconds to waiting
[INFO] 27-09-2024 23:08:17 [TestNG-tests-1] Log - Click element://a[@rel='next']/parent::li
[INFO] 27-09-2024 23:08:18 [TestNG-tests-1] Log - Sleeping within 1 seconds to waiting
[INFO] 27-09-2024 23:08:18 [TestNG-tests-1] Log - Click element://a[@rel='next']/parent::li
[INFO] 27-09-2024 23:08:19 [TestNG-tests-1] Log - Sleeping within 1 seconds to waiting
[INFO] 27-09-2024 23:08:19 [TestNG-tests-1] Log - Search success
[INFO] 27-09-2024 23:08:19 [TestNG-tests-1] Log - Test case Searchbrand_ExistingMultiple is passed.
[INFO] 27-09-2024 23:08:21 [TestNG-tests-1] Log - #########################################
[INFO] 27-09-2024 23:08:21 [TestNG-tests-1] Log - Running test case Searchbrand_ExistingSingle
[INFO] 27-09-2024 23:08:24 [TestNG-tests-1] Log - Click element:By.xpath: //span[normalize-space()='Products']
[INFO] 27-09-2024 23:08:25 [TestNG-tests-1] Log - Click element:By.xpath: //span[normalize-space()='Brand']
[INFO] 27-09-2024 23:08:25 [TestNG-tests-1] Log - Send text Brand nh√† tui to element By.xpath: //input[@id='search']
[INFO] 27-09-2024 23:08:26 [TestNG-tests-1] Log - Sleeping within 1 seconds to waiting
[INFO] 27-09-2024 23:08:36 [TestNG-tests-1] Log - Test case Searchbrand_ExistingSingle is passed.
[INFO] 27-09-2024 23:08:37 [TestNG-tests-1] Log - End testing Brand
[INFO] 27-09-2024 23:16:35 [TestNG-tests-1] Log - #########################################
[INFO] 27-09-2024 23:16:36 [TestNG-tests-1] Log - #########################################
[INFO] 27-09-2024 23:16:36 [TestNG-tests-1] Log - Running test case AddNewBrand
[INFO] 27-09-2024 23:16:40 [TestNG-tests-1] Log - Click element:By.xpath: //span[normalize-space()='Products']
[INFO] 27-09-2024 23:16:42 [TestNG-tests-1] Log - Click element:By.xpath: //span[normalize-space()='Brand']
[INFO] 27-09-2024 23:16:42 [TestNG-tests-1] Log - Send text CocaCola to element By.xpath: //label[normalize-space()='Name']/following-sibling::input
[INFO] 27-09-2024 23:16:42 [TestNG-tests-1] Log - Click element:By.xpath: //div[@class='form-control file-amount']
[INFO] 27-09-2024 23:16:42 [TestNG-tests-1] Log - Send text car to element By.xpath: //input[@placeholder='Search your files']
[INFO] 27-09-2024 23:16:43 [TestNG-tests-1] Log - Sleeping within 1 seconds to waiting
[INFO] 27-09-2024 23:16:43 [TestNG-tests-1] Log - Click element:By.xpath: //div[@class='aiz-file-box-wrap'][1]
[INFO] 27-09-2024 23:16:43 [TestNG-tests-1] Log - Click element:By.xpath: //button[text()='Add Files']
[INFO] 27-09-2024 23:16:43 [TestNG-tests-1] Log - Send text Ti√™u ƒë·ªÅ t√™n h√£ng 001 to element By.xpath: //label[normalize-space()='Meta Title']/following-sibling::input
[INFO] 27-09-2024 23:16:43 [TestNG-tests-1] Log - Send text M√¥ t·∫£ ti√™u ƒë·ªÅ t√™n h√£ng 001 to element By.xpath: //textarea[@name='meta_description']
[INFO] 27-09-2024 23:16:44 [TestNG-tests-1] Log - Click element:By.xpath: //button[normalize-space()='Save']
[INFO] 27-09-2024 23:16:44 [TestNG-tests-1] Log - Verify success that message: Brand has been inserted successfully is displayed
[INFO] 27-09-2024 23:16:44 [TestNG-tests-1] Log - Send text CocaCola to element By.xpath: //input[@id='search']
[INFO] 27-09-2024 23:16:46 [TestNG-tests-1] Log - Sleeping within 1 seconds to waiting
[INFO] 27-09-2024 23:16:56 [TestNG-tests-1] Log - Test case AddNewBrand is passed.
[INFO] 27-09-2024 23:16:57 [TestNG-tests-1] Log - #########################################
[INFO] 27-09-2024 23:16:57 [TestNG-tests-1] Log - Running test case DeleteBrand
[INFO] 27-09-2024 23:17:00 [TestNG-tests-1] Log - Click element:By.xpath: //span[normalize-space()='Products']
[INFO] 27-09-2024 23:17:01 [TestNG-tests-1] Log - Click element:By.xpath: //span[normalize-space()='Brand']
[INFO] 27-09-2024 23:17:01 [TestNG-tests-1] Log - Send text CocaCola to element By.xpath: //input[@id='search']
[INFO] 27-09-2024 23:17:03 [TestNG-tests-1] Log - Sleeping within 1 seconds to waiting
[INFO] 27-09-2024 23:17:03 [TestNG-tests-1] Log - Click element://td[normalize-space()='CocaCola']/following-sibling::td//a[@title='Delete']
[INFO] 27-09-2024 23:17:04 [TestNG-tests-1] Log - Click element:By.xpath: //a[@id='delete-link']
[INFO] 27-09-2024 23:17:04 [TestNG-tests-1] Log - Verify success that message: Brand has been deleted successfully is displayed
[INFO] 27-09-2024 23:17:04 [TestNG-tests-1] Log - Send text CocaCola to element By.xpath: //input[@id='search']
[INFO] 27-09-2024 23:17:05 [TestNG-tests-1] Log - Sleeping within 1 seconds to waiting
[INFO] 27-09-2024 23:17:16 [TestNG-tests-1] Log - Test case DeleteBrand is passed.
[INFO] 27-09-2024 23:17:17 [TestNG-tests-1] Log - #########################################
[INFO] 27-09-2024 23:17:17 [TestNG-tests-1] Log - Running test case Searchbrand_ExistingMultiple
[INFO] 27-09-2024 23:17:20 [TestNG-tests-1] Log - Click element:By.xpath: //span[normalize-space()='Products']
[INFO] 27-09-2024 23:17:21 [TestNG-tests-1] Log - Click element:By.xpath: //span[normalize-space()='Brand']
[INFO] 27-09-2024 23:17:21 [TestNG-tests-1] Log - Send text Brand to element By.xpath: //input[@id='search']
[INFO] 27-09-2024 23:17:22 [TestNG-tests-1] Log - Sleeping within 1 seconds to waiting
[INFO] 27-09-2024 23:17:23 [TestNG-tests-1] Log - Click element://a[@rel='next']/parent::li
[INFO] 27-09-2024 23:17:24 [TestNG-tests-1] Log - Sleeping within 1 seconds to waiting
[INFO] 27-09-2024 23:17:25 [TestNG-tests-1] Log - Click element://a[@rel='next']/parent::li
[INFO] 27-09-2024 23:17:26 [TestNG-tests-1] Log - Sleeping within 1 seconds to waiting
[INFO] 27-09-2024 23:17:26 [TestNG-tests-1] Log - Search success
[INFO] 27-09-2024 23:17:26 [TestNG-tests-1] Log - Test case Searchbrand_ExistingMultiple is passed.
[INFO] 27-09-2024 23:17:27 [TestNG-tests-1] Log - #########################################
[INFO] 27-09-2024 23:17:27 [TestNG-tests-1] Log - Running test case Searchbrand_ExistingSingle
[INFO] 27-09-2024 23:17:30 [TestNG-tests-1] Log - Click element:By.xpath: //span[normalize-space()='Products']
[INFO] 27-09-2024 23:17:31 [TestNG-tests-1] Log - Click element:By.xpath: //span[normalize-space()='Brand']
[INFO] 27-09-2024 23:17:31 [TestNG-tests-1] Log - Send text Brand nh√† tui to element By.xpath: //input[@id='search']
[INFO] 27-09-2024 23:17:33 [TestNG-tests-1] Log - Sleeping within 1 seconds to waiting
[INFO] 27-09-2024 23:17:43 [TestNG-tests-1] Log - Test case Searchbrand_ExistingSingle is passed.
[INFO] 27-09-2024 23:17:43 [TestNG-tests-1] Log - End testing Brand
[INFO] 27-09-2024 23:21:04 [TestNG-tests-1] Log - #########################################
[INFO] 27-09-2024 23:21:05 [TestNG-tests-1] Log - #########################################
[INFO] 27-09-2024 23:21:05 [TestNG-tests-1] Log - Running test case AddNewBrand
[INFO] 27-09-2024 23:21:08 [TestNG-tests-1] Log - Click element:By.xpath: //span[normalize-space()='Products']
[INFO] 27-09-2024 23:21:09 [TestNG-tests-1] Log - Click element:By.xpath: //span[normalize-space()='Brand']
[INFO] 27-09-2024 23:21:09 [TestNG-tests-1] Log - Send text CocaCola to element By.xpath: //label[normalize-space()='Name']/following-sibling::input
[INFO] 27-09-2024 23:21:09 [TestNG-tests-1] Log - Click element:By.xpath: //div[@class='form-control file-amount']
[INFO] 27-09-2024 23:21:10 [TestNG-tests-1] Log - Send text car to element By.xpath: //input[@placeholder='Search your files']
[INFO] 27-09-2024 23:21:11 [TestNG-tests-1] Log - Sleeping within 1 seconds to waiting
[INFO] 27-09-2024 23:21:11 [TestNG-tests-1] Log - Click element:By.xpath: //div[@class='aiz-file-box-wrap'][1]
[INFO] 27-09-2024 23:21:11 [TestNG-tests-1] Log - Click element:By.xpath: //button[text()='Add Files']
[INFO] 27-09-2024 23:21:11 [TestNG-tests-1] Log - Send text Ti√™u ƒë·ªÅ t√™n h√£ng 001 to element By.xpath: //label[normalize-space()='Meta Title']/following-sibling::input
[INFO] 27-09-2024 23:21:11 [TestNG-tests-1] Log - Send text M√¥ t·∫£ ti√™u ƒë·ªÅ t√™n h√£ng 001 to element By.xpath: //textarea[@name='meta_description']
[INFO] 27-09-2024 23:21:11 [TestNG-tests-1] Log - Click element:By.xpath: //button[normalize-space()='Save']
[INFO] 27-09-2024 23:21:11 [TestNG-tests-1] Log - Verify success that message: Brand has been inserted successfully is displayed
[INFO] 27-09-2024 23:21:12 [TestNG-tests-1] Log - Send text CocaCola to element By.xpath: //input[@id='search']
[INFO] 27-09-2024 23:21:13 [TestNG-tests-1] Log - Sleeping within 1 seconds to waiting
[INFO] 27-09-2024 23:21:23 [TestNG-tests-1] Log - Test case AddNewBrand is passed.
[INFO] 27-09-2024 23:21:24 [TestNG-tests-1] Log - #########################################
[INFO] 27-09-2024 23:21:24 [TestNG-tests-1] Log - Running test case DeleteBrand
[INFO] 27-09-2024 23:21:27 [TestNG-tests-1] Log - Click element:By.xpath: //span[normalize-space()='Products']
[INFO] 27-09-2024 23:21:27 [TestNG-tests-1] Log - Click element:By.xpath: //span[normalize-space()='Brand']
[INFO] 27-09-2024 23:21:27 [TestNG-tests-1] Log - Send text CocaCola to element By.xpath: //input[@id='search']
[INFO] 27-09-2024 23:21:29 [TestNG-tests-1] Log - Sleeping within 1 seconds to waiting
[INFO] 27-09-2024 23:21:29 [TestNG-tests-1] Log - Click element://td[normalize-space()='CocaCola']/following-sibling::td//a[@title='Delete']
[INFO] 27-09-2024 23:21:30 [TestNG-tests-1] Log - Click element:By.xpath: //a[@id='delete-link']
[ERROR] 27-09-2024 23:21:30 [TestNG-tests-1] Log - Test case DeleteBrand is failed.
[ERROR] 27-09-2024 23:21:30 [TestNG-tests-1] Log - java.lang.AssertionError: Not correct message content expected [Brand has been deleted successfully] but found []
[INFO] 27-09-2024 23:21:32 [TestNG-tests-1] Log - #########################################
[INFO] 27-09-2024 23:21:32 [TestNG-tests-1] Log - Running test case Searchbrand_ExistingMultiple
[INFO] 27-09-2024 23:21:34 [TestNG-tests-1] Log - Click element:By.xpath: //span[normalize-space()='Products']
[INFO] 27-09-2024 23:21:35 [TestNG-tests-1] Log - Click element:By.xpath: //span[normalize-space()='Brand']
[INFO] 27-09-2024 23:21:35 [TestNG-tests-1] Log - Send text Brand to element By.xpath: //input[@id='search']
[INFO] 27-09-2024 23:21:36 [TestNG-tests-1] Log - Sleeping within 1 seconds to waiting
[INFO] 27-09-2024 23:21:37 [TestNG-tests-1] Log - Click element://a[@rel='next']/parent::li
[INFO] 27-09-2024 23:21:38 [TestNG-tests-1] Log - Sleeping within 1 seconds to waiting
[INFO] 27-09-2024 23:21:39 [TestNG-tests-1] Log - Click element://a[@rel='next']/parent::li
[INFO] 27-09-2024 23:21:40 [TestNG-tests-1] Log - Sleeping within 1 seconds to waiting
[INFO] 27-09-2024 23:21:40 [TestNG-tests-1] Log - Search success
[INFO] 27-09-2024 23:21:40 [TestNG-tests-1] Log - Test case Searchbrand_ExistingMultiple is passed.
[INFO] 27-09-2024 23:21:41 [TestNG-tests-1] Log - #########################################
[INFO] 27-09-2024 23:21:41 [TestNG-tests-1] Log - Running test case Searchbrand_ExistingSingle
[INFO] 27-09-2024 23:21:44 [TestNG-tests-1] Log - Click element:By.xpath: //span[normalize-space()='Products']
[INFO] 27-09-2024 23:21:44 [TestNG-tests-1] Log - Click element:By.xpath: //span[normalize-space()='Brand']
[INFO] 27-09-2024 23:21:45 [TestNG-tests-1] Log - Send text Brand nh√† tui to element By.xpath: //input[@id='search']
[INFO] 27-09-2024 23:21:46 [TestNG-tests-1] Log - Sleeping within 1 seconds to waiting
[INFO] 27-09-2024 23:21:56 [TestNG-tests-1] Log - Test case Searchbrand_ExistingSingle is passed.
[INFO] 27-09-2024 23:21:56 [TestNG-tests-1] Log - End testing Brand
[INFO] 27-09-2024 23:28:00 [TestNG-tests-1] Log - #########################################
[INFO] 27-09-2024 23:28:01 [TestNG-tests-1] Log - #########################################
[INFO] 27-09-2024 23:28:01 [TestNG-tests-1] Log - Running test case AddNewBrand
[INFO] 27-09-2024 23:28:04 [TestNG-tests-1] Log - Click element:By.xpath: //span[normalize-space()='Products']
[INFO] 27-09-2024 23:28:05 [TestNG-tests-1] Log - Click element:By.xpath: //span[normalize-space()='Brand']
[INFO] 27-09-2024 23:28:05 [TestNG-tests-1] Log - Send text CocaCola to element By.xpath: //label[normalize-space()='Name']/following-sibling::input
[INFO] 27-09-2024 23:28:05 [TestNG-tests-1] Log - Click element:By.xpath: //div[@class='form-control file-amount']
[INFO] 27-09-2024 23:28:06 [TestNG-tests-1] Log - Send text car to element By.xpath: //input[@placeholder='Search your files']
[INFO] 27-09-2024 23:28:07 [TestNG-tests-1] Log - Sleeping within 1 seconds to waiting
[INFO] 27-09-2024 23:28:07 [TestNG-tests-1] Log - Click element:By.xpath: //div[@class='aiz-file-box-wrap'][1]
[INFO] 27-09-2024 23:28:07 [TestNG-tests-1] Log - Click element:By.xpath: //button[text()='Add Files']
[INFO] 27-09-2024 23:28:07 [TestNG-tests-1] Log - Send text Ti√™u ƒë·ªÅ t√™n h√£ng 001 to element By.xpath: //label[normalize-space()='Meta Title']/following-sibling::input
[INFO] 27-09-2024 23:28:07 [TestNG-tests-1] Log - Send text M√¥ t·∫£ ti√™u ƒë·ªÅ t√™n h√£ng 001 to element By.xpath: //textarea[@name='meta_description']
[INFO] 27-09-2024 23:28:08 [TestNG-tests-1] Log - Click element:By.xpath: //button[normalize-space()='Save']
[INFO] 27-09-2024 23:28:08 [TestNG-tests-1] Log - Verify success that message: Brand has been inserted successfully is displayed
[INFO] 27-09-2024 23:28:08 [TestNG-tests-1] Log - Send text CocaCola to element By.xpath: //input[@id='search']
[INFO] 27-09-2024 23:28:09 [TestNG-tests-1] Log - Sleeping within 1 seconds to waiting
[INFO] 27-09-2024 23:28:19 [TestNG-tests-1] Log - Test case AddNewBrand is passed.
[INFO] 27-09-2024 23:28:21 [TestNG-tests-1] Log - #########################################
[INFO] 27-09-2024 23:28:21 [TestNG-tests-1] Log - Running test case DeleteBrand
[INFO] 27-09-2024 23:28:24 [TestNG-tests-1] Log - Click element:By.xpath: //span[normalize-space()='Products']
[INFO] 27-09-2024 23:28:25 [TestNG-tests-1] Log - Click element:By.xpath: //span[normalize-space()='Brand']
[INFO] 27-09-2024 23:28:25 [TestNG-tests-1] Log - Send text CocaCola to element By.xpath: //input[@id='search']
[INFO] 27-09-2024 23:28:27 [TestNG-tests-1] Log - Sleeping within 1 seconds to waiting
[INFO] 27-09-2024 23:28:27 [TestNG-tests-1] Log - Click element://td[normalize-space()='CocaCola']/following-sibling::td//a[@title='Delete']
[INFO] 27-09-2024 23:28:27 [TestNG-tests-1] Log - Click element:By.xpath: //a[@id='delete-link']
[INFO] 27-09-2024 23:28:27 [TestNG-tests-1] Log - Verify success that message: Brand has been deleted successfully is displayed
[INFO] 27-09-2024 23:28:28 [TestNG-tests-1] Log - Send text CocaCola to element By.xpath: //input[@id='search']
[INFO] 27-09-2024 23:28:29 [TestNG-tests-1] Log - Sleeping within 1 seconds to waiting
[INFO] 27-09-2024 23:28:39 [TestNG-tests-1] Log - Test case DeleteBrand is passed.
[INFO] 27-09-2024 23:28:41 [TestNG-tests-1] Log - #########################################
[INFO] 27-09-2024 23:28:41 [TestNG-tests-1] Log - Running test case Searchbrand_ExistingMultiple
[INFO] 27-09-2024 23:28:44 [TestNG-tests-1] Log - Click element:By.xpath: //span[normalize-space()='Products']
[INFO] 27-09-2024 23:28:44 [TestNG-tests-1] Log - Click element:By.xpath: //span[normalize-space()='Brand']
[INFO] 27-09-2024 23:28:45 [TestNG-tests-1] Log - Send text Brand to element By.xpath: //input[@id='search']
[INFO] 27-09-2024 23:28:46 [TestNG-tests-1] Log - Sleeping within 1 seconds to waiting
[INFO] 27-09-2024 23:28:47 [TestNG-tests-1] Log - Click element://a[@rel='next']/parent::li
[INFO] 27-09-2024 23:28:48 [TestNG-tests-1] Log - Sleeping within 1 seconds to waiting
[INFO] 27-09-2024 23:28:49 [TestNG-tests-1] Log - Click element://a[@rel='next']/parent::li
[INFO] 27-09-2024 23:28:50 [TestNG-tests-1] Log - Sleeping within 1 seconds to waiting
[INFO] 27-09-2024 23:28:50 [TestNG-tests-1] Log - Search success
[INFO] 27-09-2024 23:28:50 [TestNG-tests-1] Log - Test case Searchbrand_ExistingMultiple is passed.
[INFO] 27-09-2024 23:28:52 [TestNG-tests-1] Log - #########################################
[INFO] 27-09-2024 23:28:52 [TestNG-tests-1] Log - Running test case Searchbrand_ExistingSingle
[INFO] 27-09-2024 23:28:54 [TestNG-tests-1] Log - Click element:By.xpath: //span[normalize-space()='Products']
[INFO] 27-09-2024 23:28:55 [TestNG-tests-1] Log - Click element:By.xpath: //span[normalize-space()='Brand']
[INFO] 27-09-2024 23:28:55 [TestNG-tests-1] Log - Send text Brand nh√† tui to element By.xpath: //input[@id='search']
[INFO] 27-09-2024 23:28:57 [TestNG-tests-1] Log - Sleeping within 1 seconds to waiting
[INFO] 27-09-2024 23:29:07 [TestNG-tests-1] Log - Test case Searchbrand_ExistingSingle is passed.
[INFO] 27-09-2024 23:29:08 [TestNG-tests-1] Log - End testing Brand
[INFO] 27-09-2024 23:32:08 [main] Log - #########################################
[INFO] 27-09-2024 23:32:09 [main] Log - #########################################
[INFO] 27-09-2024 23:32:09 [main] Log - Running test case AddNewProduct_Success_WithColors
[INFO] 27-09-2024 23:32:11 [main] Log - Click element:By.xpath: //span[normalize-space()='Products']
[INFO] 27-09-2024 23:32:13 [main] Log - Click element:By.xpath: //span[normalize-space()='Add New Product']
[INFO] 27-09-2024 23:32:13 [main] Log - Send text B·nh t·o ˙c nh?p kh?u to element By.xpath: //label[contains(text(),'Product Name')]/following-sibling::div/input
[INFO] 27-09-2024 23:32:13 [main] Log - Click element:By.xpath: //label[contains(text(),'Category')]/following-sibling::div//button
[INFO] 27-09-2024 23:32:13 [main] Log - Send text Gi? b·nh k?o to element By.xpath: //label[contains(text(),'Category')]/following-sibling::div//input
[INFO] 27-09-2024 23:32:13 [main] Log - Select value Gi? b·nh k?o from dropdown By.xpath: //label[contains(text(),'Category')]/following-sibling::div//button
[INFO] 27-09-2024 23:32:13 [main] Log - Click element:By.xpath: //label[contains(text(),'Brand')]/following-sibling::div//button
[INFO] 27-09-2024 23:32:13 [main] Log - Send text san pham to element By.xpath: //label[contains(text(),'Brand')]/following-sibling::div//input
[INFO] 27-09-2024 23:32:13 [main] Log - Select value san pham from dropdown By.xpath: //label[contains(text(),'Brand')]/following-sibling::div//button
[INFO] 27-09-2024 23:32:13 [main] Log - Send text H?p to element By.xpath: //label[contains(text(),'Unit')]/following-sibling::div/input
[INFO] 27-09-2024 23:32:13 [main] Log - Send text 10 to element By.xpath: //label[contains(text(),'Weight')]/following-sibling::div/input
[INFO] 27-09-2024 23:32:13 [main] Log - Send text 100 to element By.xpath: //label[contains(text(),'Minimum Purchase Qty')]/following-sibling::div/input
[INFO] 27-09-2024 23:32:15 [main] Log - Sleeping within 2 seconds to waiting
[INFO] 27-09-2024 23:32:15 [main] Log - Scroll screen to element: By.xpath: //span[@role='textbox']
[INFO] 27-09-2024 23:32:16 [main] Log - Send text B·nh t·o to element By.xpath: //span[@role='textbox']
[INFO] 27-09-2024 23:32:16 [main] Log - Send text B·nh nh?p kh?u to element By.xpath: //span[@role='textbox']
[INFO] 27-09-2024 23:32:16 [main] Log - Send text ⁄c to element By.xpath: //span[@role='textbox']
[INFO] 27-09-2024 23:32:16 [main] Log - Scroll screen to element: By.xpath: //h5[normalize-space()='Product Variation']
[INFO] 27-09-2024 23:32:16 [main] Log - Click element:By.xpath: //input[@name='colors_active']/following-sibling::span
[INFO] 27-09-2024 23:32:16 [main] Log - Click element://select[@id='colors']/following-sibling::button
[INFO] 27-09-2024 23:32:16 [main] Log - Send text Yellow to element //select[@id='colors']/following-sibling::div//input
[INFO] 27-09-2024 23:32:16 [main] Log - Click element://select[@id='colors']/following-sibling::div//span[text()='Yellow']
[INFO] 27-09-2024 23:32:16 [main] Log - Send text Blue to element //select[@id='colors']/following-sibling::div//input
[INFO] 27-09-2024 23:32:16 [main] Log - Click element://select[@id='colors']/following-sibling::div//span[text()='Blue']
[INFO] 27-09-2024 23:32:17 [main] Log - Send text Red to element //select[@id='colors']/following-sibling::div//input
[INFO] 27-09-2024 23:32:17 [main] Log - Click element://select[@id='colors']/following-sibling::div//span[text()='Red']
[INFO] 27-09-2024 23:32:17 [main] Log - Click element://select[@id='colors']/following-sibling::button
[INFO] 27-09-2024 23:32:17 [main] Log - Select value [Yellow, Blue, Red] from dropdown //select[@id='colors']
[INFO] 27-09-2024 23:32:17 [main] Log - Scroll screen to element: By.xpath: //h5[normalize-space()='Product price + stock']
[INFO] 27-09-2024 23:32:17 [main] Log - Send text 89000000 to element By.xpath: //label[contains(text(),'Unit price')]/following-sibling::div/input
[INFO] 27-09-2024 23:32:17 [main] Log - Send text 10 to element By.xpath: //h5[normalize-space()='Product price + stock']/following::input[@name='discount']
[INFO] 27-09-2024 23:32:17 [main] Log - Scroll screen to element: By.xpath: //button[normalize-space()='Save & Unpublish']
[INFO] 27-09-2024 23:32:18 [main] Log - Click element:By.xpath: //button[normalize-space()='Save & Unpublish']
[INFO] 27-09-2024 23:32:18 [main] Log - Test case AddNewProduct_Success_WithColors is passed.
[ERROR] 27-09-2024 23:32:18 [main] Log - Test case AddNewBrand is failed.
[ERROR] 27-09-2024 23:32:18 [main] Log - org.testng.TestNGException: 
Parameter 'brandsName' is required by @Test on method AddNewBrand but has not been marked @Optional or defined

[INFO] 27-09-2024 23:32:18 [main] Log - End testing Surefire test
[INFO] 27-09-2024 23:36:30 [TestNG-tests-1] Log - #########################################
[INFO] 27-09-2024 23:36:31 [TestNG-tests-1] Log - #########################################
[INFO] 27-09-2024 23:36:31 [TestNG-tests-1] Log - Running test case AddNewBrand
[INFO] 27-09-2024 23:36:34 [TestNG-tests-1] Log - Click element:By.xpath: //span[normalize-space()='Products']
[INFO] 27-09-2024 23:36:35 [TestNG-tests-1] Log - Click element:By.xpath: //span[normalize-space()='Brand']
[INFO] 27-09-2024 23:36:35 [TestNG-tests-1] Log - Send text CocaCola to element By.xpath: //label[normalize-space()='Name']/following-sibling::input
[INFO] 27-09-2024 23:36:35 [TestNG-tests-1] Log - Click element:By.xpath: //div[@class='form-control file-amount']
[INFO] 27-09-2024 23:36:36 [TestNG-tests-1] Log - Send text car to element By.xpath: //input[@placeholder='Search your files']
[INFO] 27-09-2024 23:36:37 [TestNG-tests-1] Log - Sleeping within 1 seconds to waiting
[INFO] 27-09-2024 23:36:37 [TestNG-tests-1] Log - Click element:By.xpath: //div[@class='aiz-file-box-wrap'][1]
[INFO] 27-09-2024 23:36:37 [TestNG-tests-1] Log - Click element:By.xpath: //button[text()='Add Files']
[INFO] 27-09-2024 23:36:37 [TestNG-tests-1] Log - Send text Ti√™u ƒë·ªÅ t√™n h√£ng 001 to element By.xpath: //label[normalize-space()='Meta Title']/following-sibling::input
[INFO] 27-09-2024 23:36:37 [TestNG-tests-1] Log - Send text M√¥ t·∫£ ti√™u ƒë·ªÅ t√™n h√£ng 001 to element By.xpath: //textarea[@name='meta_description']
[INFO] 27-09-2024 23:36:38 [TestNG-tests-1] Log - Click element:By.xpath: //button[normalize-space()='Save']
[INFO] 27-09-2024 23:36:38 [TestNG-tests-1] Log - Verify success that message: Brand has been inserted successfully is displayed
[INFO] 27-09-2024 23:36:38 [TestNG-tests-1] Log - Send text CocaCola to element By.xpath: //input[@id='search']
[INFO] 27-09-2024 23:36:39 [TestNG-tests-1] Log - Sleeping within 1 seconds to waiting
[INFO] 27-09-2024 23:36:49 [TestNG-tests-1] Log - Test case AddNewBrand is passed.
[INFO] 27-09-2024 23:36:50 [TestNG-tests-1] Log - #########################################
[INFO] 27-09-2024 23:36:50 [TestNG-tests-1] Log - Running test case DeleteBrand
[INFO] 27-09-2024 23:36:53 [TestNG-tests-1] Log - Click element:By.xpath: //span[normalize-space()='Products']
[INFO] 27-09-2024 23:36:54 [TestNG-tests-1] Log - Click element:By.xpath: //span[normalize-space()='Brand']
[INFO] 27-09-2024 23:36:54 [TestNG-tests-1] Log - Send text CocaCola to element By.xpath: //input[@id='search']
[INFO] 27-09-2024 23:36:55 [TestNG-tests-1] Log - Sleeping within 1 seconds to waiting
[INFO] 27-09-2024 23:36:55 [TestNG-tests-1] Log - Click element://td[normalize-space()='CocaCola']/following-sibling::td//a[@title='Delete']
[INFO] 27-09-2024 23:36:56 [TestNG-tests-1] Log - Click element:By.xpath: //a[@id='delete-link']
[INFO] 27-09-2024 23:36:56 [TestNG-tests-1] Log - Verify success that message: Brand has been deleted successfully is displayed
[INFO] 27-09-2024 23:36:56 [TestNG-tests-1] Log - Send text CocaCola to element By.xpath: //input[@id='search']
[INFO] 27-09-2024 23:36:58 [TestNG-tests-1] Log - Sleeping within 1 seconds to waiting
[INFO] 27-09-2024 23:37:08 [TestNG-tests-1] Log - Test case DeleteBrand is passed.
[INFO] 27-09-2024 23:37:09 [TestNG-tests-1] Log - #########################################
[INFO] 27-09-2024 23:37:09 [TestNG-tests-1] Log - Running test case Searchbrand_ExistingMultiple
[INFO] 27-09-2024 23:37:11 [TestNG-tests-1] Log - Click element:By.xpath: //span[normalize-space()='Products']
[INFO] 27-09-2024 23:37:12 [TestNG-tests-1] Log - Click element:By.xpath: //span[normalize-space()='Brand']
[INFO] 27-09-2024 23:37:12 [TestNG-tests-1] Log - Send text Brand to element By.xpath: //input[@id='search']
[INFO] 27-09-2024 23:37:14 [TestNG-tests-1] Log - Sleeping within 1 seconds to waiting
[INFO] 27-09-2024 23:37:14 [TestNG-tests-1] Log - Click element://a[@rel='next']/parent::li
[INFO] 27-09-2024 23:37:15 [TestNG-tests-1] Log - Sleeping within 1 seconds to waiting
[INFO] 27-09-2024 23:37:16 [TestNG-tests-1] Log - Click element://a[@rel='next']/parent::li
[INFO] 27-09-2024 23:37:17 [TestNG-tests-1] Log - Sleeping within 1 seconds to waiting
[INFO] 27-09-2024 23:37:17 [TestNG-tests-1] Log - Search success
[INFO] 27-09-2024 23:37:17 [TestNG-tests-1] Log - Test case Searchbrand_ExistingMultiple is passed.
[INFO] 27-09-2024 23:37:18 [TestNG-tests-1] Log - #########################################
[INFO] 27-09-2024 23:37:18 [TestNG-tests-1] Log - Running test case Searchbrand_ExistingSingle
[INFO] 27-09-2024 23:37:21 [TestNG-tests-1] Log - Click element:By.xpath: //span[normalize-space()='Products']
[INFO] 27-09-2024 23:37:22 [TestNG-tests-1] Log - Click element:By.xpath: //span[normalize-space()='Brand']
[INFO] 27-09-2024 23:37:22 [TestNG-tests-1] Log - Send text Brand nh√† tui to element By.xpath: //input[@id='search']
[INFO] 27-09-2024 23:37:23 [TestNG-tests-1] Log - Sleeping within 1 seconds to waiting
[INFO] 27-09-2024 23:37:33 [TestNG-tests-1] Log - Test case Searchbrand_ExistingSingle is passed.
[INFO] 27-09-2024 23:37:34 [TestNG-tests-1] Log - End testing Brand
[INFO] 27-09-2024 23:41:28 [main] Log - #########################################
[INFO] 27-09-2024 23:41:30 [main] Log - #########################################
[INFO] 27-09-2024 23:41:30 [main] Log - Running test case AddNewProduct_Success_WithColors
[INFO] 27-09-2024 23:41:32 [main] Log - Click element:By.xpath: //span[normalize-space()='Products']
[INFO] 27-09-2024 23:41:34 [main] Log - Click element:By.xpath: //span[normalize-space()='Add New Product']
[INFO] 27-09-2024 23:41:34 [main] Log - Send text B·nh t·o ˙c nh?p kh?u to element By.xpath: //label[contains(text(),'Product Name')]/following-sibling::div/input
[INFO] 27-09-2024 23:41:34 [main] Log - Click element:By.xpath: //label[contains(text(),'Category')]/following-sibling::div//button
[INFO] 27-09-2024 23:41:34 [main] Log - Send text Gi? b·nh k?o to element By.xpath: //label[contains(text(),'Category')]/following-sibling::div//input
[INFO] 27-09-2024 23:41:34 [main] Log - Select value Gi? b·nh k?o from dropdown By.xpath: //label[contains(text(),'Category')]/following-sibling::div//button
[INFO] 27-09-2024 23:41:34 [main] Log - Click element:By.xpath: //label[contains(text(),'Brand')]/following-sibling::div//button
[INFO] 27-09-2024 23:41:34 [main] Log - Send text san pham to element By.xpath: //label[contains(text(),'Brand')]/following-sibling::div//input
[INFO] 27-09-2024 23:41:34 [main] Log - Select value san pham from dropdown By.xpath: //label[contains(text(),'Brand')]/following-sibling::div//button
[INFO] 27-09-2024 23:41:34 [main] Log - Send text H?p to element By.xpath: //label[contains(text(),'Unit')]/following-sibling::div/input
[INFO] 27-09-2024 23:41:34 [main] Log - Send text 10 to element By.xpath: //label[contains(text(),'Weight')]/following-sibling::div/input
[INFO] 27-09-2024 23:41:34 [main] Log - Send text 100 to element By.xpath: //label[contains(text(),'Minimum Purchase Qty')]/following-sibling::div/input
[INFO] 27-09-2024 23:41:36 [main] Log - Sleeping within 2 seconds to waiting
[INFO] 27-09-2024 23:41:36 [main] Log - Scroll screen to element: By.xpath: //span[@role='textbox']
[INFO] 27-09-2024 23:41:36 [main] Log - Send text B·nh t·o to element By.xpath: //span[@role='textbox']
[INFO] 27-09-2024 23:41:36 [main] Log - Send text B·nh nh?p kh?u to element By.xpath: //span[@role='textbox']
[INFO] 27-09-2024 23:41:36 [main] Log - Send text ⁄c to element By.xpath: //span[@role='textbox']
[INFO] 27-09-2024 23:41:37 [main] Log - Scroll screen to element: By.xpath: //h5[normalize-space()='Product Variation']
[INFO] 27-09-2024 23:41:37 [main] Log - Click element:By.xpath: //input[@name='colors_active']/following-sibling::span
[INFO] 27-09-2024 23:41:37 [main] Log - Click element://select[@id='colors']/following-sibling::button
[INFO] 27-09-2024 23:41:37 [main] Log - Send text Yellow to element //select[@id='colors']/following-sibling::div//input
[INFO] 27-09-2024 23:41:37 [main] Log - Click element://select[@id='colors']/following-sibling::div//span[text()='Yellow']
[INFO] 27-09-2024 23:41:37 [main] Log - Send text Blue to element //select[@id='colors']/following-sibling::div//input
[INFO] 27-09-2024 23:41:37 [main] Log - Click element://select[@id='colors']/following-sibling::div//span[text()='Blue']
[INFO] 27-09-2024 23:41:37 [main] Log - Send text Red to element //select[@id='colors']/following-sibling::div//input
[INFO] 27-09-2024 23:41:37 [main] Log - Click element://select[@id='colors']/following-sibling::div//span[text()='Red']
[INFO] 27-09-2024 23:41:37 [main] Log - Click element://select[@id='colors']/following-sibling::button
[INFO] 27-09-2024 23:41:37 [main] Log - Select value [Yellow, Blue, Red] from dropdown //select[@id='colors']
[INFO] 27-09-2024 23:41:37 [main] Log - Scroll screen to element: By.xpath: //h5[normalize-space()='Product price + stock']
[INFO] 27-09-2024 23:41:38 [main] Log - Send text 89000000 to element By.xpath: //label[contains(text(),'Unit price')]/following-sibling::div/input
[INFO] 27-09-2024 23:41:38 [main] Log - Send text 10 to element By.xpath: //h5[normalize-space()='Product price + stock']/following::input[@name='discount']
[INFO] 27-09-2024 23:41:38 [main] Log - Scroll screen to element: By.xpath: //button[normalize-space()='Save & Unpublish']
[INFO] 27-09-2024 23:41:39 [main] Log - Click element:By.xpath: //button[normalize-space()='Save & Unpublish']
[INFO] 27-09-2024 23:41:39 [main] Log - Test case AddNewProduct_Success_WithColors is passed.
[ERROR] 27-09-2024 23:41:39 [main] Log - Test case AddNewBrand is failed.
[ERROR] 27-09-2024 23:41:39 [main] Log - org.testng.TestNGException: 
Parameter 'brandsName' is required by @Test on method AddNewBrand but has not been marked @Optional or defined

[INFO] 27-09-2024 23:41:39 [main] Log - End testing Surefire test
[INFO] 27-09-2024 23:44:17 [main] Log - #########################################
[INFO] 27-09-2024 23:44:19 [main] Log - #########################################
[INFO] 27-09-2024 23:44:19 [main] Log - Running test case AddNewProduct_Success_WithColors
[INFO] 27-09-2024 23:44:22 [main] Log - Click element:By.xpath: //span[normalize-space()='Products']
[INFO] 27-09-2024 23:44:23 [main] Log - Click element:By.xpath: //span[normalize-space()='Add New Product']
[INFO] 27-09-2024 23:44:23 [main] Log - Send text B·nh t·o ˙c nh?p kh?u to element By.xpath: //label[contains(text(),'Product Name')]/following-sibling::div/input
[INFO] 27-09-2024 23:44:23 [main] Log - Click element:By.xpath: //label[contains(text(),'Category')]/following-sibling::div//button
[INFO] 27-09-2024 23:44:23 [main] Log - Send text Gi? b·nh k?o to element By.xpath: //label[contains(text(),'Category')]/following-sibling::div//input
[INFO] 27-09-2024 23:44:23 [main] Log - Select value Gi? b·nh k?o from dropdown By.xpath: //label[contains(text(),'Category')]/following-sibling::div//button
[INFO] 27-09-2024 23:44:23 [main] Log - Click element:By.xpath: //label[contains(text(),'Brand')]/following-sibling::div//button
[INFO] 27-09-2024 23:44:23 [main] Log - Send text san pham to element By.xpath: //label[contains(text(),'Brand')]/following-sibling::div//input
[INFO] 27-09-2024 23:44:23 [main] Log - Select value san pham from dropdown By.xpath: //label[contains(text(),'Brand')]/following-sibling::div//button
[INFO] 27-09-2024 23:44:23 [main] Log - Send text H?p to element By.xpath: //label[contains(text(),'Unit')]/following-sibling::div/input
[INFO] 27-09-2024 23:44:24 [main] Log - Send text 10 to element By.xpath: //label[contains(text(),'Weight')]/following-sibling::div/input
[INFO] 27-09-2024 23:44:24 [main] Log - Send text 100 to element By.xpath: //label[contains(text(),'Minimum Purchase Qty')]/following-sibling::div/input
[INFO] 27-09-2024 23:44:26 [main] Log - Sleeping within 2 seconds to waiting
[INFO] 27-09-2024 23:44:26 [main] Log - Scroll screen to element: By.xpath: //span[@role='textbox']
[INFO] 27-09-2024 23:44:26 [main] Log - Send text B·nh t·o to element By.xpath: //span[@role='textbox']
[INFO] 27-09-2024 23:44:26 [main] Log - Send text B·nh nh?p kh?u to element By.xpath: //span[@role='textbox']
[INFO] 27-09-2024 23:44:26 [main] Log - Send text ⁄c to element By.xpath: //span[@role='textbox']
[INFO] 27-09-2024 23:44:26 [main] Log - Scroll screen to element: By.xpath: //h5[normalize-space()='Product Variation']
[INFO] 27-09-2024 23:44:26 [main] Log - Click element:By.xpath: //input[@name='colors_active']/following-sibling::span
[INFO] 27-09-2024 23:44:26 [main] Log - Click element://select[@id='colors']/following-sibling::button
[INFO] 27-09-2024 23:44:26 [main] Log - Send text Yellow to element //select[@id='colors']/following-sibling::div//input
[INFO] 27-09-2024 23:44:26 [main] Log - Click element://select[@id='colors']/following-sibling::div//span[text()='Yellow']
[INFO] 27-09-2024 23:44:27 [main] Log - Send text Blue to element //select[@id='colors']/following-sibling::div//input
[INFO] 27-09-2024 23:44:27 [main] Log - Click element://select[@id='colors']/following-sibling::div//span[text()='Blue']
[INFO] 27-09-2024 23:44:27 [main] Log - Send text Red to element //select[@id='colors']/following-sibling::div//input
[INFO] 27-09-2024 23:44:27 [main] Log - Click element://select[@id='colors']/following-sibling::div//span[text()='Red']
[INFO] 27-09-2024 23:44:27 [main] Log - Click element://select[@id='colors']/following-sibling::button
[INFO] 27-09-2024 23:44:27 [main] Log - Select value [Yellow, Blue, Red] from dropdown //select[@id='colors']
[INFO] 27-09-2024 23:44:27 [main] Log - Scroll screen to element: By.xpath: //h5[normalize-space()='Product price + stock']
[INFO] 27-09-2024 23:44:27 [main] Log - Send text 89000000 to element By.xpath: //label[contains(text(),'Unit price')]/following-sibling::div/input
[INFO] 27-09-2024 23:44:27 [main] Log - Send text 10 to element By.xpath: //h5[normalize-space()='Product price + stock']/following::input[@name='discount']
[INFO] 27-09-2024 23:44:27 [main] Log - Scroll screen to element: By.xpath: //button[normalize-space()='Save & Unpublish']
[INFO] 27-09-2024 23:44:28 [main] Log - Click element:By.xpath: //button[normalize-space()='Save & Unpublish']
[INFO] 27-09-2024 23:44:28 [main] Log - Test case AddNewProduct_Success_WithColors is passed.
[ERROR] 27-09-2024 23:44:28 [main] Log - Test case AddNewBrand is failed.
[ERROR] 27-09-2024 23:44:28 [main] Log - org.testng.TestNGException: 
Parameter 'brandsName' is required by @Test on method AddNewBrand but has not been marked @Optional or defined

[INFO] 27-09-2024 23:44:28 [main] Log - End testing Surefire test
[INFO] 27-09-2024 23:45:22 [main] Log - #########################################
[INFO] 27-09-2024 23:45:24 [main] Log - #########################################
[INFO] 27-09-2024 23:45:24 [main] Log - Running test case AddNewProduct_Success_WithColors
[INFO] 27-09-2024 23:45:27 [main] Log - Click element:By.xpath: //span[normalize-space()='Products']
[INFO] 27-09-2024 23:45:28 [main] Log - Click element:By.xpath: //span[normalize-space()='Add New Product']
[INFO] 27-09-2024 23:45:28 [main] Log - Send text B·nh t·o ˙c nh?p kh?u to element By.xpath: //label[contains(text(),'Product Name')]/following-sibling::div/input
[INFO] 27-09-2024 23:45:29 [main] Log - Click element:By.xpath: //label[contains(text(),'Category')]/following-sibling::div//button
[INFO] 27-09-2024 23:45:29 [main] Log - Send text Gi? b·nh k?o to element By.xpath: //label[contains(text(),'Category')]/following-sibling::div//input
[INFO] 27-09-2024 23:45:29 [main] Log - Select value Gi? b·nh k?o from dropdown By.xpath: //label[contains(text(),'Category')]/following-sibling::div//button
[INFO] 27-09-2024 23:45:29 [main] Log - Click element:By.xpath: //label[contains(text(),'Brand')]/following-sibling::div//button
[INFO] 27-09-2024 23:45:29 [main] Log - Send text san pham to element By.xpath: //label[contains(text(),'Brand')]/following-sibling::div//input
[INFO] 27-09-2024 23:45:29 [main] Log - Select value san pham from dropdown By.xpath: //label[contains(text(),'Brand')]/following-sibling::div//button
[INFO] 27-09-2024 23:45:29 [main] Log - Send text H?p to element By.xpath: //label[contains(text(),'Unit')]/following-sibling::div/input
[INFO] 27-09-2024 23:45:29 [main] Log - Send text 10 to element By.xpath: //label[contains(text(),'Weight')]/following-sibling::div/input
[INFO] 27-09-2024 23:45:29 [main] Log - Send text 100 to element By.xpath: //label[contains(text(),'Minimum Purchase Qty')]/following-sibling::div/input
[INFO] 27-09-2024 23:45:31 [main] Log - Sleeping within 2 seconds to waiting
[INFO] 27-09-2024 23:45:31 [main] Log - Scroll screen to element: By.xpath: //span[@role='textbox']
[INFO] 27-09-2024 23:45:31 [main] Log - Send text B·nh t·o to element By.xpath: //span[@role='textbox']
[INFO] 27-09-2024 23:45:31 [main] Log - Send text B·nh nh?p kh?u to element By.xpath: //span[@role='textbox']
[INFO] 27-09-2024 23:45:31 [main] Log - Send text ⁄c to element By.xpath: //span[@role='textbox']
[INFO] 27-09-2024 23:45:31 [main] Log - Scroll screen to element: By.xpath: //h5[normalize-space()='Product Variation']
[INFO] 27-09-2024 23:45:31 [main] Log - Click element:By.xpath: //input[@name='colors_active']/following-sibling::span
[INFO] 27-09-2024 23:45:32 [main] Log - Click element://select[@id='colors']/following-sibling::button
[INFO] 27-09-2024 23:45:32 [main] Log - Send text Yellow to element //select[@id='colors']/following-sibling::div//input
[INFO] 27-09-2024 23:45:32 [main] Log - Click element://select[@id='colors']/following-sibling::div//span[text()='Yellow']
[INFO] 27-09-2024 23:45:32 [main] Log - Send text Blue to element //select[@id='colors']/following-sibling::div//input
[INFO] 27-09-2024 23:45:32 [main] Log - Click element://select[@id='colors']/following-sibling::div//span[text()='Blue']
[INFO] 27-09-2024 23:45:32 [main] Log - Send text Red to element //select[@id='colors']/following-sibling::div//input
[INFO] 27-09-2024 23:45:32 [main] Log - Click element://select[@id='colors']/following-sibling::div//span[text()='Red']
[INFO] 27-09-2024 23:45:32 [main] Log - Click element://select[@id='colors']/following-sibling::button
[INFO] 27-09-2024 23:45:32 [main] Log - Select value [Yellow, Blue, Red] from dropdown //select[@id='colors']
[INFO] 27-09-2024 23:45:32 [main] Log - Scroll screen to element: By.xpath: //h5[normalize-space()='Product price + stock']
[INFO] 27-09-2024 23:45:32 [main] Log - Send text 89000000 to element By.xpath: //label[contains(text(),'Unit price')]/following-sibling::div/input
[INFO] 27-09-2024 23:45:32 [main] Log - Send text 10 to element By.xpath: //h5[normalize-space()='Product price + stock']/following::input[@name='discount']
[INFO] 27-09-2024 23:45:32 [main] Log - Scroll screen to element: By.xpath: //button[normalize-space()='Save & Unpublish']
[INFO] 27-09-2024 23:45:33 [main] Log - Click element:By.xpath: //button[normalize-space()='Save & Unpublish']
[INFO] 27-09-2024 23:45:33 [main] Log - Test case AddNewProduct_Success_WithColors is passed.
[ERROR] 27-09-2024 23:45:34 [main] Log - Test case EditCategory_Success is failed.
[ERROR] 27-09-2024 23:45:34 [main] Log - org.testng.TestNGException: 
Parameter 'categoryName' is required by @Test on method EditCategory_Success but has not been marked @Optional or defined

[INFO] 27-09-2024 23:45:34 [main] Log - End testing Surefire test
[INFO] 27-09-2024 23:46:09 [main] Log - #########################################
[INFO] 27-09-2024 23:46:11 [main] Log - #########################################
[INFO] 27-09-2024 23:46:11 [main] Log - Running test case AddNewProduct_Success_WithColors
[INFO] 27-09-2024 23:46:14 [main] Log - Click element:By.xpath: //span[normalize-space()='Products']
[INFO] 27-09-2024 23:46:16 [main] Log - Click element:By.xpath: //span[normalize-space()='Add New Product']
[INFO] 27-09-2024 23:46:16 [main] Log - Send text B·nh t·o ˙c nh?p kh?u to element By.xpath: //label[contains(text(),'Product Name')]/following-sibling::div/input
[INFO] 27-09-2024 23:46:16 [main] Log - Click element:By.xpath: //label[contains(text(),'Category')]/following-sibling::div//button
[INFO] 27-09-2024 23:46:16 [main] Log - Send text Gi? b·nh k?o to element By.xpath: //label[contains(text(),'Category')]/following-sibling::div//input
[INFO] 27-09-2024 23:46:16 [main] Log - Select value Gi? b·nh k?o from dropdown By.xpath: //label[contains(text(),'Category')]/following-sibling::div//button
[INFO] 27-09-2024 23:46:16 [main] Log - Click element:By.xpath: //label[contains(text(),'Brand')]/following-sibling::div//button
[INFO] 27-09-2024 23:46:16 [main] Log - Send text san pham to element By.xpath: //label[contains(text(),'Brand')]/following-sibling::div//input
[INFO] 27-09-2024 23:46:16 [main] Log - Select value san pham from dropdown By.xpath: //label[contains(text(),'Brand')]/following-sibling::div//button
[INFO] 27-09-2024 23:46:16 [main] Log - Send text H?p to element By.xpath: //label[contains(text(),'Unit')]/following-sibling::div/input
[INFO] 27-09-2024 23:46:16 [main] Log - Send text 10 to element By.xpath: //label[contains(text(),'Weight')]/following-sibling::div/input
[INFO] 27-09-2024 23:46:17 [main] Log - Send text 100 to element By.xpath: //label[contains(text(),'Minimum Purchase Qty')]/following-sibling::div/input
[INFO] 27-09-2024 23:46:19 [main] Log - Sleeping within 2 seconds to waiting
[INFO] 27-09-2024 23:46:19 [main] Log - Scroll screen to element: By.xpath: //span[@role='textbox']
[INFO] 27-09-2024 23:46:19 [main] Log - Send text B·nh t·o to element By.xpath: //span[@role='textbox']
[INFO] 27-09-2024 23:46:19 [main] Log - Send text B·nh nh?p kh?u to element By.xpath: //span[@role='textbox']
[INFO] 27-09-2024 23:46:19 [main] Log - Send text ⁄c to element By.xpath: //span[@role='textbox']
[INFO] 27-09-2024 23:46:19 [main] Log - Scroll screen to element: By.xpath: //h5[normalize-space()='Product Variation']
[INFO] 27-09-2024 23:46:19 [main] Log - Click element:By.xpath: //input[@name='colors_active']/following-sibling::span
[INFO] 27-09-2024 23:46:19 [main] Log - Click element://select[@id='colors']/following-sibling::button
[INFO] 27-09-2024 23:46:19 [main] Log - Send text Yellow to element //select[@id='colors']/following-sibling::div//input
[INFO] 27-09-2024 23:46:20 [main] Log - Click element://select[@id='colors']/following-sibling::div//span[text()='Yellow']
[INFO] 27-09-2024 23:46:20 [main] Log - Send text Blue to element //select[@id='colors']/following-sibling::div//input
[INFO] 27-09-2024 23:46:20 [main] Log - Click element://select[@id='colors']/following-sibling::div//span[text()='Blue']
[INFO] 27-09-2024 23:46:20 [main] Log - Send text Red to element //select[@id='colors']/following-sibling::div//input
[INFO] 27-09-2024 23:46:20 [main] Log - Click element://select[@id='colors']/following-sibling::div//span[text()='Red']
[INFO] 27-09-2024 23:46:20 [main] Log - Click element://select[@id='colors']/following-sibling::button
[INFO] 27-09-2024 23:46:20 [main] Log - Select value [Yellow, Blue, Red] from dropdown //select[@id='colors']
[INFO] 27-09-2024 23:46:20 [main] Log - Scroll screen to element: By.xpath: //h5[normalize-space()='Product price + stock']
[INFO] 27-09-2024 23:46:20 [main] Log - Send text 89000000 to element By.xpath: //label[contains(text(),'Unit price')]/following-sibling::div/input
[INFO] 27-09-2024 23:46:20 [main] Log - Send text 10 to element By.xpath: //h5[normalize-space()='Product price + stock']/following::input[@name='discount']
[INFO] 27-09-2024 23:46:21 [main] Log - Scroll screen to element: By.xpath: //button[normalize-space()='Save & Unpublish']
[INFO] 27-09-2024 23:46:21 [main] Log - Click element:By.xpath: //button[normalize-space()='Save & Unpublish']
[INFO] 27-09-2024 23:46:21 [main] Log - Test case AddNewProduct_Success_WithColors is passed.
[INFO] 27-09-2024 23:46:24 [main] Log - #########################################
[INFO] 27-09-2024 23:46:24 [main] Log - Running test case Logout_Success
[INFO] 27-09-2024 23:46:27 [main] Log - Click element:By.xpath: //span[contains(@class,'avatar')]/ancestor::div[contains(@class,'dropdown')]
[INFO] 27-09-2024 23:46:28 [main] Log - Sleeping within 1 seconds to waiting
[INFO] 27-09-2024 23:46:28 [main] Log - Click element:By.xpath: //a[normalize-space()='Logout']
[INFO] 27-09-2024 23:46:28 [main] Log - Test case Logout_Success is passed.
[INFO] 27-09-2024 23:46:30 [main] Log - #########################################
[INFO] 27-09-2024 23:46:30 [main] Log - Running test case OpenCustomersMenu_Success
[INFO] 27-09-2024 23:46:33 [main] Log - Click element:By.xpath: //span[normalize-space()='Customers']
[ERROR] 27-09-2024 23:46:43 [main] Log - Test case OpenCustomersMenu_Success is failed.
[ERROR] 27-09-2024 23:46:43 [main] Log - org.openqa.selenium.NoSuchElementException: no such element: Unable to locate element: {"method":"xpath","selector":"//span[normalize-space()='Customers Summary']"}
  (Session info: chrome=129.0.6668.60)
For documentation on this error, please visit: https://www.selenium.dev/documentation/webdriver/troubleshooting/errors#no-such-element-exception
Build info: version: '4.24.0', revision: '748ffc9bc3'
System info: os.name: 'Windows 10', os.arch: 'amd64', os.version: '10.0', java.version: '11.0.20'
Driver info: org.openqa.selenium.chrome.ChromeDriver
Command: [b69f9c7a8fd076b1cff39de8102152cb, findElement {value=//span[normalize-space()='Customers Summary'], using=xpath}]
Capabilities {acceptInsecureCerts: false, browserName: chrome, browserVersion: 129.0.6668.60, chrome: {chromedriverVersion: 129.0.6668.70 (df87d5cf12b1..., userDataDir: C:\Users\Admin\AppData\Loca...}, fedcm:accounts: true, goog:chromeOptions: {debuggerAddress: localhost:63331}, networkConnectionEnabled: false, pageLoadStrategy: normal, platformName: windows, proxy: Proxy(), se:cdp: ws://localhost:63331/devtoo..., se:cdpVersion: 129.0.6668.60, setWindowRect: true, strictFileInteractability: false, timeouts: {implicit: 0, pageLoad: 300000, script: 30000}, unhandledPromptBehavior: dismiss and notify, webauthn:extension:credBlob: true, webauthn:extension:largeBlob: true, webauthn:extension:minPinLength: true, webauthn:extension:prf: true, webauthn:virtualAuthenticators: true}
Session ID: b69f9c7a8fd076b1cff39de8102152cb
[INFO] 27-09-2024 23:46:45 [main] Log - #########################################
[INFO] 27-09-2024 23:46:45 [main] Log - Running test case LoginFailed_Empty
[INFO] 27-09-2024 23:46:48 [main] Log - Sleeping within 1 seconds to waiting
[INFO] 27-09-2024 23:46:48 [main] Log - Test case LoginFailed_Empty is passed.
[INFO] 27-09-2024 23:46:49 [main] Log - #########################################
[INFO] 27-09-2024 23:46:49 [main] Log - Running test case LoginFailed_Empty
[INFO] 27-09-2024 23:46:52 [main] Log - Sleeping within 1 seconds to waiting
[INFO] 27-09-2024 23:46:52 [main] Log - Test case LoginFailed_Empty is passed.
[INFO] 27-09-2024 23:46:53 [main] Log - #########################################
[INFO] 27-09-2024 23:46:53 [main] Log - Running test case LoginFailed_Empty
[INFO] 27-09-2024 23:46:56 [main] Log - Sleeping within 1 seconds to waiting
[INFO] 27-09-2024 23:46:56 [main] Log - Test case LoginFailed_Empty is passed.
[INFO] 27-09-2024 23:46:57 [main] Log - #########################################
[INFO] 27-09-2024 23:46:57 [main] Log - Running test case LoginFailed_inValidPassword
[INFO] 27-09-2024 23:47:00 [main] Log - Sleeping within 1 seconds to waiting
[INFO] 27-09-2024 23:47:00 [main] Log - Test case LoginFailed_inValidPassword is passed.
[INFO] 27-09-2024 23:47:01 [main] Log - #########################################
[INFO] 27-09-2024 23:47:01 [main] Log - Running test case LoginFailed_inValidPassword
[INFO] 27-09-2024 23:47:04 [main] Log - Sleeping within 1 seconds to waiting
[INFO] 27-09-2024 23:47:04 [main] Log - Test case LoginFailed_inValidPassword is passed.
[INFO] 27-09-2024 23:47:06 [main] Log - #########################################
[INFO] 27-09-2024 23:47:06 [main] Log - Running test case LoginFailed_inValidPassword
[INFO] 27-09-2024 23:47:09 [main] Log - Sleeping within 1 seconds to waiting
[INFO] 27-09-2024 23:47:09 [main] Log - Test case LoginFailed_inValidPassword is passed.
[INFO] 27-09-2024 23:47:10 [main] Log - #########################################
[INFO] 27-09-2024 23:47:10 [main] Log - Running test case LoginSuccess
[INFO] 27-09-2024 23:47:13 [main] Log - Test case LoginSuccess is passed.
[INFO] 27-09-2024 23:47:14 [main] Log - #########################################
[INFO] 27-09-2024 23:47:14 [main] Log - Running test case CoppyAndEditProduct
[INFO] 27-09-2024 23:47:14 [main] Log - Test case CoppyAndEditProduct is passed.
[INFO] 27-09-2024 23:47:16 [main] Log - #########################################
[INFO] 27-09-2024 23:47:16 [main] Log - Running test case DeleteProduct
[INFO] 27-09-2024 23:47:16 [main] Log - Test case DeleteProduct is passed.
[INFO] 27-09-2024 23:47:17 [main] Log - #########################################
[INFO] 27-09-2024 23:47:17 [main] Log - Running test case GotoEditProduct
[INFO] 27-09-2024 23:47:17 [main] Log - Test case GotoEditProduct is passed.
[INFO] 27-09-2024 23:47:19 [main] Log - #########################################
[INFO] 27-09-2024 23:47:19 [main] Log - Running test case SearchProduct
[INFO] 27-09-2024 23:47:19 [main] Log - Test case SearchProduct is passed.
[INFO] 27-09-2024 23:47:20 [main] Log - #########################################
[INFO] 27-09-2024 23:47:20 [main] Log - Running test case SortProduct
[INFO] 27-09-2024 23:47:20 [main] Log - Test case SortProduct is passed.
[INFO] 27-09-2024 23:47:22 [main] Log - #########################################
[INFO] 27-09-2024 23:47:22 [main] Log - Running test case UpdateAttributeOfProduct
[INFO] 27-09-2024 23:47:22 [main] Log - Test case UpdateAttributeOfProduct is passed.
[INFO] 27-09-2024 23:47:22 [main] Log - End testing Surefire test
[INFO] 27-09-2024 23:48:26 [TestNG-tests-1] Log - #########################################
[INFO] 27-09-2024 23:48:27 [TestNG-tests-1] Log - #########################################
[INFO] 27-09-2024 23:48:27 [TestNG-tests-1] Log - Running test case AddNewBrand
[INFO] 27-09-2024 23:48:30 [TestNG-tests-1] Log - Click element:By.xpath: //span[normalize-space()='Products']
[INFO] 27-09-2024 23:48:30 [TestNG-tests-1] Log - Click element:By.xpath: //span[normalize-space()='Brand']
[INFO] 27-09-2024 23:48:31 [TestNG-tests-1] Log - Send text CocaCola to element By.xpath: //label[normalize-space()='Name']/following-sibling::input
[INFO] 27-09-2024 23:48:31 [TestNG-tests-1] Log - Click element:By.xpath: //div[@class='form-control file-amount']
[INFO] 27-09-2024 23:48:31 [TestNG-tests-1] Log - Send text car to element By.xpath: //input[@placeholder='Search your files']
[INFO] 27-09-2024 23:48:32 [TestNG-tests-1] Log - Sleeping within 1 seconds to waiting
[INFO] 27-09-2024 23:48:32 [TestNG-tests-1] Log - Click element:By.xpath: //div[@class='aiz-file-box-wrap'][1]
[INFO] 27-09-2024 23:48:32 [TestNG-tests-1] Log - Click element:By.xpath: //button[text()='Add Files']
[INFO] 27-09-2024 23:48:32 [TestNG-tests-1] Log - Send text Ti√™u ƒë·ªÅ t√™n h√£ng 001 to element By.xpath: //label[normalize-space()='Meta Title']/following-sibling::input
[INFO] 27-09-2024 23:48:32 [TestNG-tests-1] Log - Send text M√¥ t·∫£ ti√™u ƒë·ªÅ t√™n h√£ng 001 to element By.xpath: //textarea[@name='meta_description']
[INFO] 27-09-2024 23:48:33 [TestNG-tests-1] Log - Click element:By.xpath: //button[normalize-space()='Save']
[ERROR] 27-09-2024 23:48:33 [TestNG-tests-1] Log - Test case AddNewBrand is failed.
[ERROR] 27-09-2024 23:48:33 [TestNG-tests-1] Log - java.lang.AssertionError: Not correct message content expected [Brand has been inserted successfully 123] but found [Brand has been inserted successfully]
[INFO] 27-09-2024 23:48:35 [TestNG-tests-1] Log - #########################################
[INFO] 27-09-2024 23:48:35 [TestNG-tests-1] Log - Running test case DeleteBrand
[INFO] 27-09-2024 23:48:37 [TestNG-tests-1] Log - Click element:By.xpath: //span[normalize-space()='Products']
[INFO] 27-09-2024 23:48:38 [TestNG-tests-1] Log - Click element:By.xpath: //span[normalize-space()='Brand']
[INFO] 27-09-2024 23:48:38 [TestNG-tests-1] Log - Send text CocaCola to element By.xpath: //input[@id='search']
[INFO] 27-09-2024 23:48:40 [TestNG-tests-1] Log - Sleeping within 1 seconds to waiting
[INFO] 27-09-2024 23:48:40 [TestNG-tests-1] Log - Click element://td[normalize-space()='CocaCola']/following-sibling::td//a[@title='Delete']
[INFO] 27-09-2024 23:48:41 [TestNG-tests-1] Log - Click element:By.xpath: //a[@id='delete-link']
[INFO] 27-09-2024 23:48:41 [TestNG-tests-1] Log - Verify success that message: Brand has been deleted successfully is displayed
[INFO] 27-09-2024 23:48:41 [TestNG-tests-1] Log - Send text CocaCola to element By.xpath: //input[@id='search']
[INFO] 27-09-2024 23:48:43 [TestNG-tests-1] Log - Sleeping within 1 seconds to waiting
[INFO] 27-09-2024 23:48:53 [TestNG-tests-1] Log - Test case DeleteBrand is passed.
[INFO] 27-09-2024 23:48:54 [TestNG-tests-1] Log - #########################################
[INFO] 27-09-2024 23:48:54 [TestNG-tests-1] Log - Running test case Searchbrand_ExistingMultiple
[INFO] 27-09-2024 23:48:57 [TestNG-tests-1] Log - Click element:By.xpath: //span[normalize-space()='Products']
[INFO] 27-09-2024 23:48:57 [TestNG-tests-1] Log - Click element:By.xpath: //span[normalize-space()='Brand']
[INFO] 27-09-2024 23:48:57 [TestNG-tests-1] Log - Send text Brand to element By.xpath: //input[@id='search']
[INFO] 27-09-2024 23:48:59 [TestNG-tests-1] Log - Sleeping within 1 seconds to waiting
[INFO] 27-09-2024 23:49:00 [TestNG-tests-1] Log - Click element://a[@rel='next']/parent::li
[INFO] 27-09-2024 23:49:01 [TestNG-tests-1] Log - Sleeping within 1 seconds to waiting
[INFO] 27-09-2024 23:49:01 [TestNG-tests-1] Log - Click element://a[@rel='next']/parent::li
[INFO] 27-09-2024 23:49:02 [TestNG-tests-1] Log - Sleeping within 1 seconds to waiting
[INFO] 27-09-2024 23:49:02 [TestNG-tests-1] Log - Search success
[INFO] 27-09-2024 23:49:02 [TestNG-tests-1] Log - Test case Searchbrand_ExistingMultiple is passed.
[INFO] 27-09-2024 23:49:04 [TestNG-tests-1] Log - #########################################
[INFO] 27-09-2024 23:49:04 [TestNG-tests-1] Log - Running test case Searchbrand_ExistingSingle
[INFO] 27-09-2024 23:49:07 [TestNG-tests-1] Log - Click element:By.xpath: //span[normalize-space()='Products']
[INFO] 27-09-2024 23:49:08 [TestNG-tests-1] Log - Click element:By.xpath: //span[normalize-space()='Brand']
[INFO] 27-09-2024 23:49:08 [TestNG-tests-1] Log - Send text Brand nh√† tui to element By.xpath: //input[@id='search']
[INFO] 27-09-2024 23:49:09 [TestNG-tests-1] Log - Sleeping within 1 seconds to waiting
[INFO] 27-09-2024 23:49:19 [TestNG-tests-1] Log - Test case Searchbrand_ExistingSingle is passed.
[INFO] 27-09-2024 23:49:20 [TestNG-tests-1] Log - End testing Brand
[INFO] 27-09-2024 23:54:17 [TestNG-tests-1] Log - #########################################
[INFO] 27-09-2024 23:54:18 [TestNG-tests-1] Log - #########################################
[INFO] 27-09-2024 23:54:18 [TestNG-tests-1] Log - Running test case AddNewBrand
[INFO] 27-09-2024 23:54:21 [TestNG-tests-1] Log - Click element:By.xpath: //span[normalize-space()='Products']
[INFO] 27-09-2024 23:54:22 [TestNG-tests-1] Log - Click element:By.xpath: //span[normalize-space()='Brand']
[INFO] 27-09-2024 23:54:22 [TestNG-tests-1] Log - Send text CocaCola to element By.xpath: //label[normalize-space()='Name']/following-sibling::input
[INFO] 27-09-2024 23:54:22 [TestNG-tests-1] Log - Click element:By.xpath: //div[@class='form-control file-amount']
[INFO] 27-09-2024 23:54:23 [TestNG-tests-1] Log - Send text car to element By.xpath: //input[@placeholder='Search your files']
[INFO] 27-09-2024 23:54:24 [TestNG-tests-1] Log - Sleeping within 1 seconds to waiting
[INFO] 27-09-2024 23:54:24 [TestNG-tests-1] Log - Click element:By.xpath: //div[@class='aiz-file-box-wrap'][1]
[INFO] 27-09-2024 23:54:24 [TestNG-tests-1] Log - Click element:By.xpath: //button[text()='Add Files']
[INFO] 27-09-2024 23:54:24 [TestNG-tests-1] Log - Send text Ti√™u ƒë·ªÅ t√™n h√£ng 001 to element By.xpath: //label[normalize-space()='Meta Title']/following-sibling::input
[INFO] 27-09-2024 23:54:24 [TestNG-tests-1] Log - Send text M√¥ t·∫£ ti√™u ƒë·ªÅ t√™n h√£ng 001 to element By.xpath: //textarea[@name='meta_description']
[INFO] 27-09-2024 23:54:25 [TestNG-tests-1] Log - Click element:By.xpath: //button[normalize-space()='Save']
[ERROR] 27-09-2024 23:54:25 [TestNG-tests-1] Log - Test case AddNewBrand is failed.
[ERROR] 27-09-2024 23:54:25 [TestNG-tests-1] Log - java.lang.AssertionError: Not correct message content expected [Brand has been inserted successfully 123] but found [Brand has been inserted successfully]
[INFO] 27-09-2024 23:54:26 [TestNG-tests-1] Log - #########################################
[INFO] 27-09-2024 23:54:26 [TestNG-tests-1] Log - Running test case DeleteBrand
[INFO] 27-09-2024 23:54:29 [TestNG-tests-1] Log - Click element:By.xpath: //span[normalize-space()='Products']
[INFO] 27-09-2024 23:54:30 [TestNG-tests-1] Log - Click element:By.xpath: //span[normalize-space()='Brand']
[INFO] 27-09-2024 23:54:30 [TestNG-tests-1] Log - Send text CocaCola to element By.xpath: //input[@id='search']
[INFO] 27-09-2024 23:54:32 [TestNG-tests-1] Log - Sleeping within 1 seconds to waiting
[INFO] 27-09-2024 23:54:32 [TestNG-tests-1] Log - Click element://td[normalize-space()='CocaCola']/following-sibling::td//a[@title='Delete']
[INFO] 27-09-2024 23:54:33 [TestNG-tests-1] Log - Click element:By.xpath: //a[@id='delete-link']
[INFO] 27-09-2024 23:54:33 [TestNG-tests-1] Log - Verify success that message: Brand has been deleted successfully is displayed
[INFO] 27-09-2024 23:54:33 [TestNG-tests-1] Log - Send text CocaCola to element By.xpath: //input[@id='search']
[INFO] 27-09-2024 23:54:34 [TestNG-tests-1] Log - Sleeping within 1 seconds to waiting
[INFO] 27-09-2024 23:54:45 [TestNG-tests-1] Log - Test case DeleteBrand is passed.
[INFO] 27-09-2024 23:54:46 [TestNG-tests-1] Log - #########################################
[INFO] 27-09-2024 23:54:46 [TestNG-tests-1] Log - Running test case Searchbrand_ExistingMultiple
[INFO] 27-09-2024 23:54:48 [TestNG-tests-1] Log - Click element:By.xpath: //span[normalize-space()='Products']
[INFO] 27-09-2024 23:54:49 [TestNG-tests-1] Log - Click element:By.xpath: //span[normalize-space()='Brand']
[INFO] 27-09-2024 23:54:49 [TestNG-tests-1] Log - Send text Brand to element By.xpath: //input[@id='search']
[INFO] 27-09-2024 23:54:51 [TestNG-tests-1] Log - Sleeping within 1 seconds to waiting
[INFO] 27-09-2024 23:54:52 [TestNG-tests-1] Log - Click element://a[@rel='next']/parent::li
[INFO] 27-09-2024 23:54:53 [TestNG-tests-1] Log - Sleeping within 1 seconds to waiting
[INFO] 27-09-2024 23:54:53 [TestNG-tests-1] Log - Click element://a[@rel='next']/parent::li
[INFO] 27-09-2024 23:54:54 [TestNG-tests-1] Log - Sleeping within 1 seconds to waiting
[INFO] 27-09-2024 23:54:54 [TestNG-tests-1] Log - Search success
[INFO] 27-09-2024 23:54:54 [TestNG-tests-1] Log - Test case Searchbrand_ExistingMultiple is passed.
[INFO] 27-09-2024 23:54:56 [TestNG-tests-1] Log - #########################################
[INFO] 27-09-2024 23:54:56 [TestNG-tests-1] Log - Running test case Searchbrand_ExistingSingle
[INFO] 27-09-2024 23:54:59 [TestNG-tests-1] Log - Click element:By.xpath: //span[normalize-space()='Products']
[INFO] 27-09-2024 23:55:00 [TestNG-tests-1] Log - Click element:By.xpath: //span[normalize-space()='Brand']
[INFO] 27-09-2024 23:55:00 [TestNG-tests-1] Log - Send text Brand nh√† tui to element By.xpath: //input[@id='search']
[INFO] 27-09-2024 23:55:01 [TestNG-tests-1] Log - Sleeping within 1 seconds to waiting
[INFO] 27-09-2024 23:55:12 [TestNG-tests-1] Log - Test case Searchbrand_ExistingSingle is passed.
[INFO] 27-09-2024 23:55:12 [TestNG-tests-1] Log - End testing Brand
[INFO] 30-09-2024 20:46:35 [TestNG-tests-1] Log - #########################################
[INFO] 30-09-2024 20:46:37 [TestNG-tests-1] Log - #########################################
[INFO] 30-09-2024 20:46:37 [TestNG-tests-1] Log - Running test case AddNewBrand
[INFO] 30-09-2024 20:46:42 [TestNG-tests-1] Log - Click element:By.xpath: //span[normalize-space()='Products']
[INFO] 30-09-2024 20:46:43 [TestNG-tests-1] Log - Click element:By.xpath: //span[normalize-space()='Brand']
[INFO] 30-09-2024 20:46:43 [TestNG-tests-1] Log - Send text CocaCola to element By.xpath: //label[normalize-space()='Name']/following-sibling::input
[INFO] 30-09-2024 20:46:43 [TestNG-tests-1] Log - Click element:By.xpath: //div[@class='form-control file-amount']
[INFO] 30-09-2024 20:46:44 [TestNG-tests-1] Log - Send text car to element By.xpath: //input[@placeholder='Search your files']
[INFO] 30-09-2024 20:46:45 [TestNG-tests-1] Log - Sleeping within 1 seconds to waiting
[INFO] 30-09-2024 20:46:45 [TestNG-tests-1] Log - Click element:By.xpath: //div[@class='aiz-file-box-wrap'][1]
[INFO] 30-09-2024 20:46:45 [TestNG-tests-1] Log - Click element:By.xpath: //button[text()='Add Files']
[INFO] 30-09-2024 20:46:45 [TestNG-tests-1] Log - Send text Ti√™u ƒë·ªÅ t√™n h√£ng 001 to element By.xpath: //label[normalize-space()='Meta Title']/following-sibling::input
[INFO] 30-09-2024 20:46:45 [TestNG-tests-1] Log - Send text M√¥ t·∫£ ti√™u ƒë·ªÅ t√™n h√£ng 001 to element By.xpath: //textarea[@name='meta_description']
[INFO] 30-09-2024 20:46:46 [TestNG-tests-1] Log - Click element:By.xpath: //button[normalize-space()='Save']
[ERROR] 30-09-2024 20:46:46 [TestNG-tests-1] Log - Test case AddNewBrand is failed.
[ERROR] 30-09-2024 20:46:46 [TestNG-tests-1] Log - java.lang.AssertionError: Not correct message content expected [Brand has been inserted successfully 123] but found [Brand has been inserted successfully]
[INFO] 30-09-2024 20:46:48 [TestNG-tests-1] Log - #########################################
[INFO] 30-09-2024 20:46:48 [TestNG-tests-1] Log - Running test case DeleteBrand
[INFO] 30-09-2024 20:46:50 [TestNG-tests-1] Log - Click element:By.xpath: //span[normalize-space()='Products']
[INFO] 30-09-2024 20:46:52 [TestNG-tests-1] Log - Click element:By.xpath: //span[normalize-space()='Brand']
[INFO] 30-09-2024 20:46:52 [TestNG-tests-1] Log - Send text CocaCola to element By.xpath: //input[@id='search']
[INFO] 30-09-2024 20:46:53 [TestNG-tests-1] Log - Sleeping within 1 seconds to waiting
[INFO] 30-09-2024 20:46:53 [TestNG-tests-1] Log - Click element://td[normalize-space()='CocaCola']/following-sibling::td//a[@title='Delete']
[INFO] 30-09-2024 20:46:54 [TestNG-tests-1] Log - Click element:By.xpath: //a[@id='delete-link']
[INFO] 30-09-2024 20:46:54 [TestNG-tests-1] Log - Verify success that message: Brand has been deleted successfully is displayed
[INFO] 30-09-2024 20:46:54 [TestNG-tests-1] Log - Send text CocaCola to element By.xpath: //input[@id='search']
[INFO] 30-09-2024 20:46:56 [TestNG-tests-1] Log - Sleeping within 1 seconds to waiting
[INFO] 30-09-2024 20:47:06 [TestNG-tests-1] Log - Test case DeleteBrand is passed.
[INFO] 30-09-2024 20:47:07 [TestNG-tests-1] Log - #########################################
[INFO] 30-09-2024 20:47:07 [TestNG-tests-1] Log - Running test case Searchbrand_ExistingMultiple
[INFO] 30-09-2024 20:47:09 [TestNG-tests-1] Log - Click element:By.xpath: //span[normalize-space()='Products']
[INFO] 30-09-2024 20:47:10 [TestNG-tests-1] Log - Click element:By.xpath: //span[normalize-space()='Brand']
[INFO] 30-09-2024 20:47:10 [TestNG-tests-1] Log - Send text Brand to element By.xpath: //input[@id='search']
[INFO] 30-09-2024 20:47:12 [TestNG-tests-1] Log - Sleeping within 1 seconds to waiting
[INFO] 30-09-2024 20:47:12 [TestNG-tests-1] Log - Click element://a[@rel='next']/parent::li
[INFO] 30-09-2024 20:47:13 [TestNG-tests-1] Log - Sleeping within 1 seconds to waiting
[INFO] 30-09-2024 20:47:15 [TestNG-tests-1] Log - Click element://a[@rel='next']/parent::li
[INFO] 30-09-2024 20:47:16 [TestNG-tests-1] Log - Sleeping within 1 seconds to waiting
[INFO] 30-09-2024 20:47:16 [TestNG-tests-1] Log - Search success
[INFO] 30-09-2024 20:47:16 [TestNG-tests-1] Log - Test case Searchbrand_ExistingMultiple is passed.
[INFO] 30-09-2024 20:47:17 [TestNG-tests-1] Log - #########################################
[INFO] 30-09-2024 20:47:17 [TestNG-tests-1] Log - Running test case Searchbrand_ExistingSingle
[INFO] 30-09-2024 20:47:20 [TestNG-tests-1] Log - Click element:By.xpath: //span[normalize-space()='Products']
[INFO] 30-09-2024 20:47:21 [TestNG-tests-1] Log - Click element:By.xpath: //span[normalize-space()='Brand']
[INFO] 30-09-2024 20:47:21 [TestNG-tests-1] Log - Send text Brand nh√† tui to element By.xpath: //input[@id='search']
[INFO] 30-09-2024 20:47:23 [TestNG-tests-1] Log - Sleeping within 1 seconds to waiting
[INFO] 30-09-2024 20:47:33 [TestNG-tests-1] Log - Test case Searchbrand_ExistingSingle is passed.
[INFO] 30-09-2024 20:47:33 [TestNG-tests-1] Log - End testing Brand
[INFO] 30-09-2024 21:05:04 [TestNG-tests-1] Log - #########################################
[INFO] 30-09-2024 21:05:05 [TestNG-tests-1] Log - #########################################
[INFO] 30-09-2024 21:05:05 [TestNG-tests-1] Log - Running test case AddNewBrand
[INFO] 30-09-2024 21:05:09 [TestNG-tests-1] Log - Click element:By.xpath: //span[normalize-space()='Products']
[INFO] 30-09-2024 21:07:28 [TestNG-tests-1] Log - #########################################
[INFO] 30-09-2024 21:07:32 [TestNG-tests-1] Log - #########################################
[INFO] 30-09-2024 21:07:32 [TestNG-tests-1] Log - Running test case AddNewBrand
[INFO] 30-09-2024 21:07:35 [TestNG-tests-1] Log - Click element:By.xpath: //span[normalize-space()='Products']
[INFO] 30-09-2024 21:07:37 [TestNG-tests-1] Log - Click element:By.xpath: //span[normalize-space()='Brand']
[INFO] 30-09-2024 21:07:37 [TestNG-tests-1] Log - Send text CocaCola to element By.xpath: //label[normalize-space()='Name']/following-sibling::input
[INFO] 30-09-2024 21:07:37 [TestNG-tests-1] Log - Click element:By.xpath: //div[@class='form-control file-amount']
[INFO] 30-09-2024 21:07:37 [TestNG-tests-1] Log - Send text car to element By.xpath: //input[@placeholder='Search your files']
[INFO] 30-09-2024 21:07:38 [TestNG-tests-1] Log - Sleeping within 1 seconds to waiting
[INFO] 30-09-2024 21:07:38 [TestNG-tests-1] Log - Click element:By.xpath: //div[@class='aiz-file-box-wrap'][1]
[INFO] 30-09-2024 21:07:39 [TestNG-tests-1] Log - Click element:By.xpath: //button[text()='Add Files']
[INFO] 30-09-2024 21:07:39 [TestNG-tests-1] Log - Send text Ti√™u ƒë·ªÅ t√™n h√£ng 001 to element By.xpath: //label[normalize-space()='Meta Title']/following-sibling::input
[INFO] 30-09-2024 21:07:39 [TestNG-tests-1] Log - Send text M√¥ t·∫£ ti√™u ƒë·ªÅ t√™n h√£ng 001 to element By.xpath: //textarea[@name='meta_description']
[INFO] 30-09-2024 21:07:40 [TestNG-tests-1] Log - Click element:By.xpath: //button[normalize-space()='Save']
[ERROR] 30-09-2024 21:07:40 [TestNG-tests-1] Log - Test case AddNewBrand is failed.
[ERROR] 30-09-2024 21:07:40 [TestNG-tests-1] Log - java.lang.AssertionError: Not correct message content expected [Brand has been inserted successfully 123] but found [Brand has been inserted successfully]
[INFO] 30-09-2024 21:07:43 [TestNG-tests-1] Log - #########################################
[INFO] 30-09-2024 21:07:43 [TestNG-tests-1] Log - Running test case DeleteBrand
[INFO] 30-09-2024 21:07:46 [TestNG-tests-1] Log - Click element:By.xpath: //span[normalize-space()='Products']
[INFO] 30-09-2024 21:07:47 [TestNG-tests-1] Log - Click element:By.xpath: //span[normalize-space()='Brand']
[INFO] 30-09-2024 21:07:47 [TestNG-tests-1] Log - Send text CocaCola to element By.xpath: //input[@id='search']
[INFO] 30-09-2024 21:07:49 [TestNG-tests-1] Log - Sleeping within 1 seconds to waiting
[INFO] 30-09-2024 21:07:49 [TestNG-tests-1] Log - Click element://td[normalize-space()='CocaCola']/following-sibling::td//a[@title='Delete']
[INFO] 30-09-2024 21:07:50 [TestNG-tests-1] Log - Click element:By.xpath: //a[@id='delete-link']
[INFO] 30-09-2024 21:07:50 [TestNG-tests-1] Log - Verify success that message: Brand has been deleted successfully is displayed
[INFO] 30-09-2024 21:07:50 [TestNG-tests-1] Log - Send text CocaCola to element By.xpath: //input[@id='search']
[INFO] 30-09-2024 21:07:52 [TestNG-tests-1] Log - Sleeping within 1 seconds to waiting
[INFO] 30-09-2024 21:08:02 [TestNG-tests-1] Log - Test case DeleteBrand is passed.
[INFO] 30-09-2024 21:08:04 [TestNG-tests-1] Log - #########################################
[INFO] 30-09-2024 21:08:04 [TestNG-tests-1] Log - Running test case Searchbrand_ExistingMultiple
[INFO] 30-09-2024 21:08:08 [TestNG-tests-1] Log - Click element:By.xpath: //span[normalize-space()='Products']
[INFO] 30-09-2024 21:08:09 [TestNG-tests-1] Log - Click element:By.xpath: //span[normalize-space()='Brand']
[INFO] 30-09-2024 21:08:09 [TestNG-tests-1] Log - Send text Brand to element By.xpath: //input[@id='search']
[INFO] 30-09-2024 21:08:11 [TestNG-tests-1] Log - Sleeping within 1 seconds to waiting
[INFO] 30-09-2024 21:08:12 [TestNG-tests-1] Log - Click element://a[@rel='next']/parent::li
[INFO] 30-09-2024 21:08:13 [TestNG-tests-1] Log - Sleeping within 1 seconds to waiting
[INFO] 30-09-2024 21:08:14 [TestNG-tests-1] Log - Click element://a[@rel='next']/parent::li
[INFO] 30-09-2024 21:08:15 [TestNG-tests-1] Log - Sleeping within 1 seconds to waiting
[INFO] 30-09-2024 21:08:15 [TestNG-tests-1] Log - Search success
[INFO] 30-09-2024 21:08:15 [TestNG-tests-1] Log - Test case Searchbrand_ExistingMultiple is passed.
[INFO] 30-09-2024 21:08:17 [TestNG-tests-1] Log - #########################################
[INFO] 30-09-2024 21:08:17 [TestNG-tests-1] Log - Running test case Searchbrand_ExistingSingle
[INFO] 30-09-2024 21:08:20 [TestNG-tests-1] Log - Click element:By.xpath: //span[normalize-space()='Products']
[INFO] 30-09-2024 21:08:21 [TestNG-tests-1] Log - Click element:By.xpath: //span[normalize-space()='Brand']
[INFO] 30-09-2024 21:08:22 [TestNG-tests-1] Log - Send text Brand nh√† tui to element By.xpath: //input[@id='search']
[INFO] 30-09-2024 21:08:23 [TestNG-tests-1] Log - Sleeping within 1 seconds to waiting
[INFO] 30-09-2024 21:08:33 [TestNG-tests-1] Log - Test case Searchbrand_ExistingSingle is passed.
[INFO] 30-09-2024 21:08:34 [TestNG-tests-1] Log - End testing Brand
[INFO] 30-09-2024 21:09:45 [main] Log - #########################################
[INFO] 30-09-2024 21:09:46 [main] Log - #########################################
[INFO] 30-09-2024 21:09:46 [main] Log - Running test case AddNewProduct_Success_WithColors
[INFO] 30-09-2024 21:09:49 [main] Log - Click element:By.xpath: //span[normalize-space()='Products']
[INFO] 30-09-2024 21:09:51 [main] Log - Click element:By.xpath: //span[normalize-space()='Add New Product']
[INFO] 30-09-2024 21:09:51 [main] Log - Send text B·nh t·o ˙c nh?p kh?u to element By.xpath: //label[contains(text(),'Product Name')]/following-sibling::div/input
[INFO] 30-09-2024 21:09:51 [main] Log - Click element:By.xpath: //label[contains(text(),'Category')]/following-sibling::div//button
[INFO] 30-09-2024 21:09:51 [main] Log - Send text Gi? b·nh k?o to element By.xpath: //label[contains(text(),'Category')]/following-sibling::div//input
[INFO] 30-09-2024 21:09:51 [main] Log - Select value Gi? b·nh k?o from dropdown By.xpath: //label[contains(text(),'Category')]/following-sibling::div//button
[INFO] 30-09-2024 21:09:51 [main] Log - Click element:By.xpath: //label[contains(text(),'Brand')]/following-sibling::div//button
[INFO] 30-09-2024 21:09:52 [main] Log - Send text san pham to element By.xpath: //label[contains(text(),'Brand')]/following-sibling::div//input
[INFO] 30-09-2024 21:09:52 [main] Log - Select value san pham from dropdown By.xpath: //label[contains(text(),'Brand')]/following-sibling::div//button
[INFO] 30-09-2024 21:09:52 [main] Log - Send text H?p to element By.xpath: //label[contains(text(),'Unit')]/following-sibling::div/input
[INFO] 30-09-2024 21:09:52 [main] Log - Send text 10 to element By.xpath: //label[contains(text(),'Weight')]/following-sibling::div/input
[INFO] 30-09-2024 21:09:52 [main] Log - Send text 100 to element By.xpath: //label[contains(text(),'Minimum Purchase Qty')]/following-sibling::div/input
[INFO] 30-09-2024 21:09:54 [main] Log - Sleeping within 2 seconds to waiting
[INFO] 30-09-2024 21:09:54 [main] Log - Scroll screen to element: By.xpath: //span[@role='textbox']
[INFO] 30-09-2024 21:09:54 [main] Log - Send text B·nh t·o to element By.xpath: //span[@role='textbox']
[INFO] 30-09-2024 21:09:54 [main] Log - Send text B·nh nh?p kh?u to element By.xpath: //span[@role='textbox']
[INFO] 30-09-2024 21:09:54 [main] Log - Send text ⁄c to element By.xpath: //span[@role='textbox']
[INFO] 30-09-2024 21:09:54 [main] Log - Scroll screen to element: By.xpath: //h5[normalize-space()='Product Variation']
[INFO] 30-09-2024 21:09:54 [main] Log - Click element:By.xpath: //input[@name='colors_active']/following-sibling::span
[INFO] 30-09-2024 21:09:55 [main] Log - Click element://select[@id='colors']/following-sibling::button
[INFO] 30-09-2024 21:09:55 [main] Log - Send text Yellow to element //select[@id='colors']/following-sibling::div//input
[INFO] 30-09-2024 21:09:55 [main] Log - Click element://select[@id='colors']/following-sibling::div//span[text()='Yellow']
[INFO] 30-09-2024 21:09:55 [main] Log - Send text Blue to element //select[@id='colors']/following-sibling::div//input
[INFO] 30-09-2024 21:09:55 [main] Log - Click element://select[@id='colors']/following-sibling::div//span[text()='Blue']
[INFO] 30-09-2024 21:09:55 [main] Log - Send text Red to element //select[@id='colors']/following-sibling::div//input
[INFO] 30-09-2024 21:09:55 [main] Log - Click element://select[@id='colors']/following-sibling::div//span[text()='Red']
[INFO] 30-09-2024 21:09:56 [main] Log - Click element://select[@id='colors']/following-sibling::button
[INFO] 30-09-2024 21:09:56 [main] Log - Select value [Yellow, Blue, Red] from dropdown //select[@id='colors']
[INFO] 30-09-2024 21:09:56 [main] Log - Scroll screen to element: By.xpath: //h5[normalize-space()='Product price + stock']
[INFO] 30-09-2024 21:09:56 [main] Log - Send text 89000000 to element By.xpath: //label[contains(text(),'Unit price')]/following-sibling::div/input
[INFO] 30-09-2024 21:09:56 [main] Log - Send text 10 to element By.xpath: //h5[normalize-space()='Product price + stock']/following::input[@name='discount']
[INFO] 30-09-2024 21:09:56 [main] Log - Scroll screen to element: By.xpath: //button[normalize-space()='Save & Unpublish']
[INFO] 30-09-2024 21:09:57 [main] Log - Click element:By.xpath: //button[normalize-space()='Save & Unpublish']
[INFO] 30-09-2024 21:09:57 [main] Log - Test case AddNewProduct_Success_WithColors is passed.
[ERROR] 30-09-2024 21:09:57 [main] Log - Test case AddNewBrand is failed.
[ERROR] 30-09-2024 21:09:57 [main] Log - org.testng.TestNGException: 
Parameter 'brandsName' is required by @Test on method AddNewBrand but has not been marked @Optional or defined

[INFO] 30-09-2024 21:09:57 [main] Log - End testing Surefire test
[INFO] 03-10-2024 22:32:33 [TestNG-tests-1] Log - #########################################
[INFO] 03-10-2024 22:32:37 [TestNG-tests-1] Log - #########################################
[INFO] 03-10-2024 22:32:37 [TestNG-tests-1] Log - Running test case AddNewBrand
[INFO] 03-10-2024 22:32:43 [TestNG-tests-1] Log - Click element:By.xpath: //span[normalize-space()='Products']
[INFO] 03-10-2024 22:32:45 [TestNG-tests-1] Log - Click element:By.xpath: //span[normalize-space()='Brand']
[INFO] 03-10-2024 22:32:45 [TestNG-tests-1] Log - Send text CocaCola to element By.xpath: //label[normalize-space()='Name']/following-sibling::input
[INFO] 03-10-2024 22:32:45 [TestNG-tests-1] Log - Click element:By.xpath: //div[@class='form-control file-amount']
[INFO] 03-10-2024 22:32:45 [TestNG-tests-1] Log - Send text car to element By.xpath: //input[@placeholder='Search your files']
[INFO] 03-10-2024 22:32:46 [TestNG-tests-1] Log - Sleeping within 1 seconds to waiting
[INFO] 03-10-2024 22:32:46 [TestNG-tests-1] Log - Click element:By.xpath: //div[@class='aiz-file-box-wrap'][1]
[INFO] 03-10-2024 22:32:46 [TestNG-tests-1] Log - Click element:By.xpath: //button[text()='Add Files']
[INFO] 03-10-2024 22:32:47 [TestNG-tests-1] Log - Send text Ti√™u ƒë·ªÅ t√™n h√£ng 001 to element By.xpath: //label[normalize-space()='Meta Title']/following-sibling::input
[INFO] 03-10-2024 22:32:47 [TestNG-tests-1] Log - Send text M√¥ t·∫£ ti√™u ƒë·ªÅ t√™n h√£ng 001 to element By.xpath: //textarea[@name='meta_description']
[INFO] 03-10-2024 22:32:48 [TestNG-tests-1] Log - Click element:By.xpath: //button[normalize-space()='Save']
[ERROR] 03-10-2024 22:32:48 [TestNG-tests-1] Log - Test case AddNewBrand is failed.
[ERROR] 03-10-2024 22:32:48 [TestNG-tests-1] Log - java.lang.AssertionError: Not correct message content expected [Brand has been inserted successfully 123] but found [Brand has been inserted successfully]
[INFO] 03-10-2024 22:32:50 [TestNG-tests-1] Log - #########################################
[INFO] 03-10-2024 22:32:50 [TestNG-tests-1] Log - Running test case DeleteBrand
[INFO] 03-10-2024 22:32:53 [TestNG-tests-1] Log - Click element:By.xpath: //span[normalize-space()='Products']
[INFO] 03-10-2024 22:32:54 [TestNG-tests-1] Log - Click element:By.xpath: //span[normalize-space()='Brand']
[INFO] 03-10-2024 22:32:54 [TestNG-tests-1] Log - Send text CocaCola to element By.xpath: //input[@id='search']
[INFO] 03-10-2024 22:32:55 [TestNG-tests-1] Log - Sleeping within 1 seconds to waiting
[INFO] 03-10-2024 22:32:55 [TestNG-tests-1] Log - Click element://td[normalize-space()='CocaCola']/following-sibling::td//a[@title='Delete']
[INFO] 03-10-2024 22:32:57 [TestNG-tests-1] Log - Click element:By.xpath: //a[@id='delete-link']
[INFO] 03-10-2024 22:32:57 [TestNG-tests-1] Log - Verify success that message: Brand has been deleted successfully is displayed
[INFO] 03-10-2024 22:32:57 [TestNG-tests-1] Log - Send text CocaCola to element By.xpath: //input[@id='search']
[INFO] 03-10-2024 22:32:58 [TestNG-tests-1] Log - Sleeping within 1 seconds to waiting
[INFO] 03-10-2024 22:33:08 [TestNG-tests-1] Log - Test case DeleteBrand is passed.
[INFO] 03-10-2024 22:33:10 [TestNG-tests-1] Log - #########################################
[INFO] 03-10-2024 22:33:10 [TestNG-tests-1] Log - Running test case Searchbrand_ExistingMultiple
[INFO] 03-10-2024 22:33:18 [TestNG-tests-1] Log - Click element:By.xpath: //span[normalize-space()='Products']
[INFO] 03-10-2024 22:33:19 [TestNG-tests-1] Log - Click element:By.xpath: //span[normalize-space()='Brand']
[INFO] 03-10-2024 22:33:19 [TestNG-tests-1] Log - Send text Brand to element By.xpath: //input[@id='search']
[INFO] 03-10-2024 22:33:21 [TestNG-tests-1] Log - Sleeping within 1 seconds to waiting
[INFO] 03-10-2024 22:33:22 [TestNG-tests-1] Log - Click element://a[@rel='next']/parent::li
[INFO] 03-10-2024 22:33:23 [TestNG-tests-1] Log - Sleeping within 1 seconds to waiting
[INFO] 03-10-2024 22:33:24 [TestNG-tests-1] Log - Click element://a[@rel='next']/parent::li
[INFO] 03-10-2024 22:33:25 [TestNG-tests-1] Log - Sleeping within 1 seconds to waiting
[INFO] 03-10-2024 22:33:25 [TestNG-tests-1] Log - Search success
[INFO] 03-10-2024 22:33:25 [TestNG-tests-1] Log - Test case Searchbrand_ExistingMultiple is passed.
[INFO] 03-10-2024 22:33:26 [TestNG-tests-1] Log - #########################################
[INFO] 03-10-2024 22:33:26 [TestNG-tests-1] Log - Running test case Searchbrand_ExistingSingle
[INFO] 03-10-2024 22:33:29 [TestNG-tests-1] Log - Click element:By.xpath: //span[normalize-space()='Products']
[INFO] 03-10-2024 22:33:30 [TestNG-tests-1] Log - Click element:By.xpath: //span[normalize-space()='Brand']
[INFO] 03-10-2024 22:33:30 [TestNG-tests-1] Log - Send text Brand nh√† tui to element By.xpath: //input[@id='search']
[INFO] 03-10-2024 22:33:32 [TestNG-tests-1] Log - Sleeping within 1 seconds to waiting
[INFO] 03-10-2024 22:33:42 [TestNG-tests-1] Log - Test case Searchbrand_ExistingSingle is passed.
[INFO] 03-10-2024 22:33:42 [TestNG-tests-1] Log - End testing Brand
[INFO] 03-10-2024 22:37:47 [TestNG-tests-1] Log - #########################################
[INFO] 03-10-2024 22:37:48 [TestNG-tests-1] Log - #########################################
[INFO] 03-10-2024 22:37:48 [TestNG-tests-1] Log - Running test case AddNewBrand
[INFO] 03-10-2024 22:37:52 [TestNG-tests-1] Log - Click element:By.xpath: //span[normalize-space()='Products']
[INFO] 03-10-2024 22:37:52 [TestNG-tests-1] Log - Click element:By.xpath: //span[normalize-space()='Brand']
[INFO] 03-10-2024 22:37:53 [TestNG-tests-1] Log - Send text CocaCola to element By.xpath: //label[normalize-space()='Name']/following-sibling::input
[INFO] 03-10-2024 22:37:53 [TestNG-tests-1] Log - Click element:By.xpath: //div[@class='form-control file-amount']
[INFO] 03-10-2024 22:37:53 [TestNG-tests-1] Log - Send text car to element By.xpath: //input[@placeholder='Search your files']
[INFO] 03-10-2024 22:37:54 [TestNG-tests-1] Log - Sleeping within 1 seconds to waiting
[INFO] 03-10-2024 22:37:54 [TestNG-tests-1] Log - Click element:By.xpath: //div[@class='aiz-file-box-wrap'][1]
[INFO] 03-10-2024 22:37:54 [TestNG-tests-1] Log - Click element:By.xpath: //button[text()='Add Files']
[INFO] 03-10-2024 22:37:54 [TestNG-tests-1] Log - Send text Ti√™u ƒë·ªÅ t√™n h√£ng 001 to element By.xpath: //label[normalize-space()='Meta Title']/following-sibling::input
[INFO] 03-10-2024 22:37:54 [TestNG-tests-1] Log - Send text M√¥ t·∫£ ti√™u ƒë·ªÅ t√™n h√£ng 001 to element By.xpath: //textarea[@name='meta_description']
[INFO] 03-10-2024 22:37:55 [TestNG-tests-1] Log - Click element:By.xpath: //button[normalize-space()='Save']
[ERROR] 03-10-2024 22:37:55 [TestNG-tests-1] Log - Test case AddNewBrand is failed.
[ERROR] 03-10-2024 22:37:55 [TestNG-tests-1] Log - java.lang.AssertionError: Not correct message content expected [Brand has been inserted successfully 123] but found [Brand has been inserted successfully]
[INFO] 03-10-2024 22:37:57 [TestNG-tests-1] Log - #########################################
[INFO] 03-10-2024 22:37:57 [TestNG-tests-1] Log - Running test case DeleteBrand
[INFO] 03-10-2024 22:38:00 [TestNG-tests-1] Log - Click element:By.xpath: //span[normalize-space()='Products']
[INFO] 03-10-2024 22:38:01 [TestNG-tests-1] Log - Click element:By.xpath: //span[normalize-space()='Brand']
[INFO] 03-10-2024 22:38:01 [TestNG-tests-1] Log - Send text CocaCola to element By.xpath: //input[@id='search']
[INFO] 03-10-2024 22:38:03 [TestNG-tests-1] Log - Sleeping within 1 seconds to waiting
[INFO] 03-10-2024 22:38:03 [TestNG-tests-1] Log - Click element://td[normalize-space()='CocaCola']/following-sibling::td//a[@title='Delete']
[INFO] 03-10-2024 22:38:05 [TestNG-tests-1] Log - Click element:By.xpath: //a[@id='delete-link']
[INFO] 03-10-2024 22:38:05 [TestNG-tests-1] Log - Verify success that message: Brand has been deleted successfully is displayed
[INFO] 03-10-2024 22:38:05 [TestNG-tests-1] Log - Send text CocaCola to element By.xpath: //input[@id='search']
[INFO] 03-10-2024 22:38:06 [TestNG-tests-1] Log - Sleeping within 1 seconds to waiting
[INFO] 03-10-2024 22:38:17 [TestNG-tests-1] Log - Test case DeleteBrand is passed.
[INFO] 03-10-2024 22:38:18 [TestNG-tests-1] Log - #########################################
[INFO] 03-10-2024 22:38:18 [TestNG-tests-1] Log - Running test case Searchbrand_ExistingMultiple
[INFO] 03-10-2024 22:38:21 [TestNG-tests-1] Log - Click element:By.xpath: //span[normalize-space()='Products']
[INFO] 03-10-2024 22:38:22 [TestNG-tests-1] Log - Click element:By.xpath: //span[normalize-space()='Brand']
[INFO] 03-10-2024 22:38:22 [TestNG-tests-1] Log - Send text Brand to element By.xpath: //input[@id='search']
[INFO] 03-10-2024 22:38:23 [TestNG-tests-1] Log - Sleeping within 1 seconds to waiting
[INFO] 03-10-2024 22:38:24 [TestNG-tests-1] Log - Click element://a[@rel='next']/parent::li
[INFO] 03-10-2024 22:38:25 [TestNG-tests-1] Log - Sleeping within 1 seconds to waiting
[INFO] 03-10-2024 22:38:26 [TestNG-tests-1] Log - Click element://a[@rel='next']/parent::li
[INFO] 03-10-2024 22:38:27 [TestNG-tests-1] Log - Sleeping within 1 seconds to waiting
[INFO] 03-10-2024 22:38:27 [TestNG-tests-1] Log - Search success
[INFO] 03-10-2024 22:38:27 [TestNG-tests-1] Log - Test case Searchbrand_ExistingMultiple is passed.
[INFO] 03-10-2024 22:38:28 [TestNG-tests-1] Log - #########################################
[INFO] 03-10-2024 22:38:28 [TestNG-tests-1] Log - Running test case Searchbrand_ExistingSingle
[INFO] 03-10-2024 22:38:31 [TestNG-tests-1] Log - Click element:By.xpath: //span[normalize-space()='Products']
[INFO] 03-10-2024 22:38:32 [TestNG-tests-1] Log - Click element:By.xpath: //span[normalize-space()='Brand']
[INFO] 03-10-2024 22:38:33 [TestNG-tests-1] Log - Send text Brand nh√† tui to element By.xpath: //input[@id='search']
[INFO] 03-10-2024 22:38:34 [TestNG-tests-1] Log - Sleeping within 1 seconds to waiting
[INFO] 03-10-2024 22:38:44 [TestNG-tests-1] Log - Test case Searchbrand_ExistingSingle is passed.
[INFO] 03-10-2024 22:38:44 [TestNG-tests-1] Log - End testing Brand
[INFO] 03-10-2024 23:16:51 [TestNG-tests-1] Log - #########################################
[INFO] 03-10-2024 23:16:53 [TestNG-tests-1] Log - #########################################
[INFO] 03-10-2024 23:16:53 [TestNG-tests-1] Log - Running test case AddNewBrand
[INFO] 03-10-2024 23:16:56 [TestNG-tests-1] Log - Click element:By.xpath: //span[normalize-space()='Products']
[INFO] 03-10-2024 23:16:56 [TestNG-tests-1] Log - Click element:By.xpath: //span[normalize-space()='Brand']
[INFO] 03-10-2024 23:16:57 [TestNG-tests-1] Log - Send text CocaCola to element By.xpath: //label[normalize-space()='Name']/following-sibling::input
[INFO] 03-10-2024 23:16:57 [TestNG-tests-1] Log - Click element:By.xpath: //div[@class='form-control file-amount']
[INFO] 03-10-2024 23:16:57 [TestNG-tests-1] Log - Send text car to element By.xpath: //input[@placeholder='Search your files']
[INFO] 03-10-2024 23:16:58 [TestNG-tests-1] Log - Sleeping within 1 seconds to waiting
[INFO] 03-10-2024 23:16:58 [TestNG-tests-1] Log - Click element:By.xpath: //div[@class='aiz-file-box-wrap'][1]
[INFO] 03-10-2024 23:16:58 [TestNG-tests-1] Log - Click element:By.xpath: //button[text()='Add Files']
[INFO] 03-10-2024 23:16:58 [TestNG-tests-1] Log - Send text TiÍu ?? tÍn h„ng 001 to element By.xpath: //label[normalize-space()='Meta Title']/following-sibling::input
[INFO] 03-10-2024 23:16:58 [TestNG-tests-1] Log - Send text MÙ t? tiÍu ?? tÍn h„ng 001 to element By.xpath: //textarea[@name='meta_description']
[INFO] 03-10-2024 23:16:59 [TestNG-tests-1] Log - Click element:By.xpath: //button[normalize-space()='Save']
[ERROR] 03-10-2024 23:16:59 [TestNG-tests-1] Log - Test case AddNewBrand is failed.
[ERROR] 03-10-2024 23:16:59 [TestNG-tests-1] Log - java.lang.AssertionError: Not correct message content expected [Brand has been inserted successfully 123] but found [Brand has been inserted successfully]
[INFO] 03-10-2024 23:17:01 [TestNG-tests-1] Log - #########################################
[INFO] 03-10-2024 23:17:01 [TestNG-tests-1] Log - Running test case DeleteBrand
[INFO] 03-10-2024 23:17:04 [TestNG-tests-1] Log - Click element:By.xpath: //span[normalize-space()='Products']
[INFO] 03-10-2024 23:17:06 [TestNG-tests-1] Log - Click element:By.xpath: //span[normalize-space()='Brand']
[INFO] 03-10-2024 23:17:06 [TestNG-tests-1] Log - Send text CocaCola to element By.xpath: //input[@id='search']
[INFO] 03-10-2024 23:17:08 [TestNG-tests-1] Log - Sleeping within 1 seconds to waiting
[INFO] 03-10-2024 23:17:08 [TestNG-tests-1] Log - Click element://td[normalize-space()='CocaCola']/following-sibling::td//a[@title='Delete']
[INFO] 03-10-2024 23:17:09 [TestNG-tests-1] Log - Click element:By.xpath: //a[@id='delete-link']
[INFO] 03-10-2024 23:17:09 [TestNG-tests-1] Log - Verify success that message: Brand has been deleted successfully is displayed
[INFO] 03-10-2024 23:17:09 [TestNG-tests-1] Log - Send text CocaCola to element By.xpath: //input[@id='search']
[INFO] 03-10-2024 23:17:10 [TestNG-tests-1] Log - Sleeping within 1 seconds to waiting
[INFO] 03-10-2024 23:17:21 [TestNG-tests-1] Log - Test case DeleteBrand is passed.
[INFO] 03-10-2024 23:17:22 [TestNG-tests-1] Log - #########################################
[INFO] 03-10-2024 23:17:22 [TestNG-tests-1] Log - Running test case Searchbrand_ExistingMultiple
[INFO] 03-10-2024 23:17:24 [TestNG-tests-1] Log - Click element:By.xpath: //span[normalize-space()='Products']
[INFO] 03-10-2024 23:17:25 [TestNG-tests-1] Log - Click element:By.xpath: //span[normalize-space()='Brand']
[INFO] 03-10-2024 23:17:25 [TestNG-tests-1] Log - Send text Brand to element By.xpath: //input[@id='search']
[INFO] 03-10-2024 23:17:27 [TestNG-tests-1] Log - Sleeping within 1 seconds to waiting
[INFO] 03-10-2024 23:17:28 [TestNG-tests-1] Log - Click element://a[@rel='next']/parent::li
[INFO] 03-10-2024 23:17:29 [TestNG-tests-1] Log - Sleeping within 1 seconds to waiting
[INFO] 03-10-2024 23:17:29 [TestNG-tests-1] Log - Click element://a[@rel='next']/parent::li
[INFO] 03-10-2024 23:17:31 [TestNG-tests-1] Log - Sleeping within 1 seconds to waiting
[INFO] 03-10-2024 23:17:31 [TestNG-tests-1] Log - Search success
[INFO] 03-10-2024 23:17:31 [TestNG-tests-1] Log - Test case Searchbrand_ExistingMultiple is passed.
[INFO] 03-10-2024 23:17:32 [TestNG-tests-1] Log - #########################################
[INFO] 03-10-2024 23:17:32 [TestNG-tests-1] Log - Running test case Searchbrand_ExistingSingle
[INFO] 03-10-2024 23:17:35 [TestNG-tests-1] Log - Click element:By.xpath: //span[normalize-space()='Products']
[INFO] 03-10-2024 23:17:36 [TestNG-tests-1] Log - Click element:By.xpath: //span[normalize-space()='Brand']
[INFO] 03-10-2024 23:17:36 [TestNG-tests-1] Log - Send text Brand nh‡ tui to element By.xpath: //input[@id='search']
[INFO] 03-10-2024 23:17:38 [TestNG-tests-1] Log - Sleeping within 1 seconds to waiting
[INFO] 03-10-2024 23:17:48 [TestNG-tests-1] Log - Test case Searchbrand_ExistingSingle is passed.
[INFO] 03-10-2024 23:17:48 [TestNG-tests-1] Log - End testing Brand
[INFO] 03-10-2024 23:18:35 [TestNG-tests-1] Log - #########################################
[INFO] 03-10-2024 23:18:36 [TestNG-tests-1] Log - #########################################
[INFO] 03-10-2024 23:18:36 [TestNG-tests-1] Log - Running test case AddNewBrand
[INFO] 03-10-2024 23:18:39 [TestNG-tests-1] Log - Click element:By.xpath: //span[normalize-space()='Products']
[INFO] 03-10-2024 23:18:40 [TestNG-tests-1] Log - Click element:By.xpath: //span[normalize-space()='Brand']
[INFO] 03-10-2024 23:18:40 [TestNG-tests-1] Log - Send text CocaCola to element By.xpath: //label[normalize-space()='Name']/following-sibling::input
[INFO] 03-10-2024 23:18:40 [TestNG-tests-1] Log - Click element:By.xpath: //div[@class='form-control file-amount']
[INFO] 03-10-2024 23:18:40 [TestNG-tests-1] Log - Send text car to element By.xpath: //input[@placeholder='Search your files']
[INFO] 03-10-2024 23:18:41 [TestNG-tests-1] Log - Sleeping within 1 seconds to waiting
[INFO] 03-10-2024 23:18:41 [TestNG-tests-1] Log - Click element:By.xpath: //div[@class='aiz-file-box-wrap'][1]
[INFO] 03-10-2024 23:18:41 [TestNG-tests-1] Log - Click element:By.xpath: //button[text()='Add Files']
[INFO] 03-10-2024 23:18:41 [TestNG-tests-1] Log - Send text TiÍu ?? tÍn h„ng 001 to element By.xpath: //label[normalize-space()='Meta Title']/following-sibling::input
[INFO] 03-10-2024 23:18:41 [TestNG-tests-1] Log - Send text MÙ t? tiÍu ?? tÍn h„ng 001 to element By.xpath: //textarea[@name='meta_description']
[INFO] 03-10-2024 23:18:42 [TestNG-tests-1] Log - Click element:By.xpath: //button[normalize-space()='Save']
[ERROR] 03-10-2024 23:18:42 [TestNG-tests-1] Log - Test case AddNewBrand is failed.
[ERROR] 03-10-2024 23:18:42 [TestNG-tests-1] Log - java.lang.AssertionError: Not correct message content expected [Brand has been inserted successfully 123] but found [Brand has been inserted successfully]
[INFO] 03-10-2024 23:18:44 [TestNG-tests-1] Log - #########################################
[INFO] 03-10-2024 23:18:44 [TestNG-tests-1] Log - Running test case DeleteBrand
[INFO] 03-10-2024 23:18:46 [TestNG-tests-1] Log - Click element:By.xpath: //span[normalize-space()='Products']
[INFO] 03-10-2024 23:18:48 [TestNG-tests-1] Log - Click element:By.xpath: //span[normalize-space()='Brand']
[INFO] 03-10-2024 23:18:48 [TestNG-tests-1] Log - Send text CocaCola to element By.xpath: //input[@id='search']
[INFO] 03-10-2024 23:18:50 [TestNG-tests-1] Log - Sleeping within 1 seconds to waiting
[INFO] 03-10-2024 23:18:50 [TestNG-tests-1] Log - Click element://td[normalize-space()='CocaCola']/following-sibling::td//a[@title='Delete']
[INFO] 03-10-2024 23:18:51 [TestNG-tests-1] Log - Click element:By.xpath: //a[@id='delete-link']
[INFO] 03-10-2024 23:18:51 [TestNG-tests-1] Log - Verify success that message: Brand has been deleted successfully is displayed
[INFO] 03-10-2024 23:18:51 [TestNG-tests-1] Log - Send text CocaCola to element By.xpath: //input[@id='search']
[INFO] 03-10-2024 23:18:52 [TestNG-tests-1] Log - Sleeping within 1 seconds to waiting
[INFO] 03-10-2024 23:19:03 [TestNG-tests-1] Log - Test case DeleteBrand is passed.
[INFO] 03-10-2024 23:19:04 [TestNG-tests-1] Log - #########################################
[INFO] 03-10-2024 23:19:04 [TestNG-tests-1] Log - Running test case Searchbrand_ExistingMultiple
[INFO] 03-10-2024 23:19:07 [TestNG-tests-1] Log - Click element:By.xpath: //span[normalize-space()='Products']
[INFO] 03-10-2024 23:19:08 [TestNG-tests-1] Log - Click element:By.xpath: //span[normalize-space()='Brand']
[INFO] 03-10-2024 23:19:08 [TestNG-tests-1] Log - Send text Brand to element By.xpath: //input[@id='search']
[INFO] 03-10-2024 23:19:10 [TestNG-tests-1] Log - Sleeping within 1 seconds to waiting
[INFO] 03-10-2024 23:19:11 [TestNG-tests-1] Log - Click element://a[@rel='next']/parent::li
[INFO] 03-10-2024 23:19:12 [TestNG-tests-1] Log - Sleeping within 1 seconds to waiting
[INFO] 03-10-2024 23:19:12 [TestNG-tests-1] Log - Click element://a[@rel='next']/parent::li
[INFO] 03-10-2024 23:19:14 [TestNG-tests-1] Log - Sleeping within 1 seconds to waiting
[INFO] 03-10-2024 23:19:14 [TestNG-tests-1] Log - Search success
[INFO] 03-10-2024 23:19:14 [TestNG-tests-1] Log - Test case Searchbrand_ExistingMultiple is passed.
[INFO] 03-10-2024 23:19:15 [TestNG-tests-1] Log - #########################################
[INFO] 03-10-2024 23:19:15 [TestNG-tests-1] Log - Running test case Searchbrand_ExistingSingle
[INFO] 03-10-2024 23:19:18 [TestNG-tests-1] Log - Click element:By.xpath: //span[normalize-space()='Products']
[INFO] 03-10-2024 23:19:19 [TestNG-tests-1] Log - Click element:By.xpath: //span[normalize-space()='Brand']
[INFO] 03-10-2024 23:19:19 [TestNG-tests-1] Log - Send text Brand nh‡ tui to element By.xpath: //input[@id='search']
[INFO] 03-10-2024 23:19:21 [TestNG-tests-1] Log - Sleeping within 1 seconds to waiting
[INFO] 03-10-2024 23:19:31 [TestNG-tests-1] Log - Test case Searchbrand_ExistingSingle is passed.
[INFO] 03-10-2024 23:19:31 [TestNG-tests-1] Log - End testing Brand
[INFO] 05-10-2024 13:40:29 [TestNG-tests-1] Log - #########################################
[INFO] 05-10-2024 13:40:31 [TestNG-tests-1] Log - #########################################
[INFO] 05-10-2024 13:40:31 [TestNG-tests-1] Log - Running test case AddNewBrand
[INFO] 05-10-2024 13:40:34 [TestNG-tests-1] Log - Click element:By.xpath: //span[normalize-space()='Products']
[INFO] 05-10-2024 13:40:35 [TestNG-tests-1] Log - Click element:By.xpath: //span[normalize-space()='Brand']
[INFO] 05-10-2024 13:40:35 [TestNG-tests-1] Log - Send text CocaCola to element By.xpath: //label[normalize-space()='Name']/following-sibling::input
[INFO] 05-10-2024 13:40:35 [TestNG-tests-1] Log - Click element:By.xpath: //div[@class='form-control file-amount']
[INFO] 05-10-2024 13:40:36 [TestNG-tests-1] Log - Send text car to element By.xpath: //input[@placeholder='Search your files']
[INFO] 05-10-2024 13:40:37 [TestNG-tests-1] Log - Sleeping within 1 seconds to waiting
[INFO] 05-10-2024 13:40:37 [TestNG-tests-1] Log - Click element:By.xpath: //div[@class='aiz-file-box-wrap'][1]
[INFO] 05-10-2024 13:40:37 [TestNG-tests-1] Log - Click element:By.xpath: //button[text()='Add Files']
[INFO] 05-10-2024 13:40:37 [TestNG-tests-1] Log - Send text TiÍu ?? tÍn h„ng 001 to element By.xpath: //label[normalize-space()='Meta Title']/following-sibling::input
[INFO] 05-10-2024 13:40:37 [TestNG-tests-1] Log - Send text MÙ t? tiÍu ?? tÍn h„ng 001 to element By.xpath: //textarea[@name='meta_description']
[INFO] 05-10-2024 13:40:38 [TestNG-tests-1] Log - Click element:By.xpath: //button[normalize-space()='Save']
[ERROR] 05-10-2024 13:40:38 [TestNG-tests-1] Log - Test case AddNewBrand is failed.
[ERROR] 05-10-2024 13:40:38 [TestNG-tests-1] Log - java.lang.AssertionError: Not correct message content expected [Brand has been inserted successfully 123] but found [Brand has been inserted successfully]
[INFO] 05-10-2024 13:40:39 [TestNG-tests-1] Log - #########################################
[INFO] 05-10-2024 13:40:39 [TestNG-tests-1] Log - Running test case DeleteBrand
[INFO] 05-10-2024 13:40:42 [TestNG-tests-1] Log - Click element:By.xpath: //span[normalize-space()='Products']
[INFO] 05-10-2024 13:40:43 [TestNG-tests-1] Log - Click element:By.xpath: //span[normalize-space()='Brand']
[INFO] 05-10-2024 13:40:43 [TestNG-tests-1] Log - Send text CocaCola to element By.xpath: //input[@id='search']
[INFO] 05-10-2024 13:40:45 [TestNG-tests-1] Log - Sleeping within 1 seconds to waiting
[INFO] 05-10-2024 13:40:45 [TestNG-tests-1] Log - Click element://td[normalize-space()='CocaCola']/following-sibling::td//a[@title='Delete']
[INFO] 05-10-2024 13:40:45 [TestNG-tests-1] Log - Click element:By.xpath: //a[@id='delete-link']
[INFO] 05-10-2024 13:40:46 [TestNG-tests-1] Log - Verify success that message: Brand has been deleted successfully is displayed
[INFO] 05-10-2024 13:40:46 [TestNG-tests-1] Log - Send text CocaCola to element By.xpath: //input[@id='search']
[INFO] 05-10-2024 13:40:47 [TestNG-tests-1] Log - Sleeping within 1 seconds to waiting
[INFO] 05-10-2024 13:40:57 [TestNG-tests-1] Log - Test case DeleteBrand is passed.
[INFO] 05-10-2024 13:40:58 [TestNG-tests-1] Log - #########################################
[INFO] 05-10-2024 13:40:58 [TestNG-tests-1] Log - Running test case Searchbrand_ExistingMultiple
[INFO] 05-10-2024 13:41:01 [TestNG-tests-1] Log - Click element:By.xpath: //span[normalize-space()='Products']
[INFO] 05-10-2024 13:41:02 [TestNG-tests-1] Log - Click element:By.xpath: //span[normalize-space()='Brand']
[INFO] 05-10-2024 13:41:02 [TestNG-tests-1] Log - Send text Brand to element By.xpath: //input[@id='search']
[INFO] 05-10-2024 13:41:03 [TestNG-tests-1] Log - Sleeping within 1 seconds to waiting
[INFO] 05-10-2024 13:41:05 [TestNG-tests-1] Log - Click element://a[@rel='next']/parent::li
[INFO] 05-10-2024 13:41:06 [TestNG-tests-1] Log - Sleeping within 1 seconds to waiting
[INFO] 05-10-2024 13:41:06 [TestNG-tests-1] Log - Click element://a[@rel='next']/parent::li
[INFO] 05-10-2024 13:41:08 [TestNG-tests-1] Log - Sleeping within 1 seconds to waiting
[INFO] 05-10-2024 13:41:08 [TestNG-tests-1] Log - Search success
[INFO] 05-10-2024 13:41:08 [TestNG-tests-1] Log - Test case Searchbrand_ExistingMultiple is passed.
[INFO] 05-10-2024 13:41:09 [TestNG-tests-1] Log - #########################################
[INFO] 05-10-2024 13:41:09 [TestNG-tests-1] Log - Running test case Searchbrand_ExistingSingle
[INFO] 05-10-2024 13:41:11 [TestNG-tests-1] Log - Click element:By.xpath: //span[normalize-space()='Products']
[INFO] 05-10-2024 13:41:12 [TestNG-tests-1] Log - Click element:By.xpath: //span[normalize-space()='Brand']
[INFO] 05-10-2024 13:41:12 [TestNG-tests-1] Log - Send text Brand nh‡ tui to element By.xpath: //input[@id='search']
[INFO] 05-10-2024 13:41:13 [TestNG-tests-1] Log - Sleeping within 1 seconds to waiting
[INFO] 05-10-2024 13:41:23 [TestNG-tests-1] Log - Test case Searchbrand_ExistingSingle is passed.
[INFO] 05-10-2024 13:41:24 [TestNG-tests-1] Log - End testing Brand
[INFO] 05-10-2024 13:42:27 [TestNG-tests-1] Log - #########################################
[INFO] 05-10-2024 13:42:29 [TestNG-tests-1] Log - #########################################
[INFO] 05-10-2024 13:42:29 [TestNG-tests-1] Log - Running test case AddNewBrand
[INFO] 05-10-2024 13:42:33 [TestNG-tests-1] Log - Click element:By.xpath: //span[normalize-space()='Products']
[INFO] 05-10-2024 13:42:34 [TestNG-tests-1] Log - Click element:By.xpath: //span[normalize-space()='Brand']
[INFO] 05-10-2024 13:42:34 [TestNG-tests-1] Log - Send text CocaCola to element By.xpath: //label[normalize-space()='Name']/following-sibling::input
[INFO] 05-10-2024 13:42:34 [TestNG-tests-1] Log - Click element:By.xpath: //div[@class='form-control file-amount']
[INFO] 05-10-2024 13:42:35 [TestNG-tests-1] Log - Send text car to element By.xpath: //input[@placeholder='Search your files']
[INFO] 05-10-2024 13:42:36 [TestNG-tests-1] Log - Sleeping within 1 seconds to waiting
[INFO] 05-10-2024 13:42:36 [TestNG-tests-1] Log - Click element:By.xpath: //div[@class='aiz-file-box-wrap'][1]
[INFO] 05-10-2024 13:42:36 [TestNG-tests-1] Log - Click element:By.xpath: //button[text()='Add Files']
[INFO] 05-10-2024 13:42:36 [TestNG-tests-1] Log - Send text TiÍu ?? tÍn h„ng 001 to element By.xpath: //label[normalize-space()='Meta Title']/following-sibling::input
[INFO] 05-10-2024 13:42:36 [TestNG-tests-1] Log - Send text MÙ t? tiÍu ?? tÍn h„ng 001 to element By.xpath: //textarea[@name='meta_description']
[INFO] 05-10-2024 13:42:37 [TestNG-tests-1] Log - Click element:By.xpath: //button[normalize-space()='Save']
[ERROR] 05-10-2024 13:42:37 [TestNG-tests-1] Log - Test case AddNewBrand is failed.
[ERROR] 05-10-2024 13:42:37 [TestNG-tests-1] Log - java.lang.AssertionError: Not correct message content expected [Brand has been inserted successfully 123] but found [Brand has been inserted successfully]
[INFO] 05-10-2024 13:42:39 [TestNG-tests-1] Log - #########################################
[INFO] 05-10-2024 13:42:39 [TestNG-tests-1] Log - Running test case DeleteBrand
[INFO] 05-10-2024 13:42:41 [TestNG-tests-1] Log - Click element:By.xpath: //span[normalize-space()='Products']
[INFO] 05-10-2024 13:42:42 [TestNG-tests-1] Log - Click element:By.xpath: //span[normalize-space()='Brand']
[INFO] 05-10-2024 13:42:42 [TestNG-tests-1] Log - Send text CocaCola to element By.xpath: //input[@id='search']
[INFO] 05-10-2024 13:42:44 [TestNG-tests-1] Log - Sleeping within 1 seconds to waiting
[INFO] 05-10-2024 13:42:44 [TestNG-tests-1] Log - Click element://td[normalize-space()='CocaCola']/following-sibling::td//a[@title='Delete']
[INFO] 05-10-2024 13:42:44 [TestNG-tests-1] Log - Click element:By.xpath: //a[@id='delete-link']
[INFO] 05-10-2024 13:42:44 [TestNG-tests-1] Log - Verify success that message: Brand has been deleted successfully is displayed
[INFO] 05-10-2024 13:42:45 [TestNG-tests-1] Log - Send text CocaCola to element By.xpath: //input[@id='search']
[INFO] 05-10-2024 13:42:46 [TestNG-tests-1] Log - Sleeping within 1 seconds to waiting
[INFO] 05-10-2024 13:42:56 [TestNG-tests-1] Log - Test case DeleteBrand is passed.
[INFO] 05-10-2024 13:42:57 [TestNG-tests-1] Log - #########################################
[INFO] 05-10-2024 13:42:57 [TestNG-tests-1] Log - Running test case Searchbrand_ExistingMultiple
[INFO] 05-10-2024 13:43:00 [TestNG-tests-1] Log - Click element:By.xpath: //span[normalize-space()='Products']
[INFO] 05-10-2024 13:43:01 [TestNG-tests-1] Log - Click element:By.xpath: //span[normalize-space()='Brand']
[INFO] 05-10-2024 13:43:01 [TestNG-tests-1] Log - Send text Brand to element By.xpath: //input[@id='search']
[INFO] 05-10-2024 13:43:03 [TestNG-tests-1] Log - Sleeping within 1 seconds to waiting
[INFO] 05-10-2024 13:43:04 [TestNG-tests-1] Log - Click element://a[@rel='next']/parent::li
[INFO] 05-10-2024 13:43:05 [TestNG-tests-1] Log - Sleeping within 1 seconds to waiting
[INFO] 05-10-2024 13:43:06 [TestNG-tests-1] Log - Click element://a[@rel='next']/parent::li
[INFO] 05-10-2024 13:43:07 [TestNG-tests-1] Log - Sleeping within 1 seconds to waiting
[INFO] 05-10-2024 13:43:07 [TestNG-tests-1] Log - Search success
[INFO] 05-10-2024 13:43:07 [TestNG-tests-1] Log - Test case Searchbrand_ExistingMultiple is passed.
[INFO] 05-10-2024 13:43:08 [TestNG-tests-1] Log - #########################################
[INFO] 05-10-2024 13:43:08 [TestNG-tests-1] Log - Running test case Searchbrand_ExistingSingle
[INFO] 05-10-2024 13:43:10 [TestNG-tests-1] Log - Click element:By.xpath: //span[normalize-space()='Products']
[INFO] 05-10-2024 13:43:11 [TestNG-tests-1] Log - Click element:By.xpath: //span[normalize-space()='Brand']
[INFO] 05-10-2024 13:43:11 [TestNG-tests-1] Log - Send text Brand nh‡ tui to element By.xpath: //input[@id='search']
[INFO] 05-10-2024 13:43:13 [TestNG-tests-1] Log - Sleeping within 1 seconds to waiting
[INFO] 05-10-2024 13:43:23 [TestNG-tests-1] Log - Test case Searchbrand_ExistingSingle is passed.
[INFO] 05-10-2024 13:43:23 [TestNG-tests-1] Log - End testing Brand
[INFO] 05-10-2024 13:45:43 [TestNG-tests-1] Log - #########################################
[INFO] 05-10-2024 13:45:44 [TestNG-tests-1] Log - #########################################
[INFO] 05-10-2024 13:45:44 [TestNG-tests-1] Log - Running test case AddNewBrand
[INFO] 05-10-2024 13:45:47 [TestNG-tests-1] Log - Click element:By.xpath: //span[normalize-space()='Products']
[INFO] 05-10-2024 13:45:48 [TestNG-tests-1] Log - Click element:By.xpath: //span[normalize-space()='Brand']
[INFO] 05-10-2024 13:45:48 [TestNG-tests-1] Log - Send text CocaCola to element By.xpath: //label[normalize-space()='Name']/following-sibling::input
[INFO] 05-10-2024 13:45:48 [TestNG-tests-1] Log - Click element:By.xpath: //div[@class='form-control file-amount']
[INFO] 05-10-2024 13:45:48 [TestNG-tests-1] Log - Send text car to element By.xpath: //input[@placeholder='Search your files']
[INFO] 05-10-2024 13:45:49 [TestNG-tests-1] Log - Sleeping within 1 seconds to waiting
[INFO] 05-10-2024 13:45:49 [TestNG-tests-1] Log - Click element:By.xpath: //div[@class='aiz-file-box-wrap'][1]
[INFO] 05-10-2024 13:45:49 [TestNG-tests-1] Log - Click element:By.xpath: //button[text()='Add Files']
[INFO] 05-10-2024 13:45:49 [TestNG-tests-1] Log - Send text TiÍu ?? tÍn h„ng 001 to element By.xpath: //label[normalize-space()='Meta Title']/following-sibling::input
[INFO] 05-10-2024 13:45:49 [TestNG-tests-1] Log - Send text MÙ t? tiÍu ?? tÍn h„ng 001 to element By.xpath: //textarea[@name='meta_description']
[INFO] 05-10-2024 13:45:50 [TestNG-tests-1] Log - Click element:By.xpath: //button[normalize-space()='Save']
[ERROR] 05-10-2024 13:45:50 [TestNG-tests-1] Log - Test case AddNewBrand is failed.
[ERROR] 05-10-2024 13:45:50 [TestNG-tests-1] Log - java.lang.AssertionError: Not correct message content expected [Brand has been inserted successfully 123] but found [Brand has been inserted successfully]
[INFO] 05-10-2024 13:45:52 [TestNG-tests-1] Log - #########################################
[INFO] 05-10-2024 13:45:52 [TestNG-tests-1] Log - Running test case DeleteBrand
[INFO] 05-10-2024 13:45:54 [TestNG-tests-1] Log - Click element:By.xpath: //span[normalize-space()='Products']
[INFO] 05-10-2024 13:45:55 [TestNG-tests-1] Log - Click element:By.xpath: //span[normalize-space()='Brand']
[INFO] 05-10-2024 13:45:55 [TestNG-tests-1] Log - Send text CocaCola to element By.xpath: //input[@id='search']
[INFO] 05-10-2024 13:45:56 [TestNG-tests-1] Log - Sleeping within 1 seconds to waiting
[INFO] 05-10-2024 13:45:56 [TestNG-tests-1] Log - Click element://td[normalize-space()='CocaCola']/following-sibling::td//a[@title='Delete']
[INFO] 05-10-2024 13:45:57 [TestNG-tests-1] Log - Click element:By.xpath: //a[@id='delete-link']
[INFO] 05-10-2024 13:45:57 [TestNG-tests-1] Log - Verify success that message: Brand has been deleted successfully is displayed
[INFO] 05-10-2024 13:45:57 [TestNG-tests-1] Log - Send text CocaCola to element By.xpath: //input[@id='search']
[INFO] 05-10-2024 13:45:58 [TestNG-tests-1] Log - Sleeping within 1 seconds to waiting
[INFO] 05-10-2024 13:46:08 [TestNG-tests-1] Log - Test case DeleteBrand is passed.
[INFO] 05-10-2024 13:46:10 [TestNG-tests-1] Log - #########################################
[INFO] 05-10-2024 13:46:10 [TestNG-tests-1] Log - Running test case Searchbrand_ExistingMultiple
[INFO] 05-10-2024 13:46:12 [TestNG-tests-1] Log - Click element:By.xpath: //span[normalize-space()='Products']
[INFO] 05-10-2024 13:46:12 [TestNG-tests-1] Log - Click element:By.xpath: //span[normalize-space()='Brand']
[INFO] 05-10-2024 13:46:13 [TestNG-tests-1] Log - Send text Brand to element By.xpath: //input[@id='search']
[INFO] 05-10-2024 13:46:14 [TestNG-tests-1] Log - Sleeping within 1 seconds to waiting
[INFO] 05-10-2024 13:46:15 [TestNG-tests-1] Log - Click element://a[@rel='next']/parent::li
[INFO] 05-10-2024 13:46:16 [TestNG-tests-1] Log - Sleeping within 1 seconds to waiting
[INFO] 05-10-2024 13:46:16 [TestNG-tests-1] Log - Click element://a[@rel='next']/parent::li
[INFO] 05-10-2024 13:46:17 [TestNG-tests-1] Log - Sleeping within 1 seconds to waiting
[INFO] 05-10-2024 13:46:17 [TestNG-tests-1] Log - Search success
[INFO] 05-10-2024 13:46:17 [TestNG-tests-1] Log - Test case Searchbrand_ExistingMultiple is passed.
[INFO] 05-10-2024 13:46:19 [TestNG-tests-1] Log - #########################################
[INFO] 05-10-2024 13:46:19 [TestNG-tests-1] Log - Running test case Searchbrand_ExistingSingle
[INFO] 05-10-2024 13:46:21 [TestNG-tests-1] Log - Click element:By.xpath: //span[normalize-space()='Products']
[INFO] 05-10-2024 13:46:22 [TestNG-tests-1] Log - Click element:By.xpath: //span[normalize-space()='Brand']
[INFO] 05-10-2024 13:46:22 [TestNG-tests-1] Log - Send text Brand nh‡ tui to element By.xpath: //input[@id='search']
[INFO] 05-10-2024 13:46:23 [TestNG-tests-1] Log - Sleeping within 1 seconds to waiting
[INFO] 05-10-2024 13:46:33 [TestNG-tests-1] Log - Test case Searchbrand_ExistingSingle is passed.
[INFO] 05-10-2024 13:46:34 [TestNG-tests-1] Log - End testing Brand
[INFO] 05-10-2024 14:02:34 [TestNG-tests-1] Log - #########################################
[INFO] 05-10-2024 14:02:35 [TestNG-tests-1] Log - #########################################
[INFO] 05-10-2024 14:02:35 [TestNG-tests-1] Log - Running test case AddNewBrand
[INFO] 05-10-2024 14:02:38 [TestNG-tests-1] Log - Click element:By.xpath: //span[normalize-space()='Products']
[INFO] 05-10-2024 14:02:39 [TestNG-tests-1] Log - Click element:By.xpath: //span[normalize-space()='Brand']
[INFO] 05-10-2024 14:02:39 [TestNG-tests-1] Log - Send text CocaCola to element By.xpath: //label[normalize-space()='Name']/following-sibling::input
[INFO] 05-10-2024 14:02:39 [TestNG-tests-1] Log - Click element:By.xpath: //div[@class='form-control file-amount']
[INFO] 05-10-2024 14:02:39 [TestNG-tests-1] Log - Send text car to element By.xpath: //input[@placeholder='Search your files']
[INFO] 05-10-2024 14:02:40 [TestNG-tests-1] Log - Sleeping within 1 seconds to waiting
[INFO] 05-10-2024 14:02:40 [TestNG-tests-1] Log - Click element:By.xpath: //div[@class='aiz-file-box-wrap'][1]
[INFO] 05-10-2024 14:02:40 [TestNG-tests-1] Log - Click element:By.xpath: //button[text()='Add Files']
[INFO] 05-10-2024 14:02:41 [TestNG-tests-1] Log - Send text Ti√™u ƒë·ªÅ t√™n h√£ng 001 to element By.xpath: //label[normalize-space()='Meta Title']/following-sibling::input
[INFO] 05-10-2024 14:02:41 [TestNG-tests-1] Log - Send text M√¥ t·∫£ ti√™u ƒë·ªÅ t√™n h√£ng 001 to element By.xpath: //textarea[@name='meta_description']
[INFO] 05-10-2024 14:02:41 [TestNG-tests-1] Log - Click element:By.xpath: //button[normalize-space()='Save']
[ERROR] 05-10-2024 14:02:51 [TestNG-tests-1] Log - Test case AddNewBrand is failed.
[ERROR] 05-10-2024 14:02:51 [TestNG-tests-1] Log - org.openqa.selenium.NoSuchElementException: no such element: Unable to locate element: {"method":"xpath","selector":"//span[@data-notify='message']"}
  (Session info: chrome=129.0.6668.90)
For documentation on this error, please visit: https://www.selenium.dev/documentation/webdriver/troubleshooting/errors#no-such-element-exception
Build info: version: '4.24.0', revision: '748ffc9bc3'
System info: os.name: 'Windows 10', os.arch: 'amd64', os.version: '10.0', java.version: '11.0.20'
Driver info: org.openqa.selenium.chrome.ChromeDriver
Command: [b7dc5adc83abcbea82fc4ef4d0d05d28, findElement {using=xpath, value=//span[@data-notify='message']}]
Capabilities {acceptInsecureCerts: false, browserName: chrome, browserVersion: 129.0.6668.90, chrome: {chromedriverVersion: 129.0.6668.89 (951c0b97221f..., userDataDir: C:\Users\Admin\AppData\Loca...}, fedcm:accounts: true, goog:chromeOptions: {debuggerAddress: localhost:60813}, networkConnectionEnabled: false, pageLoadStrategy: normal, platformName: windows, proxy: Proxy(), se:cdp: ws://localhost:60813/devtoo..., se:cdpVersion: 129.0.6668.90, setWindowRect: true, strictFileInteractability: false, timeouts: {implicit: 0, pageLoad: 300000, script: 30000}, unhandledPromptBehavior: dismiss and notify, webauthn:extension:credBlob: true, webauthn:extension:largeBlob: true, webauthn:extension:minPinLength: true, webauthn:extension:prf: true, webauthn:virtualAuthenticators: true}
Session ID: b7dc5adc83abcbea82fc4ef4d0d05d28
[INFO] 05-10-2024 14:02:52 [TestNG-tests-1] Log - #########################################
[INFO] 05-10-2024 14:02:52 [TestNG-tests-1] Log - Running test case DeleteBrand
[INFO] 05-10-2024 14:02:55 [TestNG-tests-1] Log - Click element:By.xpath: //span[normalize-space()='Products']
[INFO] 05-10-2024 14:02:56 [TestNG-tests-1] Log - Click element:By.xpath: //span[normalize-space()='Brand']
[INFO] 05-10-2024 14:02:56 [TestNG-tests-1] Log - Send text CocaCola to element By.xpath: //input[@id='search']
[INFO] 05-10-2024 14:02:57 [TestNG-tests-1] Log - Sleeping within 1 seconds to waiting
[ERROR] 05-10-2024 14:03:07 [TestNG-tests-1] Log - Test case DeleteBrand is failed.
[ERROR] 05-10-2024 14:03:07 [TestNG-tests-1] Log - org.openqa.selenium.NoSuchElementException: no such element: Unable to locate element: {"method":"xpath","selector":"//td[normalize-space()='CocaCola']/following-sibling::td//a[@title='Delete']"}
  (Session info: chrome=129.0.6668.90)
For documentation on this error, please visit: https://www.selenium.dev/documentation/webdriver/troubleshooting/errors#no-such-element-exception
Build info: version: '4.24.0', revision: '748ffc9bc3'
System info: os.name: 'Windows 10', os.arch: 'amd64', os.version: '10.0', java.version: '11.0.20'
Driver info: org.openqa.selenium.chrome.ChromeDriver
Command: [9a19834ba04b7c3657ecdf1d67f0f19a, findElement {using=xpath, value=//td[normalize-space()='CocaCola']/following-sibling::td//a[@title='Delete']}]
Capabilities {acceptInsecureCerts: false, browserName: chrome, browserVersion: 129.0.6668.90, chrome: {chromedriverVersion: 129.0.6668.89 (951c0b97221f..., userDataDir: C:\Users\Admin\AppData\Loca...}, fedcm:accounts: true, goog:chromeOptions: {debuggerAddress: localhost:60838}, networkConnectionEnabled: false, pageLoadStrategy: normal, platformName: windows, proxy: Proxy(), se:cdp: ws://localhost:60838/devtoo..., se:cdpVersion: 129.0.6668.90, setWindowRect: true, strictFileInteractability: false, timeouts: {implicit: 0, pageLoad: 300000, script: 30000}, unhandledPromptBehavior: dismiss and notify, webauthn:extension:credBlob: true, webauthn:extension:largeBlob: true, webauthn:extension:minPinLength: true, webauthn:extension:prf: true, webauthn:virtualAuthenticators: true}
Session ID: 9a19834ba04b7c3657ecdf1d67f0f19a
[INFO] 05-10-2024 14:03:09 [TestNG-tests-1] Log - #########################################
[INFO] 05-10-2024 14:03:09 [TestNG-tests-1] Log - Running test case Searchbrand_ExistingMultiple
[INFO] 05-10-2024 14:03:11 [TestNG-tests-1] Log - Click element:By.xpath: //span[normalize-space()='Products']
[INFO] 05-10-2024 14:03:12 [TestNG-tests-1] Log - Click element:By.xpath: //span[normalize-space()='Brand']
[INFO] 05-10-2024 14:03:12 [TestNG-tests-1] Log - Send text Brand to element By.xpath: //input[@id='search']
[INFO] 05-10-2024 14:03:13 [TestNG-tests-1] Log - Sleeping within 1 seconds to waiting
[INFO] 05-10-2024 14:03:14 [TestNG-tests-1] Log - Click element://a[@rel='next']/parent::li
[INFO] 05-10-2024 14:03:15 [TestNG-tests-1] Log - Sleeping within 1 seconds to waiting
[INFO] 05-10-2024 14:03:16 [TestNG-tests-1] Log - Click element://a[@rel='next']/parent::li
[INFO] 05-10-2024 14:03:17 [TestNG-tests-1] Log - Sleeping within 1 seconds to waiting
[INFO] 05-10-2024 14:03:17 [TestNG-tests-1] Log - Search success
[INFO] 05-10-2024 14:03:17 [TestNG-tests-1] Log - Test case Searchbrand_ExistingMultiple is passed.
[INFO] 05-10-2024 14:03:18 [TestNG-tests-1] Log - #########################################
[INFO] 05-10-2024 14:03:18 [TestNG-tests-1] Log - Running test case Searchbrand_ExistingSingle
[INFO] 05-10-2024 14:03:21 [TestNG-tests-1] Log - Click element:By.xpath: //span[normalize-space()='Products']
[INFO] 05-10-2024 14:03:22 [TestNG-tests-1] Log - Click element:By.xpath: //span[normalize-space()='Brand']
[INFO] 05-10-2024 14:03:22 [TestNG-tests-1] Log - Send text Brand nh√† tui to element By.xpath: //input[@id='search']
[INFO] 05-10-2024 14:03:23 [TestNG-tests-1] Log - Sleeping within 1 seconds to waiting
[INFO] 05-10-2024 14:03:33 [TestNG-tests-1] Log - Test case Searchbrand_ExistingSingle is passed.
[INFO] 05-10-2024 14:03:33 [TestNG-tests-1] Log - End testing Brand
[INFO] 05-10-2024 14:08:38 [TestNG-tests-1] Log - #########################################
[INFO] 05-10-2024 14:08:39 [TestNG-tests-1] Log - #########################################
[INFO] 05-10-2024 14:08:39 [TestNG-tests-1] Log - Running test case AddNewBrand
[INFO] 05-10-2024 14:08:42 [TestNG-tests-1] Log - Click element:By.xpath: //span[normalize-space()='Products']
[INFO] 05-10-2024 14:08:43 [TestNG-tests-1] Log - Click element:By.xpath: //span[normalize-space()='Brand']
[INFO] 05-10-2024 14:08:43 [TestNG-tests-1] Log - Send text CocaCola to element By.xpath: //label[normalize-space()='Name']/following-sibling::input
[INFO] 05-10-2024 14:08:43 [TestNG-tests-1] Log - Click element:By.xpath: //div[@class='form-control file-amount']
[INFO] 05-10-2024 14:08:43 [TestNG-tests-1] Log - Send text car to element By.xpath: //input[@placeholder='Search your files']
[INFO] 05-10-2024 14:08:44 [TestNG-tests-1] Log - Sleeping within 1 seconds to waiting
[INFO] 05-10-2024 14:08:44 [TestNG-tests-1] Log - Click element:By.xpath: //div[@class='aiz-file-box-wrap'][1]
[INFO] 05-10-2024 14:08:44 [TestNG-tests-1] Log - Click element:By.xpath: //button[text()='Add Files']
[INFO] 05-10-2024 14:08:44 [TestNG-tests-1] Log - Send text TiÍu ?? tÍn h„ng 001 to element By.xpath: //label[normalize-space()='Meta Title']/following-sibling::input
[INFO] 05-10-2024 14:08:44 [TestNG-tests-1] Log - Send text MÙ t? tiÍu ?? tÍn h„ng 001 to element By.xpath: //textarea[@name='meta_description']
[INFO] 05-10-2024 14:08:45 [TestNG-tests-1] Log - Click element:By.xpath: //button[normalize-space()='Save']
[ERROR] 05-10-2024 14:08:45 [TestNG-tests-1] Log - Test case AddNewBrand is failed.
[ERROR] 05-10-2024 14:08:45 [TestNG-tests-1] Log - java.lang.AssertionError: Not correct message content expected [Brand has been inserted successfully 123] but found [Brand has been inserted successfully]
[INFO] 05-10-2024 14:08:47 [TestNG-tests-1] Log - #########################################
[INFO] 05-10-2024 14:08:47 [TestNG-tests-1] Log - Running test case DeleteBrand
[INFO] 05-10-2024 14:08:49 [TestNG-tests-1] Log - Click element:By.xpath: //span[normalize-space()='Products']
[INFO] 05-10-2024 14:08:50 [TestNG-tests-1] Log - Click element:By.xpath: //span[normalize-space()='Brand']
[INFO] 05-10-2024 14:08:50 [TestNG-tests-1] Log - Send text CocaCola to element By.xpath: //input[@id='search']
[INFO] 05-10-2024 14:08:51 [TestNG-tests-1] Log - Sleeping within 1 seconds to waiting
[INFO] 05-10-2024 14:08:51 [TestNG-tests-1] Log - Click element://td[normalize-space()='CocaCola']/following-sibling::td//a[@title='Delete']
[INFO] 05-10-2024 14:08:52 [TestNG-tests-1] Log - Click element:By.xpath: //a[@id='delete-link']
[INFO] 05-10-2024 14:08:52 [TestNG-tests-1] Log - Verify success that message: Brand has been deleted successfully is displayed
[INFO] 05-10-2024 14:08:52 [TestNG-tests-1] Log - Send text CocaCola to element By.xpath: //input[@id='search']
[INFO] 05-10-2024 14:08:54 [TestNG-tests-1] Log - Sleeping within 1 seconds to waiting
[INFO] 05-10-2024 14:09:04 [TestNG-tests-1] Log - Test case DeleteBrand is passed.
[INFO] 05-10-2024 14:09:05 [TestNG-tests-1] Log - #########################################
[INFO] 05-10-2024 14:09:05 [TestNG-tests-1] Log - Running test case Searchbrand_ExistingMultiple
[INFO] 05-10-2024 14:09:08 [TestNG-tests-1] Log - Click element:By.xpath: //span[normalize-space()='Products']
[INFO] 05-10-2024 14:09:10 [TestNG-tests-1] Log - Click element:By.xpath: //span[normalize-space()='Brand']
[INFO] 05-10-2024 14:09:10 [TestNG-tests-1] Log - Send text Brand to element By.xpath: //input[@id='search']
[INFO] 05-10-2024 14:09:11 [TestNG-tests-1] Log - Sleeping within 1 seconds to waiting
[INFO] 05-10-2024 14:09:12 [TestNG-tests-1] Log - Click element://a[@rel='next']/parent::li
[INFO] 05-10-2024 14:09:13 [TestNG-tests-1] Log - Sleeping within 1 seconds to waiting
[INFO] 05-10-2024 14:09:14 [TestNG-tests-1] Log - Click element://a[@rel='next']/parent::li
[INFO] 05-10-2024 14:09:15 [TestNG-tests-1] Log - Sleeping within 1 seconds to waiting
[INFO] 05-10-2024 14:09:15 [TestNG-tests-1] Log - Search success
[INFO] 05-10-2024 14:09:15 [TestNG-tests-1] Log - Test case Searchbrand_ExistingMultiple is passed.
[INFO] 05-10-2024 14:09:16 [TestNG-tests-1] Log - #########################################
[INFO] 05-10-2024 14:09:16 [TestNG-tests-1] Log - Running test case Searchbrand_ExistingSingle
[INFO] 05-10-2024 14:09:18 [TestNG-tests-1] Log - Click element:By.xpath: //span[normalize-space()='Products']
[INFO] 05-10-2024 14:09:19 [TestNG-tests-1] Log - Click element:By.xpath: //span[normalize-space()='Brand']
[INFO] 05-10-2024 14:09:19 [TestNG-tests-1] Log - Send text Brand nh‡ tui to element By.xpath: //input[@id='search']
[INFO] 05-10-2024 14:09:21 [TestNG-tests-1] Log - Sleeping within 1 seconds to waiting
[INFO] 05-10-2024 14:09:31 [TestNG-tests-1] Log - Test case Searchbrand_ExistingSingle is passed.
[INFO] 05-10-2024 14:09:31 [TestNG-tests-1] Log - End testing Brand
[INFO] 05-10-2024 14:21:37 [TestNG-tests-1] Log - #########################################
[INFO] 05-10-2024 14:21:39 [TestNG-tests-1] Log - #########################################
[INFO] 05-10-2024 14:21:39 [TestNG-tests-1] Log - Running test case AddNewBrand
[INFO] 05-10-2024 14:21:42 [TestNG-tests-1] Log - Click element:By.xpath: //span[normalize-space()='Products']
[INFO] 05-10-2024 14:21:42 [TestNG-tests-1] Log - Click element:By.xpath: //span[normalize-space()='Brand']
[INFO] 05-10-2024 14:21:43 [TestNG-tests-1] Log - Send text CocaCola to element By.xpath: //label[normalize-space()='Name']/following-sibling::input
[INFO] 05-10-2024 14:21:43 [TestNG-tests-1] Log - Click element:By.xpath: //div[@class='form-control file-amount']
[INFO] 05-10-2024 14:21:43 [TestNG-tests-1] Log - Send text car to element By.xpath: //input[@placeholder='Search your files']
[INFO] 05-10-2024 14:21:44 [TestNG-tests-1] Log - Sleeping within 1 seconds to waiting
[INFO] 05-10-2024 14:21:44 [TestNG-tests-1] Log - Click element:By.xpath: //div[@class='aiz-file-box-wrap'][1]
[INFO] 05-10-2024 14:21:44 [TestNG-tests-1] Log - Click element:By.xpath: //button[text()='Add Files']
[INFO] 05-10-2024 14:21:44 [TestNG-tests-1] Log - Send text TiÍu ?? tÍn h„ng 001 to element By.xpath: //label[normalize-space()='Meta Title']/following-sibling::input
[INFO] 05-10-2024 14:21:44 [TestNG-tests-1] Log - Send text MÙ t? tiÍu ?? tÍn h„ng 001 to element By.xpath: //textarea[@name='meta_description']
[INFO] 05-10-2024 14:21:45 [TestNG-tests-1] Log - Click element:By.xpath: //button[normalize-space()='Save']
[ERROR] 05-10-2024 14:21:45 [TestNG-tests-1] Log - Test case AddNewBrand is failed.
[ERROR] 05-10-2024 14:21:45 [TestNG-tests-1] Log - java.lang.AssertionError: Not correct message content expected [Brand has been inserted successfully 123] but found [Brand has been inserted successfully]
[INFO] 05-10-2024 14:21:47 [TestNG-tests-1] Log - #########################################
[INFO] 05-10-2024 14:21:47 [TestNG-tests-1] Log - Running test case DeleteBrand
[INFO] 05-10-2024 14:21:49 [TestNG-tests-1] Log - Click element:By.xpath: //span[normalize-space()='Products']
[INFO] 05-10-2024 14:21:50 [TestNG-tests-1] Log - Click element:By.xpath: //span[normalize-space()='Brand']
[INFO] 05-10-2024 14:21:50 [TestNG-tests-1] Log - Send text CocaCola to element By.xpath: //input[@id='search']
[INFO] 05-10-2024 14:21:52 [TestNG-tests-1] Log - Sleeping within 1 seconds to waiting
[INFO] 05-10-2024 14:21:52 [TestNG-tests-1] Log - Click element://td[normalize-space()='CocaCola']/following-sibling::td//a[@title='Delete']
[INFO] 05-10-2024 14:21:53 [TestNG-tests-1] Log - Click element:By.xpath: //a[@id='delete-link']
[INFO] 05-10-2024 14:21:53 [TestNG-tests-1] Log - Verify success that message: Brand has been deleted successfully is displayed
[INFO] 05-10-2024 14:21:53 [TestNG-tests-1] Log - Send text CocaCola to element By.xpath: //input[@id='search']
[INFO] 05-10-2024 14:21:54 [TestNG-tests-1] Log - Sleeping within 1 seconds to waiting
[INFO] 05-10-2024 14:22:04 [TestNG-tests-1] Log - Test case DeleteBrand is passed.
[INFO] 05-10-2024 14:22:06 [TestNG-tests-1] Log - #########################################
[INFO] 05-10-2024 14:22:06 [TestNG-tests-1] Log - Running test case Searchbrand_ExistingMultiple
[INFO] 05-10-2024 14:22:08 [TestNG-tests-1] Log - Click element:By.xpath: //span[normalize-space()='Products']
[INFO] 05-10-2024 14:22:09 [TestNG-tests-1] Log - Click element:By.xpath: //span[normalize-space()='Brand']
[INFO] 05-10-2024 14:22:09 [TestNG-tests-1] Log - Send text Brand to element By.xpath: //input[@id='search']
[INFO] 05-10-2024 14:22:10 [TestNG-tests-1] Log - Sleeping within 1 seconds to waiting
[INFO] 05-10-2024 14:22:11 [TestNG-tests-1] Log - Click element://a[@rel='next']/parent::li
[INFO] 05-10-2024 14:22:12 [TestNG-tests-1] Log - Sleeping within 1 seconds to waiting
[INFO] 05-10-2024 14:22:13 [TestNG-tests-1] Log - Click element://a[@rel='next']/parent::li
[INFO] 05-10-2024 14:22:14 [TestNG-tests-1] Log - Sleeping within 1 seconds to waiting
[INFO] 05-10-2024 14:22:14 [TestNG-tests-1] Log - Search success
[INFO] 05-10-2024 14:22:14 [TestNG-tests-1] Log - Test case Searchbrand_ExistingMultiple is passed.
[INFO] 05-10-2024 14:22:15 [TestNG-tests-1] Log - #########################################
[INFO] 05-10-2024 14:22:15 [TestNG-tests-1] Log - Running test case Searchbrand_ExistingSingle
[INFO] 05-10-2024 14:22:17 [TestNG-tests-1] Log - Click element:By.xpath: //span[normalize-space()='Products']
[INFO] 05-10-2024 14:22:18 [TestNG-tests-1] Log - Click element:By.xpath: //span[normalize-space()='Brand']
[INFO] 05-10-2024 14:22:18 [TestNG-tests-1] Log - Send text Brand nh‡ tui to element By.xpath: //input[@id='search']
[INFO] 05-10-2024 14:22:20 [TestNG-tests-1] Log - Sleeping within 1 seconds to waiting
[INFO] 05-10-2024 14:22:30 [TestNG-tests-1] Log - Test case Searchbrand_ExistingSingle is passed.
[INFO] 05-10-2024 14:22:30 [TestNG-tests-1] Log - End testing Brand
[INFO] 05-10-2024 14:41:36 [main] Log - #########################################
[INFO] 05-10-2024 14:41:38 [main] Log - #########################################
[INFO] 05-10-2024 14:41:38 [main] Log - Running test case AddNewProduct_Success_WithColors
[INFO] 05-10-2024 14:41:41 [main] Log - Click element:By.xpath: //span[normalize-space()='Products']
[INFO] 05-10-2024 14:41:43 [main] Log - Click element:By.xpath: //span[normalize-space()='Add New Product']
[INFO] 05-10-2024 14:41:43 [main] Log - Send text B√°nh t√°o √∫c nh·∫≠p kh·∫©u to element By.xpath: //label[contains(text(),'Product Name')]/following-sibling::div/input
[INFO] 05-10-2024 14:41:43 [main] Log - Click element:By.xpath: //label[contains(text(),'Category')]/following-sibling::div//button
[INFO] 05-10-2024 14:41:43 [main] Log - Send text Gi·ªè b√°nh k·∫πo to element By.xpath: //label[contains(text(),'Category')]/following-sibling::div//input
[INFO] 05-10-2024 14:41:43 [main] Log - Select value Gi·ªè b√°nh k·∫πo from dropdown By.xpath: //label[contains(text(),'Category')]/following-sibling::div//button
[INFO] 05-10-2024 14:41:43 [main] Log - Click element:By.xpath: //label[contains(text(),'Brand')]/following-sibling::div//button
[INFO] 05-10-2024 14:41:43 [main] Log - Send text san pham to element By.xpath: //label[contains(text(),'Brand')]/following-sibling::div//input
[INFO] 05-10-2024 14:41:43 [main] Log - Select value san pham from dropdown By.xpath: //label[contains(text(),'Brand')]/following-sibling::div//button
[INFO] 05-10-2024 14:41:43 [main] Log - Send text H·ªôp to element By.xpath: //label[contains(text(),'Unit')]/following-sibling::div/input
[INFO] 05-10-2024 14:41:43 [main] Log - Send text 10 to element By.xpath: //label[contains(text(),'Weight')]/following-sibling::div/input
[INFO] 05-10-2024 14:41:43 [main] Log - Send text 100 to element By.xpath: //label[contains(text(),'Minimum Purchase Qty')]/following-sibling::div/input
[INFO] 05-10-2024 14:41:45 [main] Log - Sleeping within 2 seconds to waiting
[INFO] 05-10-2024 14:41:45 [main] Log - Scroll screen to element: By.xpath: //span[@role='textbox']
[INFO] 05-10-2024 14:41:45 [main] Log - Send text B√°nh t√°o to element By.xpath: //span[@role='textbox']
[INFO] 05-10-2024 14:41:45 [main] Log - Send text B√°nh nh·∫≠p kh·∫©u to element By.xpath: //span[@role='textbox']
[INFO] 05-10-2024 14:41:46 [main] Log - Send text √öc to element By.xpath: //span[@role='textbox']
[INFO] 05-10-2024 14:41:46 [main] Log - Scroll screen to element: By.xpath: //h5[normalize-space()='Product Variation']
[INFO] 05-10-2024 14:41:46 [main] Log - Click element:By.xpath: //input[@name='colors_active']/following-sibling::span
[INFO] 05-10-2024 14:41:46 [main] Log - Click element://select[@id='colors']/following-sibling::button
[INFO] 05-10-2024 14:41:46 [main] Log - Send text Yellow to element //select[@id='colors']/following-sibling::div//input
[INFO] 05-10-2024 14:41:46 [main] Log - Click element://select[@id='colors']/following-sibling::div//span[text()='Yellow']
[INFO] 05-10-2024 14:41:46 [main] Log - Send text Blue to element //select[@id='colors']/following-sibling::div//input
[INFO] 05-10-2024 14:41:47 [main] Log - Click element://select[@id='colors']/following-sibling::div//span[text()='Blue']
[INFO] 05-10-2024 14:41:47 [main] Log - Send text Red to element //select[@id='colors']/following-sibling::div//input
[INFO] 05-10-2024 14:41:47 [main] Log - Click element://select[@id='colors']/following-sibling::div//span[text()='Red']
[INFO] 05-10-2024 14:41:47 [main] Log - Click element://select[@id='colors']/following-sibling::button
[INFO] 05-10-2024 14:41:47 [main] Log - Select value [Yellow, Blue, Red] from dropdown //select[@id='colors']
[INFO] 05-10-2024 14:41:47 [main] Log - Scroll screen to element: By.xpath: //h5[normalize-space()='Product price + stock']
[INFO] 05-10-2024 14:41:47 [main] Log - Send text 89000000 to element By.xpath: //label[contains(text(),'Unit price')]/following-sibling::div/input
[INFO] 05-10-2024 14:41:47 [main] Log - Send text 10 to element By.xpath: //h5[normalize-space()='Product price + stock']/following::input[@name='discount']
[INFO] 05-10-2024 14:41:48 [main] Log - Scroll screen to element: By.xpath: //button[normalize-space()='Save & Unpublish']
[INFO] 05-10-2024 14:41:49 [main] Log - Click element:By.xpath: //button[normalize-space()='Save & Unpublish']
[INFO] 05-10-2024 14:41:49 [main] Log - Test case AddNewProduct_Success_WithColors is passed.
[INFO] 05-10-2024 14:41:51 [main] Log - End testing AddNewProduct
[INFO] 05-10-2024 14:46:39 [main] Log - #########################################
[INFO] 05-10-2024 14:46:41 [main] Log - #########################################
[INFO] 05-10-2024 14:46:41 [main] Log - Running test case EditCategory_Success
[INFO] 05-10-2024 14:46:46 [main] Log - Click element:By.xpath: //span[normalize-space()='Products']
[INFO] 05-10-2024 14:46:47 [main] Log - Click element:By.xpath: //span[normalize-space()='Category']
[INFO] 05-10-2024 14:46:47 [main] Log - Send text Th√∫ nh·ªìi b√¥ng to element By.xpath: //input[@id='search']
[INFO] 05-10-2024 14:46:49 [main] Log - Sleeping within 2 seconds to waiting
[INFO] 05-10-2024 14:46:51 [main] Log - Sleeping within 2 seconds to waiting
[INFO] 05-10-2024 14:46:52 [main] Log - Click element:By.xpath: (//i[@class='las la-edit'])[1]
[INFO] 05-10-2024 14:46:52 [main] Log - Send text G·∫•u b√¥ng Labubu to element By.xpath: //input[@id='name']
[INFO] 05-10-2024 14:46:55 [main] Log - Click element:By.xpath: //button[normalize-space()='Save']
[INFO] 05-10-2024 14:46:56 [main] Log - Test case EditCategory_Success is passed.
[INFO] 05-10-2024 14:46:58 [main] Log - End testing AddNewCategory
[INFO] 05-10-2024 14:59:45 [main] Log - #########################################
[INFO] 05-10-2024 14:59:47 [main] Log - #########################################
[INFO] 05-10-2024 14:59:47 [main] Log - Running test case EditCategory_Success
[INFO] 05-10-2024 14:59:51 [main] Log - Click element:By.xpath: //span[normalize-space()='Products']
[INFO] 05-10-2024 14:59:52 [main] Log - Click element:By.xpath: //span[normalize-space()='Category']
[INFO] 05-10-2024 14:59:52 [main] Log - Send text Th˙ nh?i bÙng to element By.xpath: //input[@id='search']
[INFO] 05-10-2024 14:59:55 [main] Log - Sleeping within 2 seconds to waiting
[INFO] 05-10-2024 14:59:57 [main] Log - Sleeping within 2 seconds to waiting
[INFO] 05-10-2024 14:59:58 [main] Log - Click element:By.xpath: (//i[@class='las la-edit'])[1]
[INFO] 05-10-2024 14:59:58 [main] Log - Send text G?u bÙng Labubu to element By.xpath: //input[@id='name']
[INFO] 05-10-2024 15:00:00 [main] Log - Click element:By.xpath: //button[normalize-space()='Save']
[INFO] 05-10-2024 15:00:01 [main] Log - Test case EditCategory_Success is passed.
[INFO] 05-10-2024 15:00:02 [main] Log - End testing AddNewCategory
[INFO] 05-10-2024 15:07:17 [main] Log - #########################################
[INFO] 05-10-2024 15:07:19 [main] Log - #########################################
[INFO] 05-10-2024 15:07:19 [main] Log - Running test case AddNewCategory_Success
[INFO] 05-10-2024 15:07:22 [main] Log - Click element:By.xpath: //span[normalize-space()='Products']
[INFO] 05-10-2024 15:07:23 [main] Log - Click element:By.xpath: //span[normalize-space()='Category']
[INFO] 05-10-2024 15:07:24 [main] Log - Click element:By.xpath: //span[normalize-space()='Add New category']
[INFO] 05-10-2024 15:07:24 [main] Log - Send text N??c gi?i kh·t to element By.xpath: //input[@id='name']
[INFO] 05-10-2024 15:07:24 [main] Log - Click element:By.xpath: //label[text()='Parent Category']/following-sibling::div//button
[INFO] 05-10-2024 15:07:24 [main] Log - Send text Cake to element By.xpath: //label[text()='Parent Category']/following-sibling::div//input
[INFO] 05-10-2024 15:07:24 [main] Log - Send text 100 to element By.xpath: //label[normalize-space()='Ordering Number']/following-sibling::div//input
[INFO] 05-10-2024 15:07:24 [main] Log - Click element:By.xpath: //label[normalize-space()='Type']/following-sibling::div//button
[INFO] 05-10-2024 15:07:24 [main] Log - Click element://span[normalize-space()='Physical']
[INFO] 05-10-2024 15:07:24 [main] Log - Click element:By.xpath: //label[contains(text(),'Banner')]/following-sibling::div//div[text()='Choose File']
[INFO] 05-10-2024 15:07:25 [main] Log - Send text car to element By.xpath: //input[@placeholder='Search your files']
[INFO] 05-10-2024 15:07:26 [main] Log - Sleeping within 1 seconds to waiting
[INFO] 05-10-2024 15:07:26 [main] Log - Click element:By.xpath: //div[@class='aiz-file-box-wrap'][1]
[INFO] 05-10-2024 15:07:26 [main] Log - Click element:By.xpath: //button[text()='Add Files']
[INFO] 05-10-2024 15:07:26 [main] Log - Click element:By.xpath: //label[contains(text(),'Icon')]/following-sibling::div//div[text()='Choose File']
[INFO] 05-10-2024 15:07:26 [main] Log - Send text car to element By.xpath: //input[@placeholder='Search your files']
[INFO] 05-10-2024 15:07:27 [main] Log - Sleeping within 1 seconds to waiting
[INFO] 05-10-2024 15:07:27 [main] Log - Click element:By.xpath: //div[@class='aiz-file-box-wrap'][1]
[INFO] 05-10-2024 15:07:27 [main] Log - Click element:By.xpath: //button[text()='Add Files']
[INFO] 05-10-2024 15:07:27 [main] Log - Send text N??c ng?t cÛ gas CocaCola to element By.xpath: //input[@name='meta_title']
[INFO] 05-10-2024 15:07:27 [main] Log - Send text N??c ng?t cÛ gas CocaCola to element By.xpath: //textarea[@name='meta_description']
[INFO] 05-10-2024 15:07:27 [main] Log - Click element:By.xpath: //label[text()='Filtering Attributes']/following-sibling::div//button
[INFO] 05-10-2024 15:07:27 [main] Log - Send text Size to element By.xpath: //label[text()='Filtering Attributes']/following-sibling::div//input
[INFO] 05-10-2024 15:07:28 [main] Log - Click element:By.xpath: //button[normalize-space()='Save']
[INFO] 05-10-2024 15:07:29 [main] Log - Sleeping within 1 seconds to waiting
[INFO] 05-10-2024 15:07:29 [main] Log - Send text N??c gi?i kh·t to element By.xpath: //input[@id='search']
[INFO] 05-10-2024 15:07:32 [main] Log - Sleeping within 2 seconds to waiting
[INFO] 05-10-2024 15:07:32 [main] Log - Test case AddNewCategory_Success is passed.
[INFO] 05-10-2024 15:07:33 [main] Log - #########################################
[INFO] 05-10-2024 15:07:33 [main] Log - Running test case EditCategory_Success
[INFO] 05-10-2024 15:07:35 [main] Log - Click element:By.xpath: //span[normalize-space()='Products']
[INFO] 05-10-2024 15:07:36 [main] Log - Click element:By.xpath: //span[normalize-space()='Category']
[INFO] 05-10-2024 15:07:36 [main] Log - Send text Th˙ nh?i bÙng to element By.xpath: //input[@id='search']
[INFO] 05-10-2024 15:07:39 [main] Log - Sleeping within 2 seconds to waiting
[INFO] 05-10-2024 15:07:41 [main] Log - Sleeping within 2 seconds to waiting
[INFO] 05-10-2024 15:07:42 [main] Log - Click element:By.xpath: (//i[@class='las la-edit'])[1]
[INFO] 05-10-2024 15:07:42 [main] Log - Send text G?u bÙng Labubu to element By.xpath: //input[@id='name']
[INFO] 05-10-2024 15:07:44 [main] Log - Click element:By.xpath: //button[normalize-space()='Save']
[INFO] 05-10-2024 15:07:45 [main] Log - Test case EditCategory_Success is passed.
[INFO] 05-10-2024 15:07:45 [main] Log - End testing AddNewCategory
[INFO] 05-10-2024 15:08:15 [main] Log - #########################################
[INFO] 05-10-2024 15:08:16 [main] Log - #########################################
[INFO] 05-10-2024 15:08:16 [main] Log - Running test case AddNewCategory_Success
[INFO] 05-10-2024 15:08:19 [main] Log - Click element:By.xpath: //span[normalize-space()='Products']
[INFO] 05-10-2024 15:08:20 [main] Log - Click element:By.xpath: //span[normalize-space()='Category']
[INFO] 05-10-2024 15:08:21 [main] Log - Click element:By.xpath: //span[normalize-space()='Add New category']
[INFO] 05-10-2024 15:08:21 [main] Log - Send text N??c gi?i kh·t to element By.xpath: //input[@id='name']
[INFO] 05-10-2024 15:08:21 [main] Log - Click element:By.xpath: //label[text()='Parent Category']/following-sibling::div//button
[INFO] 05-10-2024 15:08:21 [main] Log - Send text Cake to element By.xpath: //label[text()='Parent Category']/following-sibling::div//input
[INFO] 05-10-2024 15:08:21 [main] Log - Send text 100 to element By.xpath: //label[normalize-space()='Ordering Number']/following-sibling::div//input
[INFO] 05-10-2024 15:08:21 [main] Log - Click element:By.xpath: //label[normalize-space()='Type']/following-sibling::div//button
[INFO] 05-10-2024 15:08:21 [main] Log - Click element://span[normalize-space()='Physical']
[INFO] 05-10-2024 15:08:21 [main] Log - Click element:By.xpath: //label[contains(text(),'Banner')]/following-sibling::div//div[text()='Choose File']
[INFO] 05-10-2024 15:08:22 [main] Log - Send text car to element By.xpath: //input[@placeholder='Search your files']
[INFO] 05-10-2024 15:08:23 [main] Log - Sleeping within 1 seconds to waiting
[INFO] 05-10-2024 15:08:23 [main] Log - Click element:By.xpath: //div[@class='aiz-file-box-wrap'][1]
[INFO] 05-10-2024 15:08:23 [main] Log - Click element:By.xpath: //button[text()='Add Files']
[INFO] 05-10-2024 15:08:23 [main] Log - Click element:By.xpath: //label[contains(text(),'Icon')]/following-sibling::div//div[text()='Choose File']
[INFO] 05-10-2024 15:08:23 [main] Log - Send text car to element By.xpath: //input[@placeholder='Search your files']
[INFO] 05-10-2024 15:08:24 [main] Log - Sleeping within 1 seconds to waiting
[INFO] 05-10-2024 15:08:24 [main] Log - Click element:By.xpath: //div[@class='aiz-file-box-wrap'][1]
[INFO] 05-10-2024 15:08:24 [main] Log - Click element:By.xpath: //button[text()='Add Files']
[INFO] 05-10-2024 15:08:24 [main] Log - Send text N??c ng?t cÛ gas CocaCola to element By.xpath: //input[@name='meta_title']
[INFO] 05-10-2024 15:08:24 [main] Log - Send text N??c ng?t cÛ gas CocaCola to element By.xpath: //textarea[@name='meta_description']
[INFO] 05-10-2024 15:08:24 [main] Log - Click element:By.xpath: //label[text()='Filtering Attributes']/following-sibling::div//button
[INFO] 05-10-2024 15:08:25 [main] Log - Send text Size to element By.xpath: //label[text()='Filtering Attributes']/following-sibling::div//input
[INFO] 05-10-2024 15:08:25 [main] Log - Click element:By.xpath: //button[normalize-space()='Save']
[INFO] 05-10-2024 15:08:26 [main] Log - Sleeping within 1 seconds to waiting
[INFO] 05-10-2024 15:08:26 [main] Log - Send text N??c gi?i kh·t to element By.xpath: //input[@id='search']
[INFO] 05-10-2024 15:08:29 [main] Log - Sleeping within 2 seconds to waiting
[INFO] 05-10-2024 15:08:29 [main] Log - Test case AddNewCategory_Success is passed.
[INFO] 05-10-2024 15:08:30 [main] Log - #########################################
[INFO] 05-10-2024 15:08:30 [main] Log - Running test case EditCategory_Success
[INFO] 05-10-2024 15:08:32 [main] Log - Click element:By.xpath: //span[normalize-space()='Products']
[INFO] 05-10-2024 15:08:33 [main] Log - Click element:By.xpath: //span[normalize-space()='Category']
[INFO] 05-10-2024 15:08:33 [main] Log - Send text Th˙ nh?i bÙng to element By.xpath: //input[@id='search']
[INFO] 05-10-2024 15:08:35 [main] Log - Sleeping within 2 seconds to waiting
[INFO] 05-10-2024 15:08:38 [main] Log - Sleeping within 2 seconds to waiting
[ERROR] 05-10-2024 15:08:48 [main] Log - Test case EditCategory_Success is failed.
[ERROR] 05-10-2024 15:08:48 [main] Log - org.openqa.selenium.NoSuchElementException: no such element: Unable to locate element: {"method":"xpath","selector":"(//i[@class='las la-edit'])[1]"}
  (Session info: chrome=129.0.6668.90)
For documentation on this error, please visit: https://www.selenium.dev/documentation/webdriver/troubleshooting/errors#no-such-element-exception
Build info: version: '4.24.0', revision: '748ffc9bc3'
System info: os.name: 'Windows 10', os.arch: 'amd64', os.version: '10.0', java.version: '11.0.20'
Driver info: org.openqa.selenium.chrome.ChromeDriver
Command: [855c31ddfada5c9c773e4a0c5e035936, findElement {value=(//i[@class='las la-edit'])[1], using=xpath}]
Capabilities {acceptInsecureCerts: false, browserName: chrome, browserVersion: 129.0.6668.90, chrome: {chromedriverVersion: 129.0.6668.89 (951c0b97221f..., userDataDir: C:\Users\Admin\AppData\Loca...}, fedcm:accounts: true, goog:chromeOptions: {debuggerAddress: localhost:62729}, networkConnectionEnabled: false, pageLoadStrategy: normal, platformName: windows, proxy: Proxy(), se:cdp: ws://localhost:62729/devtoo..., se:cdpVersion: 129.0.6668.90, setWindowRect: true, strictFileInteractability: false, timeouts: {implicit: 0, pageLoad: 300000, script: 30000}, unhandledPromptBehavior: dismiss and notify, webauthn:extension:credBlob: true, webauthn:extension:largeBlob: true, webauthn:extension:minPinLength: true, webauthn:extension:prf: true, webauthn:virtualAuthenticators: true}
Session ID: 855c31ddfada5c9c773e4a0c5e035936
[INFO] 05-10-2024 15:08:48 [main] Log - End testing AddNewCategory
[INFO] 05-10-2024 15:24:58 [main] Log - #########################################
[INFO] 05-10-2024 15:24:59 [main] Log - #########################################
[INFO] 05-10-2024 15:24:59 [main] Log - Running test case AddNewCategory_Success
[ERROR] 05-10-2024 15:25:36 [main] Log - Test case AddNewCategory_Success is failed.
[ERROR] 05-10-2024 15:25:36 [main] Log - org.openqa.selenium.TimeoutException: timeout: Timed out receiving message from renderer: 20.000
  (Session info: chrome=129.0.6668.90)
Build info: version: '4.24.0', revision: '748ffc9bc3'
System info: os.name: 'Windows 10', os.arch: 'amd64', os.version: '10.0', java.version: '11.0.20'
Driver info: org.openqa.selenium.chrome.ChromeDriver
Command: [88de60f2871903efc421ab6446c2f2fe, clickElement {id=f.0295F481AEAD31750893817C51E0A905.d.87B09C918D5AD1F2B222F6E5AEB3B39F.e.8}]
Capabilities {acceptInsecureCerts: false, browserName: chrome, browserVersion: 129.0.6668.90, chrome: {chromedriverVersion: 129.0.6668.89 (951c0b97221f..., userDataDir: C:\Users\Admin\AppData\Loca...}, fedcm:accounts: true, goog:chromeOptions: {debuggerAddress: localhost:62900}, networkConnectionEnabled: false, pageLoadStrategy: normal, platformName: windows, proxy: Proxy(), se:cdp: ws://localhost:62900/devtoo..., se:cdpVersion: 129.0.6668.90, setWindowRect: true, strictFileInteractability: false, timeouts: {implicit: 0, pageLoad: 300000, script: 30000}, unhandledPromptBehavior: dismiss and notify, webauthn:extension:credBlob: true, webauthn:extension:largeBlob: true, webauthn:extension:minPinLength: true, webauthn:extension:prf: true, webauthn:virtualAuthenticators: true}
Element: [[ChromeDriver: chrome on windows (88de60f2871903efc421ab6446c2f2fe)] -> xpath: //button[@type='submit']]
Session ID: 88de60f2871903efc421ab6446c2f2fe
[INFO] 05-10-2024 15:25:38 [main] Log - #########################################
[INFO] 05-10-2024 15:25:38 [main] Log - Running test case EditCategory_Success
[ERROR] 05-10-2024 15:26:17 [main] Log - Test case EditCategory_Success is failed.
[ERROR] 05-10-2024 15:26:17 [main] Log - org.openqa.selenium.TimeoutException: timeout: Timed out receiving message from renderer: 20.000
  (Session info: chrome=129.0.6668.90)
Build info: version: '4.24.0', revision: '748ffc9bc3'
System info: os.name: 'Windows 10', os.arch: 'amd64', os.version: '10.0', java.version: '11.0.20'
Driver info: org.openqa.selenium.chrome.ChromeDriver
Command: [82226ed387ff0f19219d584eb1dc90bd, clickElement {id=f.210613B076409B022FDA429CB5D3EBF0.d.8D1A1851CF1B47ADB677E1CBBBC31257.e.10}]
Capabilities {acceptInsecureCerts: false, browserName: chrome, browserVersion: 129.0.6668.90, chrome: {chromedriverVersion: 129.0.6668.89 (951c0b97221f..., userDataDir: C:\Users\Admin\AppData\Loca...}, fedcm:accounts: true, goog:chromeOptions: {debuggerAddress: localhost:62926}, networkConnectionEnabled: false, pageLoadStrategy: normal, platformName: windows, proxy: Proxy(), se:cdp: ws://localhost:62926/devtoo..., se:cdpVersion: 129.0.6668.90, setWindowRect: true, strictFileInteractability: false, timeouts: {implicit: 0, pageLoad: 300000, script: 30000}, unhandledPromptBehavior: dismiss and notify, webauthn:extension:credBlob: true, webauthn:extension:largeBlob: true, webauthn:extension:minPinLength: true, webauthn:extension:prf: true, webauthn:virtualAuthenticators: true}
Element: [[ChromeDriver: chrome on windows (82226ed387ff0f19219d584eb1dc90bd)] -> xpath: //button[@type='submit']]
Session ID: 82226ed387ff0f19219d584eb1dc90bd
[INFO] 05-10-2024 15:26:18 [main] Log - End testing AddNewCategory
[INFO] 05-10-2024 15:27:06 [main] Log - #########################################
[INFO] 05-10-2024 15:27:08 [main] Log - #########################################
[INFO] 05-10-2024 15:27:08 [main] Log - Running test case AddNewCategory_Success
[ERROR] 05-10-2024 15:27:28 [main] Log - Test case AddNewCategory_Success is failed.
[ERROR] 05-10-2024 15:27:28 [main] Log - org.openqa.selenium.TimeoutException: timeout: Timed out receiving message from renderer: -0.003
  (Session info: chrome=129.0.6668.90)
Build info: version: '4.24.0', revision: '748ffc9bc3'
System info: os.name: 'Windows 10', os.arch: 'amd64', os.version: '10.0', java.version: '11.0.20'
Driver info: org.openqa.selenium.chrome.ChromeDriver
Command: [e32cbfd8d11ba11922f42f020cc1ac18, get {url=https://cms.anhtester.com/login}]
Capabilities {acceptInsecureCerts: false, browserName: chrome, browserVersion: 129.0.6668.90, chrome: {chromedriverVersion: 129.0.6668.89 (951c0b97221f..., userDataDir: C:\Users\Admin\AppData\Loca...}, fedcm:accounts: true, goog:chromeOptions: {debuggerAddress: localhost:62958}, networkConnectionEnabled: false, pageLoadStrategy: normal, platformName: windows, proxy: Proxy(), se:cdp: ws://localhost:62958/devtoo..., se:cdpVersion: 129.0.6668.90, setWindowRect: true, strictFileInteractability: false, timeouts: {implicit: 0, pageLoad: 300000, script: 30000}, unhandledPromptBehavior: dismiss and notify, webauthn:extension:credBlob: true, webauthn:extension:largeBlob: true, webauthn:extension:minPinLength: true, webauthn:extension:prf: true, webauthn:virtualAuthenticators: true}
Session ID: e32cbfd8d11ba11922f42f020cc1ac18
[INFO] 05-10-2024 15:27:29 [main] Log - #########################################
[INFO] 05-10-2024 15:27:29 [main] Log - Running test case EditCategory_Success
[ERROR] 05-10-2024 15:27:49 [main] Log - Test case EditCategory_Success is failed.
[ERROR] 05-10-2024 15:27:49 [main] Log - org.openqa.selenium.TimeoutException: timeout: Timed out receiving message from renderer: -0.000
  (Session info: chrome=129.0.6668.90)
Build info: version: '4.24.0', revision: '748ffc9bc3'
System info: os.name: 'Windows 10', os.arch: 'amd64', os.version: '10.0', java.version: '11.0.20'
Driver info: org.openqa.selenium.chrome.ChromeDriver
Command: [b2ef1286b33be16c27cf12d93004d22e, get {url=https://cms.anhtester.com/login}]
Capabilities {acceptInsecureCerts: false, browserName: chrome, browserVersion: 129.0.6668.90, chrome: {chromedriverVersion: 129.0.6668.89 (951c0b97221f..., userDataDir: C:\Users\Admin\AppData\Loca...}, fedcm:accounts: true, goog:chromeOptions: {debuggerAddress: localhost:62982}, networkConnectionEnabled: false, pageLoadStrategy: normal, platformName: windows, proxy: Proxy(), se:cdp: ws://localhost:62982/devtoo..., se:cdpVersion: 129.0.6668.90, setWindowRect: true, strictFileInteractability: false, timeouts: {implicit: 0, pageLoad: 300000, script: 30000}, unhandledPromptBehavior: dismiss and notify, webauthn:extension:credBlob: true, webauthn:extension:largeBlob: true, webauthn:extension:minPinLength: true, webauthn:extension:prf: true, webauthn:virtualAuthenticators: true}
Session ID: b2ef1286b33be16c27cf12d93004d22e
[INFO] 05-10-2024 15:27:50 [main] Log - End testing AddNewCategory
[INFO] 05-10-2024 15:32:25 [main] Log - #########################################
[INFO] 05-10-2024 15:32:27 [main] Log - #########################################
[INFO] 05-10-2024 15:32:27 [main] Log - Running test case AddNewCategory_Success
[INFO] 05-10-2024 15:32:47 [main] Log - Click element:By.xpath: //span[normalize-space()='Products']
[INFO] 05-10-2024 15:32:55 [main] Log - Click element:By.xpath: //span[normalize-space()='Category']
[INFO] 05-10-2024 15:33:15 [main] Log - Click element:By.xpath: //span[normalize-space()='Add New category']
[INFO] 05-10-2024 15:33:15 [main] Log - Send text N??c gi?i kh·t to element By.xpath: //input[@id='name']
[INFO] 05-10-2024 15:33:15 [main] Log - Click element:By.xpath: //label[text()='Parent Category']/following-sibling::div//button
[INFO] 05-10-2024 15:33:15 [main] Log - Send text Cake to element By.xpath: //label[text()='Parent Category']/following-sibling::div//input
[INFO] 05-10-2024 15:33:15 [main] Log - Send text 100 to element By.xpath: //label[normalize-space()='Ordering Number']/following-sibling::div//input
[INFO] 05-10-2024 15:33:15 [main] Log - Click element:By.xpath: //label[normalize-space()='Type']/following-sibling::div//button
[INFO] 05-10-2024 15:33:15 [main] Log - Click element://span[normalize-space()='Physical']
[INFO] 05-10-2024 15:33:16 [main] Log - Click element:By.xpath: //label[contains(text(),'Banner')]/following-sibling::div//div[text()='Choose File']
[INFO] 05-10-2024 15:33:16 [main] Log - Send text car to element By.xpath: //input[@placeholder='Search your files']
[INFO] 05-10-2024 15:33:17 [main] Log - Sleeping within 1 seconds to waiting
[ERROR] 05-10-2024 15:33:17 [main] Log - Test case AddNewCategory_Success is failed.
[ERROR] 05-10-2024 15:33:17 [main] Log - org.openqa.selenium.StaleElementReferenceException: stale element reference: stale element not found in the current frame
  (Session info: chrome=129.0.6668.90)
For documentation on this error, please visit: https://www.selenium.dev/documentation/webdriver/troubleshooting/errors#stale-element-reference-exception
Build info: version: '4.24.0', revision: '748ffc9bc3'
System info: os.name: 'Windows 10', os.arch: 'amd64', os.version: '10.0', java.version: '11.0.20'
Driver info: org.openqa.selenium.chrome.ChromeDriver
Command: [ed1d03b6765e00a29de2a423b6a4c290, clickElement {id=f.B07BD0CEFB907295D737C61F35195644.d.C3D3DDB611087EAB3E17B86E99A282DE.e.187}]
Capabilities {acceptInsecureCerts: false, browserName: chrome, browserVersion: 129.0.6668.90, chrome: {chromedriverVersion: 129.0.6668.89 (951c0b97221f..., userDataDir: C:\Users\Admin\AppData\Loca...}, fedcm:accounts: true, goog:chromeOptions: {debuggerAddress: localhost:63178}, networkConnectionEnabled: false, pageLoadStrategy: normal, platformName: windows, proxy: Proxy(), se:cdp: ws://localhost:63178/devtoo..., se:cdpVersion: 129.0.6668.90, setWindowRect: true, strictFileInteractability: false, timeouts: {implicit: 0, pageLoad: 300000, script: 30000}, unhandledPromptBehavior: dismiss and notify, webauthn:extension:credBlob: true, webauthn:extension:largeBlob: true, webauthn:extension:minPinLength: true, webauthn:extension:prf: true, webauthn:virtualAuthenticators: true}
Element: [[ChromeDriver: chrome on windows (ed1d03b6765e00a29de2a423b6a4c290)] -> xpath: //div[@class='aiz-file-box-wrap'][1]]
Session ID: ed1d03b6765e00a29de2a423b6a4c290
[INFO] 05-10-2024 15:33:19 [main] Log - #########################################
[INFO] 05-10-2024 15:33:19 [main] Log - Running test case EditCategory_Success
[INFO] 05-10-2024 15:33:23 [main] Log - Click element:By.xpath: //span[normalize-space()='Products']
[INFO] 05-10-2024 15:33:26 [main] Log - Click element:By.xpath: //span[normalize-space()='Category']
[INFO] 05-10-2024 15:33:26 [main] Log - Send text Th˙ nh?i bÙng to element By.xpath: //input[@id='search']
[INFO] 05-10-2024 15:33:29 [main] Log - Sleeping within 2 seconds to waiting
[INFO] 05-10-2024 15:33:31 [main] Log - Sleeping within 2 seconds to waiting
[ERROR] 05-10-2024 15:33:41 [main] Log - Test case EditCategory_Success is failed.
[ERROR] 05-10-2024 15:33:41 [main] Log - org.openqa.selenium.NoSuchElementException: no such element: Unable to locate element: {"method":"xpath","selector":"(//i[@class='las la-edit'])[1]"}
  (Session info: chrome=129.0.6668.90)
For documentation on this error, please visit: https://www.selenium.dev/documentation/webdriver/troubleshooting/errors#no-such-element-exception
Build info: version: '4.24.0', revision: '748ffc9bc3'
System info: os.name: 'Windows 10', os.arch: 'amd64', os.version: '10.0', java.version: '11.0.20'
Driver info: org.openqa.selenium.chrome.ChromeDriver
Command: [0882f4f61bc9777a2e385529d5e844a3, findElement {value=(//i[@class='las la-edit'])[1], using=xpath}]
Capabilities {acceptInsecureCerts: false, browserName: chrome, browserVersion: 129.0.6668.90, chrome: {chromedriverVersion: 129.0.6668.89 (951c0b97221f..., userDataDir: C:\Users\Admin\AppData\Loca...}, fedcm:accounts: true, goog:chromeOptions: {debuggerAddress: localhost:63208}, networkConnectionEnabled: false, pageLoadStrategy: normal, platformName: windows, proxy: Proxy(), se:cdp: ws://localhost:63208/devtoo..., se:cdpVersion: 129.0.6668.90, setWindowRect: true, strictFileInteractability: false, timeouts: {implicit: 0, pageLoad: 300000, script: 30000}, unhandledPromptBehavior: dismiss and notify, webauthn:extension:credBlob: true, webauthn:extension:largeBlob: true, webauthn:extension:minPinLength: true, webauthn:extension:prf: true, webauthn:virtualAuthenticators: true}
Session ID: 0882f4f61bc9777a2e385529d5e844a3
[INFO] 05-10-2024 15:33:41 [main] Log - End testing AddNewCategory
[INFO] 05-10-2024 15:37:53 [main] Log - #########################################
[INFO] 05-10-2024 15:37:55 [main] Log - #########################################
[INFO] 05-10-2024 15:37:55 [main] Log - Running test case AddNewCategory_Success
[INFO] 05-10-2024 15:37:58 [main] Log - Click element:By.xpath: //span[normalize-space()='Products']
[INFO] 05-10-2024 15:37:58 [main] Log - Click element:By.xpath: //span[normalize-space()='Category']
[INFO] 05-10-2024 15:38:00 [main] Log - Click element:By.xpath: //span[normalize-space()='Add New category']
[INFO] 05-10-2024 15:38:00 [main] Log - Send text N??c gi?i kh·t to element By.xpath: //input[@id='name']
[INFO] 05-10-2024 15:38:00 [main] Log - Click element:By.xpath: //label[text()='Parent Category']/following-sibling::div//button
[INFO] 05-10-2024 15:38:00 [main] Log - Send text Cake to element By.xpath: //label[text()='Parent Category']/following-sibling::div//input
[INFO] 05-10-2024 15:38:00 [main] Log - Send text 100 to element By.xpath: //label[normalize-space()='Ordering Number']/following-sibling::div//input
[INFO] 05-10-2024 15:38:00 [main] Log - Click element:By.xpath: //label[normalize-space()='Type']/following-sibling::div//button
[INFO] 05-10-2024 15:38:00 [main] Log - Click element://span[normalize-space()='Physical']
[INFO] 05-10-2024 15:38:00 [main] Log - Click element:By.xpath: //label[contains(text(),'Banner')]/following-sibling::div//div[text()='Choose File']
[INFO] 05-10-2024 15:38:00 [main] Log - Send text car to element By.xpath: //input[@placeholder='Search your files']
[INFO] 05-10-2024 15:38:01 [main] Log - Sleeping within 1 seconds to waiting
[INFO] 05-10-2024 15:38:02 [main] Log - Click element:By.xpath: //div[@class='aiz-file-box-wrap'][1]
[INFO] 05-10-2024 15:38:02 [main] Log - Click element:By.xpath: //button[text()='Add Files']
[INFO] 05-10-2024 15:38:02 [main] Log - Click element:By.xpath: //label[contains(text(),'Icon')]/following-sibling::div//div[text()='Choose File']
[INFO] 05-10-2024 15:38:02 [main] Log - Send text car to element By.xpath: //input[@placeholder='Search your files']
[INFO] 05-10-2024 15:38:03 [main] Log - Sleeping within 1 seconds to waiting
[INFO] 05-10-2024 15:38:03 [main] Log - Click element:By.xpath: //div[@class='aiz-file-box-wrap'][1]
[INFO] 05-10-2024 15:38:03 [main] Log - Click element:By.xpath: //button[text()='Add Files']
[INFO] 05-10-2024 15:38:03 [main] Log - Send text N??c ng?t cÛ gas CocaCola to element By.xpath: //input[@name='meta_title']
[INFO] 05-10-2024 15:38:04 [main] Log - Send text N??c ng?t cÛ gas CocaCola to element By.xpath: //textarea[@name='meta_description']
[INFO] 05-10-2024 15:38:04 [main] Log - Click element:By.xpath: //label[text()='Filtering Attributes']/following-sibling::div//button
[INFO] 05-10-2024 15:38:04 [main] Log - Send text Size to element By.xpath: //label[text()='Filtering Attributes']/following-sibling::div//input
[INFO] 05-10-2024 15:38:04 [main] Log - Click element:By.xpath: //button[normalize-space()='Save']
[INFO] 05-10-2024 15:38:06 [main] Log - Sleeping within 1 seconds to waiting
[INFO] 05-10-2024 15:38:06 [main] Log - Send text N??c gi?i kh·t to element By.xpath: //input[@id='search']
[INFO] 05-10-2024 15:38:08 [main] Log - Sleeping within 2 seconds to waiting
[INFO] 05-10-2024 15:38:08 [main] Log - Test case AddNewCategory_Success is passed.
[INFO] 05-10-2024 15:38:09 [main] Log - #########################################
[INFO] 05-10-2024 15:38:09 [main] Log - Running test case EditCategory_Success
[INFO] 05-10-2024 15:38:12 [main] Log - Click element:By.xpath: //span[normalize-space()='Products']
[INFO] 05-10-2024 15:38:13 [main] Log - Click element:By.xpath: //span[normalize-space()='Category']
[INFO] 05-10-2024 15:38:13 [main] Log - Send text Th˙ nh?i bÙng to element By.xpath: //input[@id='search']
[INFO] 05-10-2024 15:38:15 [main] Log - Sleeping within 2 seconds to waiting
[INFO] 05-10-2024 15:38:17 [main] Log - Sleeping within 2 seconds to waiting
[ERROR] 05-10-2024 15:38:28 [main] Log - Test case EditCategory_Success is failed.
[ERROR] 05-10-2024 15:38:28 [main] Log - org.openqa.selenium.NoSuchElementException: no such element: Unable to locate element: {"method":"xpath","selector":"(//i[@class='las la-edit'])[1]"}
  (Session info: chrome=129.0.6668.90)
For documentation on this error, please visit: https://www.selenium.dev/documentation/webdriver/troubleshooting/errors#no-such-element-exception
Build info: version: '4.24.0', revision: '748ffc9bc3'
System info: os.name: 'Windows 10', os.arch: 'amd64', os.version: '10.0', java.version: '11.0.20'
Driver info: org.openqa.selenium.chrome.ChromeDriver
Command: [aab37a8af5de8ac03f5e6f754f5abf19, findElement {value=(//i[@class='las la-edit'])[1], using=xpath}]
Capabilities {acceptInsecureCerts: false, browserName: chrome, browserVersion: 129.0.6668.90, chrome: {chromedriverVersion: 129.0.6668.89 (951c0b97221f..., userDataDir: C:\Users\Admin\AppData\Loca...}, fedcm:accounts: true, goog:chromeOptions: {debuggerAddress: localhost:63310}, networkConnectionEnabled: false, pageLoadStrategy: normal, platformName: windows, proxy: Proxy(), se:cdp: ws://localhost:63310/devtoo..., se:cdpVersion: 129.0.6668.90, setWindowRect: true, strictFileInteractability: false, timeouts: {implicit: 0, pageLoad: 300000, script: 30000}, unhandledPromptBehavior: dismiss and notify, webauthn:extension:credBlob: true, webauthn:extension:largeBlob: true, webauthn:extension:minPinLength: true, webauthn:extension:prf: true, webauthn:virtualAuthenticators: true}
Session ID: aab37a8af5de8ac03f5e6f754f5abf19
[INFO] 05-10-2024 15:38:28 [main] Log - End testing AddNewCategory
[INFO] 05-10-2024 15:52:56 [main] Log - #########################################
[INFO] 05-10-2024 15:52:59 [main] Log - #########################################
[INFO] 05-10-2024 15:52:59 [main] Log - Running test case AddNewCategory_Success
[INFO] 05-10-2024 15:53:02 [main] Log - Click element:By.xpath: //span[normalize-space()='Products']
[INFO] 05-10-2024 15:53:04 [main] Log - Click element:By.xpath: //span[normalize-space()='Category']
[INFO] 05-10-2024 15:53:06 [main] Log - Click element:By.xpath: //span[normalize-space()='Add New category']
[INFO] 05-10-2024 15:53:06 [main] Log - Send text N??c gi?i kh·t to element By.xpath: //input[@id='name']
[INFO] 05-10-2024 15:53:06 [main] Log - Click element:By.xpath: //label[text()='Parent Category']/following-sibling::div//button
[INFO] 05-10-2024 15:53:06 [main] Log - Send text Cake to element By.xpath: //label[text()='Parent Category']/following-sibling::div//input
[INFO] 05-10-2024 15:53:06 [main] Log - Send text 100 to element By.xpath: //label[normalize-space()='Ordering Number']/following-sibling::div//input
[INFO] 05-10-2024 15:53:06 [main] Log - Click element:By.xpath: //label[normalize-space()='Type']/following-sibling::div//button
[INFO] 05-10-2024 15:53:06 [main] Log - Click element://span[normalize-space()='Physical']
[INFO] 05-10-2024 15:53:06 [main] Log - Click element:By.xpath: //label[contains(text(),'Banner')]/following-sibling::div//div[text()='Choose File']
[INFO] 05-10-2024 15:53:07 [main] Log - Send text car to element By.xpath: //input[@placeholder='Search your files']
[INFO] 05-10-2024 15:53:08 [main] Log - Sleeping within 1 seconds to waiting
[INFO] 05-10-2024 15:53:08 [main] Log - Click element:By.xpath: //div[@class='aiz-file-box-wrap'][1]
[INFO] 05-10-2024 15:53:08 [main] Log - Click element:By.xpath: //button[text()='Add Files']
[INFO] 05-10-2024 15:53:08 [main] Log - Click element:By.xpath: //label[contains(text(),'Icon')]/following-sibling::div//div[text()='Choose File']
[INFO] 05-10-2024 15:53:08 [main] Log - Send text car to element By.xpath: //input[@placeholder='Search your files']
[INFO] 05-10-2024 15:53:09 [main] Log - Sleeping within 1 seconds to waiting
[INFO] 05-10-2024 15:53:09 [main] Log - Click element:By.xpath: //div[@class='aiz-file-box-wrap'][1]
[INFO] 05-10-2024 15:53:09 [main] Log - Click element:By.xpath: //button[text()='Add Files']
[INFO] 05-10-2024 15:53:09 [main] Log - Send text N??c ng?t cÛ gas CocaCola to element By.xpath: //input[@name='meta_title']
[INFO] 05-10-2024 15:53:09 [main] Log - Send text N??c ng?t cÛ gas CocaCola to element By.xpath: //textarea[@name='meta_description']
[INFO] 05-10-2024 15:53:09 [main] Log - Click element:By.xpath: //label[text()='Filtering Attributes']/following-sibling::div//button
[INFO] 05-10-2024 15:53:10 [main] Log - Send text Size to element By.xpath: //label[text()='Filtering Attributes']/following-sibling::div//input
[INFO] 05-10-2024 15:53:10 [main] Log - Click element:By.xpath: //button[normalize-space()='Save']
[INFO] 05-10-2024 15:53:11 [main] Log - Sleeping within 1 seconds to waiting
[INFO] 05-10-2024 15:53:11 [main] Log - Send text N??c gi?i kh·t to element By.xpath: //input[@id='search']
[INFO] 05-10-2024 15:53:14 [main] Log - Sleeping within 2 seconds to waiting
[INFO] 05-10-2024 15:53:14 [main] Log - Test case AddNewCategory_Success is passed.
[ERROR] 05-10-2024 15:53:14 [main] Log - Test case EditCategory_Success is failed.
[ERROR] 05-10-2024 15:53:14 [main] Log - org.testng.TestNGException: 
Method EditCategory_Success requires 1 parameters but 2 were supplied in the @Test annotation.
[INFO] 05-10-2024 15:53:14 [main] Log - End testing AddNewCategory
[INFO] 05-10-2024 15:53:47 [main] Log - #########################################
[INFO] 05-10-2024 15:53:48 [main] Log - #########################################
[INFO] 05-10-2024 15:53:48 [main] Log - Running test case AddNewCategory_Success
[INFO] 05-10-2024 15:53:52 [main] Log - Click element:By.xpath: //span[normalize-space()='Products']
[INFO] 05-10-2024 15:53:53 [main] Log - Click element:By.xpath: //span[normalize-space()='Category']
[INFO] 05-10-2024 15:53:54 [main] Log - Click element:By.xpath: //span[normalize-space()='Add New category']
[INFO] 05-10-2024 15:53:54 [main] Log - Send text N??c gi?i kh·t to element By.xpath: //input[@id='name']
[INFO] 05-10-2024 15:53:54 [main] Log - Click element:By.xpath: //label[text()='Parent Category']/following-sibling::div//button
[INFO] 05-10-2024 15:53:55 [main] Log - Send text Cake to element By.xpath: //label[text()='Parent Category']/following-sibling::div//input
[INFO] 05-10-2024 15:53:55 [main] Log - Send text 100 to element By.xpath: //label[normalize-space()='Ordering Number']/following-sibling::div//input
[INFO] 05-10-2024 15:53:55 [main] Log - Click element:By.xpath: //label[normalize-space()='Type']/following-sibling::div//button
[INFO] 05-10-2024 15:53:55 [main] Log - Click element://span[normalize-space()='Physical']
[INFO] 05-10-2024 15:53:55 [main] Log - Click element:By.xpath: //label[contains(text(),'Banner')]/following-sibling::div//div[text()='Choose File']
[INFO] 05-10-2024 15:53:55 [main] Log - Send text car to element By.xpath: //input[@placeholder='Search your files']
[INFO] 05-10-2024 15:53:56 [main] Log - Sleeping within 1 seconds to waiting
[INFO] 05-10-2024 15:53:56 [main] Log - Click element:By.xpath: //div[@class='aiz-file-box-wrap'][1]
[INFO] 05-10-2024 15:53:56 [main] Log - Click element:By.xpath: //button[text()='Add Files']
[INFO] 05-10-2024 15:53:56 [main] Log - Click element:By.xpath: //label[contains(text(),'Icon')]/following-sibling::div//div[text()='Choose File']
[INFO] 05-10-2024 15:53:57 [main] Log - Send text car to element By.xpath: //input[@placeholder='Search your files']
[INFO] 05-10-2024 15:53:58 [main] Log - Sleeping within 1 seconds to waiting
[INFO] 05-10-2024 15:53:58 [main] Log - Click element:By.xpath: //div[@class='aiz-file-box-wrap'][1]
[INFO] 05-10-2024 15:53:58 [main] Log - Click element:By.xpath: //button[text()='Add Files']
[INFO] 05-10-2024 15:53:58 [main] Log - Send text N??c ng?t cÛ gas CocaCola to element By.xpath: //input[@name='meta_title']
[INFO] 05-10-2024 15:53:58 [main] Log - Send text N??c ng?t cÛ gas CocaCola to element By.xpath: //textarea[@name='meta_description']
[INFO] 05-10-2024 15:53:58 [main] Log - Click element:By.xpath: //label[text()='Filtering Attributes']/following-sibling::div//button
[INFO] 05-10-2024 15:53:58 [main] Log - Send text Size to element By.xpath: //label[text()='Filtering Attributes']/following-sibling::div//input
[INFO] 05-10-2024 15:53:59 [main] Log - Click element:By.xpath: //button[normalize-space()='Save']
[INFO] 05-10-2024 15:54:00 [main] Log - Sleeping within 1 seconds to waiting
[INFO] 05-10-2024 15:54:00 [main] Log - Send text N??c gi?i kh·t to element By.xpath: //input[@id='search']
[INFO] 05-10-2024 15:54:03 [main] Log - Sleeping within 2 seconds to waiting
[INFO] 05-10-2024 15:54:03 [main] Log - Test case AddNewCategory_Success is passed.
[INFO] 05-10-2024 15:54:04 [main] Log - #########################################
[INFO] 05-10-2024 15:54:04 [main] Log - Running test case EditCategory_Success
[INFO] 05-10-2024 15:54:08 [main] Log - Click element:By.xpath: //span[normalize-space()='Products']
[INFO] 05-10-2024 15:54:09 [main] Log - Click element:By.xpath: //span[normalize-space()='Category']
[INFO] 05-10-2024 15:54:09 [main] Log - Send text N??c gi?i kh·t to element By.xpath: //input[@id='search']
[INFO] 05-10-2024 15:54:12 [main] Log - Sleeping within 2 seconds to waiting
[INFO] 05-10-2024 15:54:14 [main] Log - Sleeping within 2 seconds to waiting
[INFO] 05-10-2024 15:54:15 [main] Log - Click element:By.xpath: (//i[@class='las la-edit'])[1]
[INFO] 05-10-2024 15:54:15 [main] Log - Send text G?u bÙng Labubu to element By.xpath: //input[@id='name']
[INFO] 05-10-2024 15:54:18 [main] Log - Click element:By.xpath: //button[normalize-space()='Save']
[INFO] 05-10-2024 15:54:19 [main] Log - Test case EditCategory_Success is passed.
[INFO] 05-10-2024 15:54:20 [main] Log - #########################################
[INFO] 05-10-2024 15:54:20 [main] Log - Running test case deleteCategory_success
[INFO] 05-10-2024 15:54:22 [main] Log - Click element:By.xpath: //span[normalize-space()='Products']
[INFO] 05-10-2024 15:54:23 [main] Log - Click element:By.xpath: //span[normalize-space()='Category']
[INFO] 05-10-2024 15:54:23 [main] Log - Send text N??c gi?i kh·t to element By.xpath: //input[@id='search']
[INFO] 05-10-2024 15:54:25 [main] Log - Sleeping within 2 seconds to waiting
[INFO] 05-10-2024 15:54:27 [main] Log - Sleeping within 2 seconds to waiting
[INFO] 05-10-2024 15:54:27 [main] Log - Click element:By.xpath: //tbody/tr[1]/td/following-sibling::*/a[@title='Delete']
[INFO] 05-10-2024 15:54:28 [main] Log - Click element:By.xpath: //a[normalize-space()='Delete'][1]
[ERROR] 05-10-2024 15:54:28 [main] Log - Test case deleteCategory_success is failed.
[ERROR] 05-10-2024 15:54:28 [main] Log - java.lang.AssertionError: content message khÙng chÌnh x·c expected [Category has been deleted] but found [Category has been deleted successfully]
[INFO] 05-10-2024 15:54:29 [main] Log - End testing AddNewCategory
[INFO] 05-10-2024 15:56:56 [main] Log - #########################################
[INFO] 05-10-2024 15:56:57 [main] Log - #########################################
[INFO] 05-10-2024 15:56:57 [main] Log - Running test case AddNewCategory_Success
[INFO] 05-10-2024 15:57:00 [main] Log - Click element:By.xpath: //span[normalize-space()='Products']
[INFO] 05-10-2024 15:57:01 [main] Log - Click element:By.xpath: //span[normalize-space()='Category']
[INFO] 05-10-2024 15:57:02 [main] Log - Click element:By.xpath: //span[normalize-space()='Add New category']
[INFO] 05-10-2024 15:57:02 [main] Log - Send text N??c ng?t cÛ gas to element By.xpath: //input[@id='name']
[INFO] 05-10-2024 15:57:02 [main] Log - Click element:By.xpath: //label[text()='Parent Category']/following-sibling::div//button
[INFO] 05-10-2024 15:57:02 [main] Log - Send text Cake to element By.xpath: //label[text()='Parent Category']/following-sibling::div//input
[INFO] 05-10-2024 15:57:02 [main] Log - Send text 100 to element By.xpath: //label[normalize-space()='Ordering Number']/following-sibling::div//input
[INFO] 05-10-2024 15:57:02 [main] Log - Click element:By.xpath: //label[normalize-space()='Type']/following-sibling::div//button
[INFO] 05-10-2024 15:57:02 [main] Log - Click element://span[normalize-space()='Physical']
[INFO] 05-10-2024 15:57:03 [main] Log - Click element:By.xpath: //label[contains(text(),'Banner')]/following-sibling::div//div[text()='Choose File']
[INFO] 05-10-2024 15:57:03 [main] Log - Send text car to element By.xpath: //input[@placeholder='Search your files']
[INFO] 05-10-2024 15:57:04 [main] Log - Sleeping within 1 seconds to waiting
[INFO] 05-10-2024 15:57:04 [main] Log - Click element:By.xpath: //div[@class='aiz-file-box-wrap'][1]
[INFO] 05-10-2024 15:57:04 [main] Log - Click element:By.xpath: //button[text()='Add Files']
[INFO] 05-10-2024 15:57:04 [main] Log - Click element:By.xpath: //label[contains(text(),'Icon')]/following-sibling::div//div[text()='Choose File']
[INFO] 05-10-2024 15:57:05 [main] Log - Send text car to element By.xpath: //input[@placeholder='Search your files']
[INFO] 05-10-2024 15:57:06 [main] Log - Sleeping within 1 seconds to waiting
[INFO] 05-10-2024 15:57:06 [main] Log - Click element:By.xpath: //div[@class='aiz-file-box-wrap'][1]
[INFO] 05-10-2024 15:57:06 [main] Log - Click element:By.xpath: //button[text()='Add Files']
[INFO] 05-10-2024 15:57:06 [main] Log - Send text N??c ng?t cÛ gas CocaCola to element By.xpath: //input[@name='meta_title']
[INFO] 05-10-2024 15:57:06 [main] Log - Send text N??c ng?t cÛ gas CocaCola to element By.xpath: //textarea[@name='meta_description']
[INFO] 05-10-2024 15:57:06 [main] Log - Click element:By.xpath: //label[text()='Filtering Attributes']/following-sibling::div//button
[INFO] 05-10-2024 15:57:06 [main] Log - Send text Size to element By.xpath: //label[text()='Filtering Attributes']/following-sibling::div//input
[INFO] 05-10-2024 15:57:07 [main] Log - Click element:By.xpath: //button[normalize-space()='Save']
[INFO] 05-10-2024 15:57:08 [main] Log - Sleeping within 1 seconds to waiting
[INFO] 05-10-2024 15:57:08 [main] Log - Send text N??c ng?t cÛ gas to element By.xpath: //input[@id='search']
[INFO] 05-10-2024 15:57:10 [main] Log - Sleeping within 2 seconds to waiting
[INFO] 05-10-2024 15:57:10 [main] Log - Test case AddNewCategory_Success is passed.
[INFO] 05-10-2024 15:57:11 [main] Log - #########################################
[INFO] 05-10-2024 15:57:11 [main] Log - Running test case EditCategory_Success
[INFO] 05-10-2024 15:57:14 [main] Log - Click element:By.xpath: //span[normalize-space()='Products']
[INFO] 05-10-2024 15:57:15 [main] Log - Click element:By.xpath: //span[normalize-space()='Category']
[INFO] 05-10-2024 15:57:15 [main] Log - Send text N??c ng?t cÛ gas to element By.xpath: //input[@id='search']
[INFO] 05-10-2024 15:57:17 [main] Log - Sleeping within 2 seconds to waiting
[INFO] 05-10-2024 15:57:19 [main] Log - Sleeping within 2 seconds to waiting
[INFO] 05-10-2024 15:57:20 [main] Log - Click element:By.xpath: (//i[@class='las la-edit'])[1]
[INFO] 05-10-2024 15:57:22 [main] Log - Click element:By.xpath: //button[normalize-space()='Save']
[INFO] 05-10-2024 15:57:23 [main] Log - Test case EditCategory_Success is passed.
[INFO] 05-10-2024 15:57:25 [main] Log - #########################################
[INFO] 05-10-2024 15:57:25 [main] Log - Running test case deleteCategory_success
[INFO] 05-10-2024 15:57:27 [main] Log - Click element:By.xpath: //span[normalize-space()='Products']
[INFO] 05-10-2024 15:57:28 [main] Log - Click element:By.xpath: //span[normalize-space()='Category']
[INFO] 05-10-2024 15:57:28 [main] Log - Send text N??c ng?t cÛ gas to element By.xpath: //input[@id='search']
[INFO] 05-10-2024 15:57:30 [main] Log - Sleeping within 2 seconds to waiting
[INFO] 05-10-2024 15:57:32 [main] Log - Sleeping within 2 seconds to waiting
[INFO] 05-10-2024 15:57:32 [main] Log - Click element:By.xpath: //tbody/tr[1]/td/following-sibling::*/a[@title='Delete']
[INFO] 05-10-2024 15:57:33 [main] Log - Click element:By.xpath: //a[normalize-space()='Delete'][1]
[INFO] 05-10-2024 15:57:33 [main] Log - Test case deleteCategory_success is passed.
[INFO] 05-10-2024 15:57:33 [main] Log - End testing AddNewCategory
[INFO] 05-10-2024 16:02:26 [TestNG-tests-1] Log - #########################################
[INFO] 05-10-2024 16:02:28 [TestNG-tests-1] Log - #########################################
[INFO] 05-10-2024 16:02:28 [TestNG-tests-1] Log - Running test case LoginFailed_Empty
[INFO] 05-10-2024 16:02:30 [TestNG-tests-1] Log - Sleeping within 1 seconds to waiting
[INFO] 05-10-2024 16:02:30 [TestNG-tests-1] Log - Test case LoginFailed_Empty is passed.
[INFO] 05-10-2024 16:02:31 [TestNG-tests-1] Log - #########################################
[INFO] 05-10-2024 16:02:31 [TestNG-tests-1] Log - Running test case LoginFailed_Empty
[INFO] 05-10-2024 16:02:33 [TestNG-tests-1] Log - Sleeping within 1 seconds to waiting
[INFO] 05-10-2024 16:02:33 [TestNG-tests-1] Log - Test case LoginFailed_Empty is passed.
[INFO] 05-10-2024 16:02:35 [TestNG-tests-1] Log - #########################################
[INFO] 05-10-2024 16:02:35 [TestNG-tests-1] Log - Running test case LoginFailed_Empty
[INFO] 05-10-2024 16:02:37 [TestNG-tests-1] Log - Sleeping within 1 seconds to waiting
[INFO] 05-10-2024 16:02:37 [TestNG-tests-1] Log - Test case LoginFailed_Empty is passed.
[INFO] 05-10-2024 16:02:38 [TestNG-tests-1] Log - #########################################
[INFO] 05-10-2024 16:02:38 [TestNG-tests-1] Log - Running test case LoginFailed_inValidPassword
[INFO] 05-10-2024 16:02:41 [TestNG-tests-1] Log - Sleeping within 1 seconds to waiting
[INFO] 05-10-2024 16:02:41 [TestNG-tests-1] Log - Test case LoginFailed_inValidPassword is passed.
[INFO] 05-10-2024 16:02:42 [TestNG-tests-1] Log - #########################################
[INFO] 05-10-2024 16:02:42 [TestNG-tests-1] Log - Running test case LoginFailed_inValidPassword
[INFO] 05-10-2024 16:02:45 [TestNG-tests-1] Log - Sleeping within 1 seconds to waiting
[INFO] 05-10-2024 16:02:45 [TestNG-tests-1] Log - Test case LoginFailed_inValidPassword is passed.
[INFO] 05-10-2024 16:02:46 [TestNG-tests-1] Log - #########################################
[INFO] 05-10-2024 16:02:46 [TestNG-tests-1] Log - Running test case LoginFailed_inValidPassword
[INFO] 05-10-2024 16:02:49 [TestNG-tests-1] Log - Sleeping within 1 seconds to waiting
[INFO] 05-10-2024 16:02:49 [TestNG-tests-1] Log - Test case LoginFailed_inValidPassword is passed.
[INFO] 05-10-2024 16:02:50 [TestNG-tests-1] Log - #########################################
[INFO] 05-10-2024 16:02:50 [TestNG-tests-1] Log - Running test case LoginSuccess
[INFO] 05-10-2024 16:02:52 [TestNG-tests-1] Log - Test case LoginSuccess is passed.
[INFO] 05-10-2024 16:02:53 [TestNG-tests-1] Log - End testing Login
[INFO] 05-10-2024 16:13:23 [main] Log - #########################################
[INFO] 05-10-2024 16:13:25 [main] Log - #########################################
[INFO] 05-10-2024 16:13:25 [main] Log - Running test case AddNewProduct_Success_WithColors
[INFO] 05-10-2024 16:13:28 [main] Log - Click element:By.xpath: //span[normalize-space()='Products']
[INFO] 05-10-2024 16:13:29 [main] Log - Click element:By.xpath: //span[normalize-space()='Add New Product']
[INFO] 05-10-2024 16:13:29 [main] Log - Send text B·nh t·o ˙c nh?p kh?u to element By.xpath: //label[contains(text(),'Product Name')]/following-sibling::div/input
[INFO] 05-10-2024 16:13:29 [main] Log - Click element:By.xpath: //label[contains(text(),'Category')]/following-sibling::div//button
[INFO] 05-10-2024 16:13:30 [main] Log - Send text Gi? b·nh k?o to element By.xpath: //label[contains(text(),'Category')]/following-sibling::div//input
[INFO] 05-10-2024 16:13:30 [main] Log - Select value Gi? b·nh k?o from dropdown By.xpath: //label[contains(text(),'Category')]/following-sibling::div//button
[INFO] 05-10-2024 16:13:30 [main] Log - Click element:By.xpath: //label[contains(text(),'Brand')]/following-sibling::div//button
[INFO] 05-10-2024 16:13:30 [main] Log - Send text san pham to element By.xpath: //label[contains(text(),'Brand')]/following-sibling::div//input
[INFO] 05-10-2024 16:13:30 [main] Log - Select value san pham from dropdown By.xpath: //label[contains(text(),'Brand')]/following-sibling::div//button
[INFO] 05-10-2024 16:13:30 [main] Log - Send text H?p to element By.xpath: //label[contains(text(),'Unit')]/following-sibling::div/input
[INFO] 05-10-2024 16:13:30 [main] Log - Send text 10 to element By.xpath: //label[contains(text(),'Weight')]/following-sibling::div/input
[INFO] 05-10-2024 16:13:30 [main] Log - Send text 100 to element By.xpath: //label[contains(text(),'Minimum Purchase Qty')]/following-sibling::div/input
[INFO] 05-10-2024 16:13:32 [main] Log - Sleeping within 2 seconds to waiting
[INFO] 05-10-2024 16:13:32 [main] Log - Scroll screen to element: By.xpath: //span[@role='textbox']
[INFO] 05-10-2024 16:13:32 [main] Log - Send text B·nh t·o to element By.xpath: //span[@role='textbox']
[INFO] 05-10-2024 16:13:32 [main] Log - Send text B·nh nh?p kh?u to element By.xpath: //span[@role='textbox']
[INFO] 05-10-2024 16:13:32 [main] Log - Send text ⁄c to element By.xpath: //span[@role='textbox']
[INFO] 05-10-2024 16:13:32 [main] Log - Scroll screen to element: By.xpath: //h5[normalize-space()='Product Variation']
[INFO] 05-10-2024 16:13:32 [main] Log - Click element:By.xpath: //input[@name='colors_active']/following-sibling::span
[INFO] 05-10-2024 16:13:32 [main] Log - Click element://select[@id='colors']/following-sibling::button
[INFO] 05-10-2024 16:13:33 [main] Log - Send text Yellow to element //select[@id='colors']/following-sibling::div//input
[INFO] 05-10-2024 16:13:33 [main] Log - Click element://select[@id='colors']/following-sibling::div//span[text()='Yellow']
[INFO] 05-10-2024 16:13:33 [main] Log - Send text Blue to element //select[@id='colors']/following-sibling::div//input
[INFO] 05-10-2024 16:13:33 [main] Log - Click element://select[@id='colors']/following-sibling::div//span[text()='Blue']
[INFO] 05-10-2024 16:13:34 [main] Log - Send text Red to element //select[@id='colors']/following-sibling::div//input
[INFO] 05-10-2024 16:13:34 [main] Log - Click element://select[@id='colors']/following-sibling::div//span[text()='Red']
[INFO] 05-10-2024 16:13:34 [main] Log - Click element://select[@id='colors']/following-sibling::button
[INFO] 05-10-2024 16:13:34 [main] Log - Select value [Yellow, Blue, Red] from dropdown //select[@id='colors']
[INFO] 05-10-2024 16:13:34 [main] Log - Scroll screen to element: By.xpath: //h5[normalize-space()='Product price + stock']
[INFO] 05-10-2024 16:13:34 [main] Log - Send text 89000000 to element By.xpath: //label[contains(text(),'Unit price')]/following-sibling::div/input
[INFO] 05-10-2024 16:13:34 [main] Log - Send text 10 to element By.xpath: //h5[normalize-space()='Product price + stock']/following::input[@name='discount']
[INFO] 05-10-2024 16:13:34 [main] Log - Scroll screen to element: By.xpath: //button[normalize-space()='Save & Unpublish']
[INFO] 05-10-2024 16:13:35 [main] Log - Click element:By.xpath: //button[normalize-space()='Save & Unpublish']
[INFO] 05-10-2024 16:13:35 [main] Log - Test case AddNewProduct_Success_WithColors is passed.
[INFO] 05-10-2024 16:13:36 [main] Log - End testing AddNewProduct
