<?xml version="1.0" encoding="UTF-8"?>
<testsuite xmlns:xsi="http://www.w3.org/2001/XMLSchema-instance" xsi:noNamespaceSchemaLocation="https://maven.apache.org/surefire/maven-surefire-plugin/xsd/surefire-test-report.xsd" version="3.0.2" name="TestSuite" time="13.279" tests="1" errors="0" skipped="0" failures="0">
  <properties>
[...]
</properties>
  <testcase name="AddNewProduct_Success_WithColors[Bánh táo úc nhập khẩu, Giỏ bánh kẹo, san pham, Hộp, 10, 100, [Bánh táo, Bánh nhập khẩu, Úc], [Yellow, Blue, Red], [22, 23], 89000000, 10, 100](1)" classname="huong.test.Test.AddNewProductTest" time="10.433">
    <system-out><![CDATA[[INFO] 05-10-2024 16:13:23 [main] Log - #########################################
create driver success
[INFO] 05-10-2024 16:13:25 [main] Log - #########################################
[INFO] 05-10-2024 16:13:25 [main] Log - Running test case AddNewProduct_Success_WithColors
[INFO] 05-10-2024 16:13:28 [main] Log - Click element:By.xpath: //span[normalize-space()='Products']
[INFO] 05-10-2024 16:13:29 [main] Log - Click element:By.xpath: //span[normalize-space()='Add New Product']
Verify stay in success
[INFO] 05-10-2024 16:13:29 [main] Log - Send text Bánh táo úc nh?p kh?u to element By.xpath: //label[contains(text(),'Product Name')]/following-sibling::div/input
[INFO] 05-10-2024 16:13:29 [main] Log - Click element:By.xpath: //label[contains(text(),'Category')]/following-sibling::div//button
[INFO] 05-10-2024 16:13:30 [main] Log - Send text Gi? bánh k?o to element By.xpath: //label[contains(text(),'Category')]/following-sibling::div//input
[INFO] 05-10-2024 16:13:30 [main] Log - Select value Gi? bánh k?o from dropdown By.xpath: //label[contains(text(),'Category')]/following-sibling::div//button
[INFO] 05-10-2024 16:13:30 [main] Log - Click element:By.xpath: //label[contains(text(),'Brand')]/following-sibling::div//button
[INFO] 05-10-2024 16:13:30 [main] Log - Send text san pham to element By.xpath: //label[contains(text(),'Brand')]/following-sibling::div//input
[INFO] 05-10-2024 16:13:30 [main] Log - Select value san pham from dropdown By.xpath: //label[contains(text(),'Brand')]/following-sibling::div//button
[INFO] 05-10-2024 16:13:30 [main] Log - Send text H?p to element By.xpath: //label[contains(text(),'Unit')]/following-sibling::div/input
[INFO] 05-10-2024 16:13:30 [main] Log - Send text 10 to element By.xpath: //label[contains(text(),'Weight')]/following-sibling::div/input
[INFO] 05-10-2024 16:13:30 [main] Log - Send text 100 to element By.xpath: //label[contains(text(),'Minimum Purchase Qty')]/following-sibling::div/input
[INFO] 05-10-2024 16:13:32 [main] Log - Sleeping within 2 seconds to waiting
[INFO] 05-10-2024 16:13:32 [main] Log - Scroll screen to element: By.xpath: //span[@role='textbox']
[INFO] 05-10-2024 16:13:32 [main] Log - Send text Bánh táo to element By.xpath: //span[@role='textbox']
Bánh táo
[INFO] 05-10-2024 16:13:32 [main] Log - Send text Bánh nh?p kh?u to element By.xpath: //span[@role='textbox']
Bánh nhập khẩu
[INFO] 05-10-2024 16:13:32 [main] Log - Send text Úc to element By.xpath: //span[@role='textbox']
Úc
input success
Scroll success
[INFO] 05-10-2024 16:13:32 [main] Log - Scroll screen to element: By.xpath: //h5[normalize-space()='Product Variation']
[INFO] 05-10-2024 16:13:32 [main] Log - Click element:By.xpath: //input[@name='colors_active']/following-sibling::span
[INFO] 05-10-2024 16:13:32 [main] Log - Click element://select[@id='colors']/following-sibling::button
[INFO] 05-10-2024 16:13:33 [main] Log - Send text Yellow to element //select[@id='colors']/following-sibling::div//input
[INFO] 05-10-2024 16:13:33 [main] Log - Click element://select[@id='colors']/following-sibling::div//span[text()='Yellow']
[INFO] 05-10-2024 16:13:33 [main] Log - Send text Blue to element //select[@id='colors']/following-sibling::div//input
[INFO] 05-10-2024 16:13:33 [main] Log - Click element://select[@id='colors']/following-sibling::div//span[text()='Blue']
[INFO] 05-10-2024 16:13:34 [main] Log - Send text Red to element //select[@id='colors']/following-sibling::div//input
[INFO] 05-10-2024 16:13:34 [main] Log - Click element://select[@id='colors']/following-sibling::div//span[text()='Red']
[INFO] 05-10-2024 16:13:34 [main] Log - Click element://select[@id='colors']/following-sibling::button
[INFO] 05-10-2024 16:13:34 [main] Log - Select value [Yellow, Blue, Red] from dropdown //select[@id='colors']
Selected colors:3 items selected
Scroll success
[INFO] 05-10-2024 16:13:34 [main] Log - Scroll screen to element: By.xpath: //h5[normalize-space()='Product price + stock']
[INFO] 05-10-2024 16:13:34 [main] Log - Send text 89000000 to element By.xpath: //label[contains(text(),'Unit price')]/following-sibling::div/input
[INFO] 05-10-2024 16:13:34 [main] Log - Send text 10 to element By.xpath: //h5[normalize-space()='Product price + stock']/following::input[@name='discount']
input price and stock success
Scroll success
[INFO] 05-10-2024 16:13:34 [main] Log - Scroll screen to element: By.xpath: //button[normalize-space()='Save & Unpublish']
[INFO] 05-10-2024 16:13:35 [main] Log - Click element:By.xpath: //button[normalize-space()='Save & Unpublish']
click button save and unpublish success
]]></system-out>
    <system-err><![CDATA[thg 10 05, 2024 4:13:25 CH org.openqa.selenium.devtools.CdpVersionFinder findNearestMatch
WARNING: Unable to find an exact match for CDP version 129, returning the closest version; found: 128; Please update to a Selenium version that supports CDP version 129
]]></system-err>
  </testcase>
</testsuite>