<?xml version="1.0" encoding="UTF-8"?>
<testng-results ignored="0" total="1" passed="1" failed="0" skipped="0">
  <reporter-output>
  </reporter-output>
  <suite started-at="2024-10-05T16:13:23 GMT+07:00" name="Suite" finished-at="2024-10-05T16:13:36 GMT+07:00" duration-ms="12491">
    <groups>
    </groups>
    <test started-at="2024-10-05T16:13:23 GMT+07:00" name="AddNewProduct" finished-at="2024-10-05T16:13:36 GMT+07:00" duration-ms="12491">
      <class name="huong.test.Test.AddNewProductTest">
        <test-method is-config="true" signature="createDriver(java.lang.reflect.Method)[pri:0, instance:huong.test.Test.AddNewProductTest@2584b82d]" started-at="2024-10-05T16:13:23 GMT+07:00" name="createDriver" finished-at="2024-10-05T16:13:25 GMT+07:00" duration-ms="1342" status="PASS">
          <params>
            <param index="0">
              <value>
                <![CDATA[public void huong.test.Test.AddNewProductTest.AddNewProduct_Success_WithColors(java.lang.String,java.lang.String,java.lang.String,java.lang.String,java.lang.String,java.lang.String,java.util.ArrayList,java.util.ArrayList,java.util.ArrayList,java.lang.String,java.lang.String,java.lang.String)]]>
              </value>
            </param>
          </params>
          <reporter-output>
          </reporter-output>
        </test-method> <!-- createDriver -->
        <test-method signature="AddNewProduct_Success_WithColors(java.lang.String,java.lang.String,java.lang.String,java.lang.String,java.lang.String,java.lang.String,java.util.ArrayList,java.util.ArrayList,java.util.ArrayList,java.lang.String,java.lang.String,java.lang.String)[pri:0, instance:huong.test.Test.AddNewProductTest@2584b82d]" started-at="2024-10-05T16:13:25 GMT+07:00" name="AddNewProduct_Success_WithColors" data-provider="DataAddNewProduct" finished-at="2024-10-05T16:13:35 GMT+07:00" duration-ms="10593" status="PASS">
          <params>
            <param index="0">
              <value>
                <![CDATA[Bánh táo úc nhập khẩu]]>
              </value>
            </param>
            <param index="1">
              <value>
                <![CDATA[Giỏ bánh kẹo]]>
              </value>
            </param>
            <param index="2">
              <value>
                <![CDATA[san pham]]>
              </value>
            </param>
            <param index="3">
              <value>
                <![CDATA[Hộp]]>
              </value>
            </param>
            <param index="4">
              <value>
                <![CDATA[10]]>
              </value>
            </param>
            <param index="5">
              <value>
                <![CDATA[100]]>
              </value>
            </param>
            <param index="6">
              <value>
                <![CDATA[[Bánh táo, Bánh nhập khẩu, Úc]]]>
              </value>
            </param>
            <param index="7">
              <value>
                <![CDATA[[Yellow, Blue, Red]]]>
              </value>
            </param>
            <param index="8">
              <value>
                <![CDATA[[22, 23]]]>
              </value>
            </param>
            <param index="9">
              <value>
                <![CDATA[89000000]]>
              </value>
            </param>
            <param index="10">
              <value>
                <![CDATA[10]]>
              </value>
            </param>
            <param index="11">
              <value>
                <![CDATA[100]]>
              </value>
            </param>
          </params>
          <reporter-output>
          </reporter-output>
        </test-method> <!-- AddNewProduct_Success_WithColors -->
        <test-method is-config="true" signature="closeDriver(org.testng.ITestResult)[pri:0, instance:huong.test.Test.AddNewProductTest@2584b82d]" started-at="2024-10-05T16:13:35 GMT+07:00" name="closeDriver" finished-at="2024-10-05T16:13:36 GMT+07:00" duration-ms="247" status="PASS">
          <params>
            <param index="0">
              <value>
                <![CDATA[[TestResult name=AddNewProduct_Success_WithColors status=SUCCESS method=AddNewProductTest.AddNewProduct_Success_WithColors(java.lang.String,java.lang.String,java.lang.String,java.lang.String,java.lang.String,java.lang.String,java.util.ArrayList,java.util.ArrayList,java.util.ArrayList,java.lang.String,java.lang.String,java.lang.String)[pri:0, instance:huong.test.Test.AddNewProductTest@2584b82d] output={null}]]]>
              </value>
            </param>
          </params>
          <reporter-output>
          </reporter-output>
        </test-method> <!-- closeDriver -->
      </class> <!-- huong.test.Test.AddNewProductTest -->
    </test> <!-- AddNewProduct -->
  </suite> <!-- Suite -->
</testng-results>
