<?xml version="1.0" encoding="UTF-8"?>
<!-- Generated by org.testng.reporters.JUnitXMLReporter -->
<testsuite ignored="0" hostname="Admin-PC" failures="0" tests="7" name="Login" time="27.085" errors="0" timestamp="2024-10-05T16:02:53 GMT+07:00">
  <testcase classname="huong.test.Test.LoginTest" name="LoginFailed_Empty" time="2.494"/>
  <testcase classname="huong.test.Test.LoginTest" name="LoginFailed_Empty" time="2.158"/>
  <testcase classname="huong.test.Test.LoginTest" name="LoginFailed_Empty" time="2.217"/>
  <testcase classname="huong.test.Test.LoginTest" name="LoginFailed_inValidPassword" time="2.707"/>
  <testcase classname="huong.test.Test.LoginTest" name="LoginFailed_inValidPassword" time="2.867"/>
  <testcase classname="huong.test.Test.LoginTest" name="LoginFailed_inValidPassword" time="3.117"/>
  <testcase classname="huong.test.Test.LoginTest" name="LoginSuccess" time="2.197"/>
</testsuite> <!-- Login -->
